[0.144s] Invoking command in '/workspaces/isaac_ros-dev/build/qcar2_navigation': CMAKE_PREFIX_PATH=/workspaces/isaac_ros-dev/install/qcar2_interfaces:/workspaces/isaac_ros-dev/install/qcar2_nodes:/workspaces/isaac_ros-dev/install/qcar2_navigation:/workspaces/isaac_ros-dev/install/qcar2_controller:/opt/ros/humble PYTHONPATH=/workspaces/isaac_ros-dev/install/qcar2_interfaces/lib/python3.8/site-packages:/workspaces/isaac_ros-dev/install/qcar2_navigation/lib/python3.8/site-packages:/workspaces/isaac_ros-dev/install/qcar2_controller/lib/python3.8/site-packages:/opt/ros/humble/lib/python3.8/site-packages:/home/Quanser/libraries/python /usr/bin/cmake --build /workspaces/isaac_ros-dev/build/qcar2_navigation -- -j16 -l16
[0.177s] Built target ament_cmake_python_copy_qcar2_navigation
[0.591s] running egg_info
[0.607s] writing qcar2_navigation.egg-info/PKG-INFO
[0.607s] writing dependency_links to qcar2_navigation.egg-info/dependency_links.txt
[0.607s] writing top-level names to qcar2_navigation.egg-info/top_level.txt
[0.652s] reading manifest file 'qcar2_navigation.egg-info/SOURCES.txt'
[0.653s] writing manifest file 'qcar2_navigation.egg-info/SOURCES.txt'
[0.702s] Built target ament_cmake_python_build_qcar2_navigation_egg
[0.709s] Invoked command in '/workspaces/isaac_ros-dev/build/qcar2_navigation' returned '0': CMAKE_PREFIX_PATH=/workspaces/isaac_ros-dev/install/qcar2_interfaces:/workspaces/isaac_ros-dev/install/qcar2_nodes:/workspaces/isaac_ros-dev/install/qcar2_navigation:/workspaces/isaac_ros-dev/install/qcar2_controller:/opt/ros/humble PYTHONPATH=/workspaces/isaac_ros-dev/install/qcar2_interfaces/lib/python3.8/site-packages:/workspaces/isaac_ros-dev/install/qcar2_navigation/lib/python3.8/site-packages:/workspaces/isaac_ros-dev/install/qcar2_controller/lib/python3.8/site-packages:/opt/ros/humble/lib/python3.8/site-packages:/home/Quanser/libraries/python /usr/bin/cmake --build /workspaces/isaac_ros-dev/build/qcar2_navigation -- -j16 -l16
[0.746s] Invoking command in '/workspaces/isaac_ros-dev/build/qcar2_navigation': CMAKE_PREFIX_PATH=/workspaces/isaac_ros-dev/install/qcar2_interfaces:/workspaces/isaac_ros-dev/install/qcar2_nodes:/workspaces/isaac_ros-dev/install/qcar2_navigation:/workspaces/isaac_ros-dev/install/qcar2_controller:/opt/ros/humble PYTHONPATH=/workspaces/isaac_ros-dev/install/qcar2_interfaces/lib/python3.8/site-packages:/workspaces/isaac_ros-dev/install/qcar2_navigation/lib/python3.8/site-packages:/workspaces/isaac_ros-dev/install/qcar2_controller/lib/python3.8/site-packages:/opt/ros/humble/lib/python3.8/site-packages:/home/Quanser/libraries/python /usr/bin/cmake --install /workspaces/isaac_ros-dev/build/qcar2_navigation
[0.749s] -- Install configuration: ""
[0.749s] -- Up-to-date: /workspaces/isaac_ros-dev/install/qcar2_navigation/share/qcar2_navigation/environment/pythonpath.sh
[0.750s] -- Up-to-date: /workspaces/isaac_ros-dev/install/qcar2_navigation/share/qcar2_navigation/environment/pythonpath.dsv
[0.750s] -- Up-to-date: /workspaces/isaac_ros-dev/install/qcar2_navigation/lib/python3.8/site-packages/qcar2_navigation-0.0.0-py3.8.egg-info
[0.750s] -- Installing: /workspaces/isaac_ros-dev/install/qcar2_navigation/lib/python3.8/site-packages/qcar2_navigation-0.0.0-py3.8.egg-info/PKG-INFO
[0.750s] -- Installing: /workspaces/isaac_ros-dev/install/qcar2_navigation/lib/python3.8/site-packages/qcar2_navigation-0.0.0-py3.8.egg-info/SOURCES.txt
[0.750s] -- Installing: /workspaces/isaac_ros-dev/install/qcar2_navigation/lib/python3.8/site-packages/qcar2_navigation-0.0.0-py3.8.egg-info/dependency_links.txt
[0.750s] -- Installing: /workspaces/isaac_ros-dev/install/qcar2_navigation/lib/python3.8/site-packages/qcar2_navigation-0.0.0-py3.8.egg-info/top_level.txt
[0.750s] -- Up-to-date: /workspaces/isaac_ros-dev/install/qcar2_navigation/lib/python3.8/site-packages/qcar2_navigation
[0.750s] -- Up-to-date: /workspaces/isaac_ros-dev/install/qcar2_navigation/lib/python3.8/site-packages/qcar2_navigation/waypoint_follower.py
[0.751s] -- Up-to-date: /workspaces/isaac_ros-dev/install/qcar2_navigation/lib/python3.8/site-packages/qcar2_navigation/__init__.py
[0.751s] -- Up-to-date: /workspaces/isaac_ros-dev/install/qcar2_navigation/lib/python3.8/site-packages/qcar2_navigation/pick_drop_reset.py
[0.751s] -- Up-to-date: /workspaces/isaac_ros-dev/install/qcar2_navigation/lib/python3.8/site-packages/qcar2_navigation/simple_goal_sender_node.py
[0.751s] -- Up-to-date: /workspaces/isaac_ros-dev/install/qcar2_navigation/lib/python3.8/site-packages/qcar2_navigation/line_detection.py
[0.788s] Listing '/workspaces/isaac_ros-dev/install/qcar2_navigation/lib/python3.8/site-packages/qcar2_navigation'...
[0.793s] -- Up-to-date: /workspaces/isaac_ros-dev/install/qcar2_navigation/include/include
[0.793s] -- Up-to-date: /workspaces/isaac_ros-dev/install/qcar2_navigation/include/include/qcar2_navigation
[0.793s] -- Up-to-date: /workspaces/isaac_ros-dev/install/qcar2_navigation/share/qcar2_navigation/launch
[0.793s] -- Up-to-date: /workspaces/isaac_ros-dev/install/qcar2_navigation/share/qcar2_navigation/launch/qcar2_carto_nav_setup.launch.py
[0.793s] -- Installing: /workspaces/isaac_ros-dev/install/qcar2_navigation/share/qcar2_navigation/launch/qcar2_navigation_virtual.launch.py
[0.793s] -- Up-to-date: /workspaces/isaac_ros-dev/install/qcar2_navigation/share/qcar2_navigation/config
[0.793s] -- Up-to-date: /workspaces/isaac_ros-dev/install/qcar2_navigation/share/qcar2_navigation/config/qcar2_navigation_virtual.yaml
[0.793s] -- Up-to-date: /workspaces/isaac_ros-dev/install/qcar2_navigation/lib/qcar2_navigation/line_detection.py
[0.794s] -- Up-to-date: /workspaces/isaac_ros-dev/install/qcar2_navigation/lib/qcar2_navigation/waypoint_follower.py
[0.794s] -- Up-to-date: /workspaces/isaac_ros-dev/install/qcar2_navigation/lib/qcar2_navigation/simple_goal_sender_node.py
[0.794s] -- Up-to-date: /workspaces/isaac_ros-dev/install/qcar2_navigation/lib/qcar2_navigation/pick_drop_reset.py
[0.794s] -- Up-to-date: /workspaces/isaac_ros-dev/install/qcar2_navigation/share/ament_index/resource_index/package_run_dependencies/qcar2_navigation
[0.794s] -- Up-to-date: /workspaces/isaac_ros-dev/install/qcar2_navigation/share/ament_index/resource_index/parent_prefix_path/qcar2_navigation
[0.794s] -- Up-to-date: /workspaces/isaac_ros-dev/install/qcar2_navigation/share/qcar2_navigation/environment/ament_prefix_path.sh
[0.794s] -- Up-to-date: /workspaces/isaac_ros-dev/install/qcar2_navigation/share/qcar2_navigation/environment/ament_prefix_path.dsv
[0.794s] -- Up-to-date: /workspaces/isaac_ros-dev/install/qcar2_navigation/share/qcar2_navigation/environment/path.sh
[0.794s] -- Up-to-date: /workspaces/isaac_ros-dev/install/qcar2_navigation/share/qcar2_navigation/environment/path.dsv
[0.794s] -- Up-to-date: /workspaces/isaac_ros-dev/install/qcar2_navigation/share/qcar2_navigation/local_setup.bash
[0.794s] -- Up-to-date: /workspaces/isaac_ros-dev/install/qcar2_navigation/share/qcar2_navigation/local_setup.sh
[0.795s] -- Up-to-date: /workspaces/isaac_ros-dev/install/qcar2_navigation/share/qcar2_navigation/local_setup.zsh
[0.795s] -- Up-to-date: /workspaces/isaac_ros-dev/install/qcar2_navigation/share/qcar2_navigation/local_setup.dsv
[0.795s] -- Installing: /workspaces/isaac_ros-dev/install/qcar2_navigation/share/qcar2_navigation/package.dsv
[0.795s] -- Up-to-date: /workspaces/isaac_ros-dev/install/qcar2_navigation/share/ament_index/resource_index/packages/qcar2_navigation
[0.796s] -- Up-to-date: /workspaces/isaac_ros-dev/install/qcar2_navigation/share/qcar2_navigation/cmake/qcar2_navigationConfig.cmake
[0.796s] -- Up-to-date: /workspaces/isaac_ros-dev/install/qcar2_navigation/share/qcar2_navigation/cmake/qcar2_navigationConfig-version.cmake
[0.796s] -- Up-to-date: /workspaces/isaac_ros-dev/install/qcar2_navigation/share/qcar2_navigation/package.xml
[0.797s] Invoked command in '/workspaces/isaac_ros-dev/build/qcar2_navigation' returned '0': CMAKE_PREFIX_PATH=/workspaces/isaac_ros-dev/install/qcar2_interfaces:/workspaces/isaac_ros-dev/install/qcar2_nodes:/workspaces/isaac_ros-dev/install/qcar2_navigation:/workspaces/isaac_ros-dev/install/qcar2_controller:/opt/ros/humble PYTHONPATH=/workspaces/isaac_ros-dev/install/qcar2_interfaces/lib/python3.8/site-packages:/workspaces/isaac_ros-dev/install/qcar2_navigation/lib/python3.8/site-packages:/workspaces/isaac_ros-dev/install/qcar2_controller/lib/python3.8/site-packages:/opt/ros/humble/lib/python3.8/site-packages:/home/Quanser/libraries/python /usr/bin/cmake --install /workspaces/isaac_ros-dev/build/qcar2_navigation
