[0.000000] (-) TimerEvent: {}
[0.000322] (qcar2_interfaces) JobQueued: {'identifier': 'qcar2_interfaces', 'dependencies': OrderedDict()}
[0.000416] (qcar2_controller) JobQueued: {'identifier': 'qcar2_controller', 'dependencies': OrderedDict([('qcar2_interfaces', '/workspaces/isaac_ros-dev/install/qcar2_interfaces')])}
[0.000445] (qcar2_navigation) JobQueued: {'identifier': 'qcar2_navigation', 'dependencies': OrderedDict([('qcar2_interfaces', '/workspaces/isaac_ros-dev/install/qcar2_interfaces')])}
[0.000653] (qcar2_nodes) JobQueued: {'identifier': 'qcar2_nodes', 'dependencies': OrderedDict([('qcar2_interfaces', '/workspaces/isaac_ros-dev/install/qcar2_interfaces')])}
[0.000822] (qcar2_interfaces) JobStarted: {'identifier': 'qcar2_interfaces'}
[0.055068] (qcar2_interfaces) JobProgress: {'identifier': 'qcar2_interfaces', 'progress': 'cmake'}
[0.055872] (qcar2_interfaces) JobProgress: {'identifier': 'qcar2_interfaces', 'progress': 'build'}
[0.056535] (qcar2_interfaces) Command: {'cmd': ['/usr/bin/cmake', '--build', '/workspaces/isaac_ros-dev/build/qcar2_interfaces', '--', '-j16', '-l16'], 'cwd': '/workspaces/isaac_ros-dev/build/qcar2_interfaces', 'env': OrderedDict([('DALI_BUILD', '5838886'), ('LIBRARY_PATH', '/usr/local/cuda/lib64/stubs:'), ('PYTHONWARNINGS', 'ignore:::setuptools.command.install,ignore:::setuptools.command.easy_install,ignore:::pkg_resources'), ('USER', 'cilrtx'), ('TF_ADJUST_SATURATION_FUSED', '1'), ('CUSOLVER_VERSION', '11.4.1.48'), ('HOSTNAME', 'cil-rtx2070'), ('CUTENSOR_VERSION', '1.6.1.5'), ('SHLVL', '2'), ('LD_LIBRARY_PATH', '/opt/ros/humble/opt/rviz_ogre_vendor/lib:/opt/ros/humble/lib/x86_64-linux-gnu:/opt/ros/humble/lib:/opt/tritonserver/backends/onnxruntime:/usr/local/cuda/compat/lib:/usr/local/nvidia/lib:/usr/local/nvidia/lib64:/opt/tritonserver/lib'), ('HOME', '/home/admin'), ('NVIDIA_TRITON_SERVER_VERSION', '22.09'), ('CUDA_CACHE_DISABLE', '1'), ('ROS_PYTHON_VERSION', '3'), ('USER_UID', '1000'), ('ENV', '/etc/shinit_v2'), ('RDMACORE_VERSION', '36.0'), ('NVJPEG_VERSION', '11.9.0.86'), ('NVIDIA_BUILD_ID', '44909143'), ('CUDA_VERSION', '11.8.0.062'), ('CUBLAS_VERSION', '11.11.3.6'), ('NSIGHT_SYSTEMS_VERSION', '2022.3.1.43'), ('ROS_DISTRO', 'humble'), ('OPAL_PREFIX', '/opt/hpcx/ompi'), ('NVIDIA_REQUIRE_CUDA', 'cuda>=9.0'), ('TRT_VERSION', '8.5.0.12'), ('GDRCOPY_VERSION', '2.3'), ('_', '/usr/bin/colcon'), ('ROS_VERSION', '2'), ('NVIDIA_DRIVER_CAPABILITIES', 'all'), ('POLYGRAPHY_VERSION', '0.38.0'), ('CURAND_VERSION', '10.3.0.86'), ('MOFED_VERSION', '5.4-rdmacore36.0'), ('USERNAME', 'admin'), ('TERM', 'xterm'), ('ROS_LOCALHOST_ONLY', '0'), ('PATH', '/opt/ros/humble/bin:/opt/tritonserver/bin:/usr/local/mpi/bin:/usr/local/nvidia/bin:/usr/local/cuda/bin:/usr/local/sbin:/usr/local/bin:/usr/sbin:/usr/bin:/sbin:/bin:/usr/local/ucx/bin:/opt/nvidia/tao'), ('FASTRTPS_DEFAULT_PROFILES_FILE', '/usr/local/share/middleware_profiles/rtps_udp_profile.xml'), ('CUDA_DRIVER_VERSION', '520.61.03'), ('_CUDA_COMPAT_STATUS', 'System has unsupported display driver / cuda driver combination (CUDA_ERROR_SYSTEM_DRIVER_MISMATCH) cuInit()=803'), ('DISPLAY', ':0'), ('NVIDIA_PRODUCT_NAME', 'Triton Server'), ('LANG', 'en_US.UTF-8'), ('RMW_IMPLEMENTATION', 'rmw_fastrtps_cpp'), ('NPP_VERSION', '11.8.0.86'), ('ROS_ROOT', '/opt/ros/humble'), ('CUFFT_VERSION', '10.9.0.58'), ('TF_ENABLE_WINOGRAD_NONFUSED', '1'), ('AMENT_PREFIX_PATH', '/opt/ros/humble'), ('CUDNN_VERSION', '8.6.0.163'), ('NSIGHT_COMPUTE_VERSION', '2022.3.0.22'), ('DALI_VERSION', '1.17.0'), ('DEBIAN_FRONTEND', 'noninteractive'), ('SHELL', '/bin/bash'), ('DCGM_VERSION', '2.2.9'), ('OPENMPI_VERSION', '4.1.4'), ('TRTOSS_VERSION', ''), ('OMPI_MCA_coll_hcoll_enable', '0'), ('CUSPARSE_VERSION', '11.7.5.86'), ('TRITON_SERVER_GPU_ENABLED', '1'), ('TRITON_SERVER_VERSION', '2.26.0'), ('BASH_ENV', '/etc/bash.bashrc'), ('PWD', '/workspaces/isaac_ros-dev/build/qcar2_interfaces'), ('PYTHONPATH', '/opt/ros/humble/lib/python3.8/site-packages:/home/Quanser/libraries/python'), ('_CUDA_COMPAT_PATH', '/usr/local/cuda/compat'), ('TRITON_SERVER_USER', 'triton-server'), ('TF_ADJUST_HUE_FUSED', '1'), ('NVIDIA_VISIBLE_DEVICES', 'all'), ('NCCL_VERSION', '2.15.1'), ('USER_GID', '1000'), ('COLCON', '1'), ('OPENUCX_VERSION', '1.14.0'), ('HPCX_VERSION', '2.12.1a0'), ('SHARP_COLL_ENABLE_CUDA', '0'), ('TF_AUTOTUNE_THRESHOLD', '2'), ('CMAKE_PREFIX_PATH', '/opt/ros/humble')]), 'shell': False}
[0.093368] (qcar2_interfaces) StdoutLine: {'line': b'[  2%] Built target qcar2_interfaces__cpp\n'}
[0.095775] (qcar2_interfaces) StdoutLine: {'line': b'[ 12%] Built target qcar2_interfaces__rosidl_generator_c\n'}
[0.099203] (qcar2_interfaces) StdoutLine: {'line': b'[ 12%] Built target ament_cmake_python_copy_qcar2_interfaces\n'}
[0.099727] (-) TimerEvent: {}
[0.110417] (qcar2_interfaces) StdoutLine: {'line': b'[ 23%] Built target qcar2_interfaces__rosidl_typesupport_cpp\n'}
[0.110768] (qcar2_interfaces) StdoutLine: {'line': b'[ 43%] Built target qcar2_interfaces__rosidl_typesupport_fastrtps_cpp\n'}
[0.110943] (qcar2_interfaces) StdoutLine: {'line': b'[ 53%] Built target qcar2_interfaces__rosidl_typesupport_c\n'}
[0.111097] (qcar2_interfaces) StdoutLine: {'line': b'[ 53%] Built target qcar2_interfaces__rosidl_typesupport_introspection_c\n'}
[0.112083] (qcar2_interfaces) StdoutLine: {'line': b'[ 64%] Built target qcar2_interfaces__rosidl_typesupport_introspection_cpp\n'}
[0.112417] (qcar2_interfaces) StdoutLine: {'line': b'[ 74%] Built target qcar2_interfaces__rosidl_typesupport_fastrtps_c\n'}
[0.125029] (qcar2_interfaces) StdoutLine: {'line': b'[ 74%] Built target qcar2_interfaces\n'}
[0.139035] (qcar2_interfaces) StdoutLine: {'line': b'[ 76%] Built target qcar2_interfaces__py\n'}
[0.155121] (qcar2_interfaces) StdoutLine: {'line': b'[ 84%] Built target qcar2_interfaces__rosidl_generator_py\n'}
[0.171326] (qcar2_interfaces) StdoutLine: {'line': b'[ 89%] Built target qcar2_interfaces__rosidl_typesupport_c__pyext\n'}
[0.171583] (qcar2_interfaces) StdoutLine: {'line': b'[ 94%] Built target qcar2_interfaces__rosidl_typesupport_introspection_c__pyext\n'}
[0.172439] (qcar2_interfaces) StdoutLine: {'line': b'[100%] Built target qcar2_interfaces__rosidl_typesupport_fastrtps_c__pyext\n'}
[0.199822] (-) TimerEvent: {}
[0.300147] (-) TimerEvent: {}
[0.400557] (-) TimerEvent: {}
[0.500896] (-) TimerEvent: {}
[0.504793] (qcar2_interfaces) StdoutLine: {'line': b'running egg_info\n'}
[0.520663] (qcar2_interfaces) StdoutLine: {'line': b'writing qcar2_interfaces.egg-info/PKG-INFO\n'}
[0.521024] (qcar2_interfaces) StdoutLine: {'line': b'writing dependency_links to qcar2_interfaces.egg-info/dependency_links.txt\n'}
[0.521297] (qcar2_interfaces) StdoutLine: {'line': b'writing top-level names to qcar2_interfaces.egg-info/top_level.txt\n'}
[0.567160] (qcar2_interfaces) StdoutLine: {'line': b"reading manifest file 'qcar2_interfaces.egg-info/SOURCES.txt'\n"}
[0.567870] (qcar2_interfaces) StdoutLine: {'line': b"writing manifest file 'qcar2_interfaces.egg-info/SOURCES.txt'\n"}
[0.601014] (-) TimerEvent: {}
[0.616115] (qcar2_interfaces) StdoutLine: {'line': b'[100%] Built target ament_cmake_python_build_qcar2_interfaces_egg\n'}
[0.622502] (qcar2_interfaces) CommandEnded: {'returncode': 0}
[0.701141] (-) TimerEvent: {}
[0.765054] (qcar2_interfaces) JobProgress: {'identifier': 'qcar2_interfaces', 'progress': 'install'}
[0.770448] (qcar2_interfaces) Command: {'cmd': ['/usr/bin/cmake', '--install', '/workspaces/isaac_ros-dev/build/qcar2_interfaces'], 'cwd': '/workspaces/isaac_ros-dev/build/qcar2_interfaces', 'env': OrderedDict([('DALI_BUILD', '5838886'), ('LIBRARY_PATH', '/usr/local/cuda/lib64/stubs:'), ('PYTHONWARNINGS', 'ignore:::setuptools.command.install,ignore:::setuptools.command.easy_install,ignore:::pkg_resources'), ('USER', 'cilrtx'), ('TF_ADJUST_SATURATION_FUSED', '1'), ('CUSOLVER_VERSION', '11.4.1.48'), ('HOSTNAME', 'cil-rtx2070'), ('CUTENSOR_VERSION', '1.6.1.5'), ('SHLVL', '2'), ('LD_LIBRARY_PATH', '/opt/ros/humble/opt/rviz_ogre_vendor/lib:/opt/ros/humble/lib/x86_64-linux-gnu:/opt/ros/humble/lib:/opt/tritonserver/backends/onnxruntime:/usr/local/cuda/compat/lib:/usr/local/nvidia/lib:/usr/local/nvidia/lib64:/opt/tritonserver/lib'), ('HOME', '/home/admin'), ('NVIDIA_TRITON_SERVER_VERSION', '22.09'), ('CUDA_CACHE_DISABLE', '1'), ('ROS_PYTHON_VERSION', '3'), ('USER_UID', '1000'), ('ENV', '/etc/shinit_v2'), ('RDMACORE_VERSION', '36.0'), ('NVJPEG_VERSION', '11.9.0.86'), ('NVIDIA_BUILD_ID', '44909143'), ('CUDA_VERSION', '11.8.0.062'), ('CUBLAS_VERSION', '11.11.3.6'), ('NSIGHT_SYSTEMS_VERSION', '2022.3.1.43'), ('ROS_DISTRO', 'humble'), ('OPAL_PREFIX', '/opt/hpcx/ompi'), ('NVIDIA_REQUIRE_CUDA', 'cuda>=9.0'), ('TRT_VERSION', '8.5.0.12'), ('GDRCOPY_VERSION', '2.3'), ('_', '/usr/bin/colcon'), ('ROS_VERSION', '2'), ('NVIDIA_DRIVER_CAPABILITIES', 'all'), ('POLYGRAPHY_VERSION', '0.38.0'), ('CURAND_VERSION', '10.3.0.86'), ('MOFED_VERSION', '5.4-rdmacore36.0'), ('USERNAME', 'admin'), ('TERM', 'xterm'), ('ROS_LOCALHOST_ONLY', '0'), ('PATH', '/opt/ros/humble/bin:/opt/tritonserver/bin:/usr/local/mpi/bin:/usr/local/nvidia/bin:/usr/local/cuda/bin:/usr/local/sbin:/usr/local/bin:/usr/sbin:/usr/bin:/sbin:/bin:/usr/local/ucx/bin:/opt/nvidia/tao'), ('FASTRTPS_DEFAULT_PROFILES_FILE', '/usr/local/share/middleware_profiles/rtps_udp_profile.xml'), ('CUDA_DRIVER_VERSION', '520.61.03'), ('_CUDA_COMPAT_STATUS', 'System has unsupported display driver / cuda driver combination (CUDA_ERROR_SYSTEM_DRIVER_MISMATCH) cuInit()=803'), ('DISPLAY', ':0'), ('NVIDIA_PRODUCT_NAME', 'Triton Server'), ('LANG', 'en_US.UTF-8'), ('RMW_IMPLEMENTATION', 'rmw_fastrtps_cpp'), ('NPP_VERSION', '11.8.0.86'), ('ROS_ROOT', '/opt/ros/humble'), ('CUFFT_VERSION', '10.9.0.58'), ('TF_ENABLE_WINOGRAD_NONFUSED', '1'), ('AMENT_PREFIX_PATH', '/opt/ros/humble'), ('CUDNN_VERSION', '8.6.0.163'), ('NSIGHT_COMPUTE_VERSION', '2022.3.0.22'), ('DALI_VERSION', '1.17.0'), ('DEBIAN_FRONTEND', 'noninteractive'), ('SHELL', '/bin/bash'), ('DCGM_VERSION', '2.2.9'), ('OPENMPI_VERSION', '4.1.4'), ('TRTOSS_VERSION', ''), ('OMPI_MCA_coll_hcoll_enable', '0'), ('CUSPARSE_VERSION', '11.7.5.86'), ('TRITON_SERVER_GPU_ENABLED', '1'), ('TRITON_SERVER_VERSION', '2.26.0'), ('BASH_ENV', '/etc/bash.bashrc'), ('PWD', '/workspaces/isaac_ros-dev/build/qcar2_interfaces'), ('PYTHONPATH', '/opt/ros/humble/lib/python3.8/site-packages:/home/Quanser/libraries/python'), ('_CUDA_COMPAT_PATH', '/usr/local/cuda/compat'), ('TRITON_SERVER_USER', 'triton-server'), ('TF_ADJUST_HUE_FUSED', '1'), ('NVIDIA_VISIBLE_DEVICES', 'all'), ('NCCL_VERSION', '2.15.1'), ('USER_GID', '1000'), ('COLCON', '1'), ('OPENUCX_VERSION', '1.14.0'), ('HPCX_VERSION', '2.12.1a0'), ('SHARP_COLL_ENABLE_CUDA', '0'), ('TF_AUTOTUNE_THRESHOLD', '2'), ('CMAKE_PREFIX_PATH', '/opt/ros/humble')]), 'shell': False}
[0.777598] (qcar2_interfaces) StdoutLine: {'line': b'-- Install configuration: ""\n'}
[0.777920] (qcar2_interfaces) StdoutLine: {'line': b'-- Up-to-date: /workspaces/isaac_ros-dev/install/qcar2_interfaces/share/ament_index/resource_index/rosidl_interfaces/qcar2_interfaces\n'}
[0.778155] (qcar2_interfaces) StdoutLine: {'line': b'-- Up-to-date: /workspaces/isaac_ros-dev/install/qcar2_interfaces/include/qcar2_interfaces/qcar2_interfaces\n'}
[0.778263] (qcar2_interfaces) StdoutLine: {'line': b'-- Up-to-date: /workspaces/isaac_ros-dev/install/qcar2_interfaces/include/qcar2_interfaces/qcar2_interfaces/msg\n'}
[0.778341] (qcar2_interfaces) StdoutLine: {'line': b'-- Up-to-date: /workspaces/isaac_ros-dev/install/qcar2_interfaces/include/qcar2_interfaces/qcar2_interfaces/msg/detail\n'}
[0.778435] (qcar2_interfaces) StdoutLine: {'line': b'-- Up-to-date: /workspaces/isaac_ros-dev/install/qcar2_interfaces/include/qcar2_interfaces/qcar2_interfaces/msg/detail/boolean_leds__type_support.h\n'}
[0.778504] (qcar2_interfaces) StdoutLine: {'line': b'-- Up-to-date: /workspaces/isaac_ros-dev/install/qcar2_interfaces/include/qcar2_interfaces/qcar2_interfaces/msg/detail/motor_commands__functions.h\n'}
[0.778570] (qcar2_interfaces) StdoutLine: {'line': b'-- Up-to-date: /workspaces/isaac_ros-dev/install/qcar2_interfaces/include/qcar2_interfaces/qcar2_interfaces/msg/detail/boolean_leds__functions.h\n'}
[0.778676] (qcar2_interfaces) StdoutLine: {'line': b'-- Up-to-date: /workspaces/isaac_ros-dev/install/qcar2_interfaces/include/qcar2_interfaces/qcar2_interfaces/msg/detail/motor_commands__functions.c\n'}
[0.778799] (qcar2_interfaces) StdoutLine: {'line': b'-- Up-to-date: /workspaces/isaac_ros-dev/install/qcar2_interfaces/include/qcar2_interfaces/qcar2_interfaces/msg/detail/motor_commands__type_support.h\n'}
[0.778868] (qcar2_interfaces) StdoutLine: {'line': b'-- Up-to-date: /workspaces/isaac_ros-dev/install/qcar2_interfaces/include/qcar2_interfaces/qcar2_interfaces/msg/detail/motor_commands__struct.h\n'}
[0.778933] (qcar2_interfaces) StdoutLine: {'line': b'-- Up-to-date: /workspaces/isaac_ros-dev/install/qcar2_interfaces/include/qcar2_interfaces/qcar2_interfaces/msg/detail/boolean_leds__struct.h\n'}
[0.779032] (qcar2_interfaces) StdoutLine: {'line': b'-- Up-to-date: /workspaces/isaac_ros-dev/install/qcar2_interfaces/include/qcar2_interfaces/qcar2_interfaces/msg/detail/boolean_leds__functions.c\n'}
[0.779101] (qcar2_interfaces) StdoutLine: {'line': b'-- Up-to-date: /workspaces/isaac_ros-dev/install/qcar2_interfaces/include/qcar2_interfaces/qcar2_interfaces/msg/motor_commands.h\n'}
[0.779163] (qcar2_interfaces) StdoutLine: {'line': b'-- Up-to-date: /workspaces/isaac_ros-dev/install/qcar2_interfaces/include/qcar2_interfaces/qcar2_interfaces/msg/rosidl_generator_c__visibility_control.h\n'}
[0.779277] (qcar2_interfaces) StdoutLine: {'line': b'-- Up-to-date: /workspaces/isaac_ros-dev/install/qcar2_interfaces/include/qcar2_interfaces/qcar2_interfaces/msg/boolean_leds.h\n'}
[0.779492] (qcar2_interfaces) StdoutLine: {'line': b'-- Up-to-date: /workspaces/isaac_ros-dev/install/qcar2_interfaces/share/qcar2_interfaces/environment/library_path.sh\n'}
[0.779635] (qcar2_interfaces) StdoutLine: {'line': b'-- Up-to-date: /workspaces/isaac_ros-dev/install/qcar2_interfaces/share/qcar2_interfaces/environment/library_path.dsv\n'}
[0.779767] (qcar2_interfaces) StdoutLine: {'line': b'-- Up-to-date: /workspaces/isaac_ros-dev/install/qcar2_interfaces/lib/libqcar2_interfaces__rosidl_generator_c.so\n'}
[0.779861] (qcar2_interfaces) StdoutLine: {'line': b'-- Up-to-date: /workspaces/isaac_ros-dev/install/qcar2_interfaces/include/qcar2_interfaces/qcar2_interfaces\n'}
[0.779985] (qcar2_interfaces) StdoutLine: {'line': b'-- Up-to-date: /workspaces/isaac_ros-dev/install/qcar2_interfaces/include/qcar2_interfaces/qcar2_interfaces/msg\n'}
[0.780111] (qcar2_interfaces) StdoutLine: {'line': b'-- Up-to-date: /workspaces/isaac_ros-dev/install/qcar2_interfaces/include/qcar2_interfaces/qcar2_interfaces/msg/detail\n'}
[0.780319] (qcar2_interfaces) StdoutLine: {'line': b'-- Up-to-date: /workspaces/isaac_ros-dev/install/qcar2_interfaces/include/qcar2_interfaces/qcar2_interfaces/msg/detail/boolean_leds__rosidl_typesupport_fastrtps_c.h\n'}
[0.780481] (qcar2_interfaces) StdoutLine: {'line': b'-- Up-to-date: /workspaces/isaac_ros-dev/install/qcar2_interfaces/include/qcar2_interfaces/qcar2_interfaces/msg/detail/motor_commands__rosidl_typesupport_fastrtps_c.h\n'}
[0.780600] (qcar2_interfaces) StdoutLine: {'line': b'-- Up-to-date: /workspaces/isaac_ros-dev/install/qcar2_interfaces/include/qcar2_interfaces/qcar2_interfaces/msg/rosidl_typesupport_fastrtps_c__visibility_control.h\n'}
[0.780709] (qcar2_interfaces) StdoutLine: {'line': b'-- Up-to-date: /workspaces/isaac_ros-dev/install/qcar2_interfaces/lib/libqcar2_interfaces__rosidl_typesupport_fastrtps_c.so\n'}
[0.780798] (qcar2_interfaces) StdoutLine: {'line': b'-- Up-to-date: /workspaces/isaac_ros-dev/install/qcar2_interfaces/include/qcar2_interfaces/qcar2_interfaces\n'}
[0.780931] (qcar2_interfaces) StdoutLine: {'line': b'-- Up-to-date: /workspaces/isaac_ros-dev/install/qcar2_interfaces/include/qcar2_interfaces/qcar2_interfaces/msg\n'}
[0.781108] (qcar2_interfaces) StdoutLine: {'line': b'-- Up-to-date: /workspaces/isaac_ros-dev/install/qcar2_interfaces/include/qcar2_interfaces/qcar2_interfaces/msg/detail\n'}
[0.781216] (qcar2_interfaces) StdoutLine: {'line': b'-- Up-to-date: /workspaces/isaac_ros-dev/install/qcar2_interfaces/include/qcar2_interfaces/qcar2_interfaces/msg/detail/boolean_leds__type_support.c\n'}
[0.781304] (qcar2_interfaces) StdoutLine: {'line': b'-- Up-to-date: /workspaces/isaac_ros-dev/install/qcar2_interfaces/include/qcar2_interfaces/qcar2_interfaces/msg/detail/boolean_leds__rosidl_typesupport_introspection_c.h\n'}
[0.781401] (qcar2_interfaces) StdoutLine: {'line': b'-- Up-to-date: /workspaces/isaac_ros-dev/install/qcar2_interfaces/include/qcar2_interfaces/qcar2_interfaces/msg/detail/motor_commands__type_support.c\n'}
[0.781510] (qcar2_interfaces) StdoutLine: {'line': b'-- Up-to-date: /workspaces/isaac_ros-dev/install/qcar2_interfaces/include/qcar2_interfaces/qcar2_interfaces/msg/detail/motor_commands__rosidl_typesupport_introspection_c.h\n'}
[0.781597] (qcar2_interfaces) StdoutLine: {'line': b'-- Up-to-date: /workspaces/isaac_ros-dev/install/qcar2_interfaces/include/qcar2_interfaces/qcar2_interfaces/msg/rosidl_typesupport_introspection_c__visibility_control.h\n'}
[0.781688] (qcar2_interfaces) StdoutLine: {'line': b'-- Up-to-date: /workspaces/isaac_ros-dev/install/qcar2_interfaces/lib/libqcar2_interfaces__rosidl_typesupport_introspection_c.so\n'}
[0.781774] (qcar2_interfaces) StdoutLine: {'line': b'-- Up-to-date: /workspaces/isaac_ros-dev/install/qcar2_interfaces/lib/libqcar2_interfaces__rosidl_typesupport_c.so\n'}
[0.781859] (qcar2_interfaces) StdoutLine: {'line': b'-- Up-to-date: /workspaces/isaac_ros-dev/install/qcar2_interfaces/include/qcar2_interfaces/qcar2_interfaces\n'}
[0.781943] (qcar2_interfaces) StdoutLine: {'line': b'-- Up-to-date: /workspaces/isaac_ros-dev/install/qcar2_interfaces/include/qcar2_interfaces/qcar2_interfaces/msg\n'}
[0.782150] (qcar2_interfaces) StdoutLine: {'line': b'-- Up-to-date: /workspaces/isaac_ros-dev/install/qcar2_interfaces/include/qcar2_interfaces/qcar2_interfaces/msg/boolean_leds.hpp\n'}
[0.782440] (qcar2_interfaces) StdoutLine: {'line': b'-- Up-to-date: /workspaces/isaac_ros-dev/install/qcar2_interfaces/include/qcar2_interfaces/qcar2_interfaces/msg/detail\n'}
[0.782534] (qcar2_interfaces) StdoutLine: {'line': b'-- Up-to-date: /workspaces/isaac_ros-dev/install/qcar2_interfaces/include/qcar2_interfaces/qcar2_interfaces/msg/detail/boolean_leds__struct.hpp\n'}
[0.782624] (qcar2_interfaces) StdoutLine: {'line': b'-- Up-to-date: /workspaces/isaac_ros-dev/install/qcar2_interfaces/include/qcar2_interfaces/qcar2_interfaces/msg/detail/motor_commands__struct.hpp\n'}
[0.782702] (qcar2_interfaces) StdoutLine: {'line': b'-- Up-to-date: /workspaces/isaac_ros-dev/install/qcar2_interfaces/include/qcar2_interfaces/qcar2_interfaces/msg/detail/boolean_leds__builder.hpp\n'}
[0.782789] (qcar2_interfaces) StdoutLine: {'line': b'-- Up-to-date: /workspaces/isaac_ros-dev/install/qcar2_interfaces/include/qcar2_interfaces/qcar2_interfaces/msg/detail/motor_commands__traits.hpp\n'}
[0.782972] (qcar2_interfaces) StdoutLine: {'line': b'-- Up-to-date: /workspaces/isaac_ros-dev/install/qcar2_interfaces/include/qcar2_interfaces/qcar2_interfaces/msg/detail/motor_commands__builder.hpp\n'}
[0.783075] (qcar2_interfaces) StdoutLine: {'line': b'-- Up-to-date: /workspaces/isaac_ros-dev/install/qcar2_interfaces/include/qcar2_interfaces/qcar2_interfaces/msg/detail/boolean_leds__traits.hpp\n'}
[0.783205] (qcar2_interfaces) StdoutLine: {'line': b'-- Up-to-date: /workspaces/isaac_ros-dev/install/qcar2_interfaces/include/qcar2_interfaces/qcar2_interfaces/msg/motor_commands.hpp\n'}
[0.783286] (qcar2_interfaces) StdoutLine: {'line': b'-- Up-to-date: /workspaces/isaac_ros-dev/install/qcar2_interfaces/include/qcar2_interfaces/qcar2_interfaces\n'}
[0.783367] (qcar2_interfaces) StdoutLine: {'line': b'-- Up-to-date: /workspaces/isaac_ros-dev/install/qcar2_interfaces/include/qcar2_interfaces/qcar2_interfaces/msg\n'}
[0.783543] (qcar2_interfaces) StdoutLine: {'line': b'-- Up-to-date: /workspaces/isaac_ros-dev/install/qcar2_interfaces/include/qcar2_interfaces/qcar2_interfaces/msg/detail\n'}
[0.783622] (qcar2_interfaces) StdoutLine: {'line': b'-- Up-to-date: /workspaces/isaac_ros-dev/install/qcar2_interfaces/include/qcar2_interfaces/qcar2_interfaces/msg/detail/boolean_leds__rosidl_typesupport_fastrtps_cpp.hpp\n'}
[0.783697] (qcar2_interfaces) StdoutLine: {'line': b'-- Up-to-date: /workspaces/isaac_ros-dev/install/qcar2_interfaces/include/qcar2_interfaces/qcar2_interfaces/msg/detail/dds_fastrtps\n'}
[0.783817] (qcar2_interfaces) StdoutLine: {'line': b'-- Up-to-date: /workspaces/isaac_ros-dev/install/qcar2_interfaces/include/qcar2_interfaces/qcar2_interfaces/msg/detail/motor_commands__rosidl_typesupport_fastrtps_cpp.hpp\n'}
[0.783893] (qcar2_interfaces) StdoutLine: {'line': b'-- Up-to-date: /workspaces/isaac_ros-dev/install/qcar2_interfaces/include/qcar2_interfaces/qcar2_interfaces/msg/rosidl_typesupport_fastrtps_cpp__visibility_control.h\n'}
[0.783969] (qcar2_interfaces) StdoutLine: {'line': b'-- Up-to-date: /workspaces/isaac_ros-dev/install/qcar2_interfaces/lib/libqcar2_interfaces__rosidl_typesupport_fastrtps_cpp.so\n'}
[0.784117] (qcar2_interfaces) StdoutLine: {'line': b'-- Up-to-date: /workspaces/isaac_ros-dev/install/qcar2_interfaces/include/qcar2_interfaces/qcar2_interfaces\n'}
[0.784195] (qcar2_interfaces) StdoutLine: {'line': b'-- Up-to-date: /workspaces/isaac_ros-dev/install/qcar2_interfaces/include/qcar2_interfaces/qcar2_interfaces/msg\n'}
[0.784270] (qcar2_interfaces) StdoutLine: {'line': b'-- Up-to-date: /workspaces/isaac_ros-dev/install/qcar2_interfaces/include/qcar2_interfaces/qcar2_interfaces/msg/detail\n'}
[0.784345] (qcar2_interfaces) StdoutLine: {'line': b'-- Up-to-date: /workspaces/isaac_ros-dev/install/qcar2_interfaces/include/qcar2_interfaces/qcar2_interfaces/msg/detail/motor_commands__rosidl_typesupport_introspection_cpp.hpp\n'}
[0.784424] (qcar2_interfaces) StdoutLine: {'line': b'-- Up-to-date: /workspaces/isaac_ros-dev/install/qcar2_interfaces/include/qcar2_interfaces/qcar2_interfaces/msg/detail/boolean_leds__type_support.cpp\n'}
[0.784499] (qcar2_interfaces) StdoutLine: {'line': b'-- Up-to-date: /workspaces/isaac_ros-dev/install/qcar2_interfaces/include/qcar2_interfaces/qcar2_interfaces/msg/detail/boolean_leds__rosidl_typesupport_introspection_cpp.hpp\n'}
[0.784574] (qcar2_interfaces) StdoutLine: {'line': b'-- Up-to-date: /workspaces/isaac_ros-dev/install/qcar2_interfaces/include/qcar2_interfaces/qcar2_interfaces/msg/detail/motor_commands__type_support.cpp\n'}
[0.784648] (qcar2_interfaces) StdoutLine: {'line': b'-- Up-to-date: /workspaces/isaac_ros-dev/install/qcar2_interfaces/lib/libqcar2_interfaces__rosidl_typesupport_introspection_cpp.so\n'}
[0.784721] (qcar2_interfaces) StdoutLine: {'line': b'-- Up-to-date: /workspaces/isaac_ros-dev/install/qcar2_interfaces/lib/libqcar2_interfaces__rosidl_typesupport_cpp.so\n'}
[0.784803] (qcar2_interfaces) StdoutLine: {'line': b'-- Up-to-date: /workspaces/isaac_ros-dev/install/qcar2_interfaces/share/qcar2_interfaces/environment/pythonpath.sh\n'}
[0.784878] (qcar2_interfaces) StdoutLine: {'line': b'-- Up-to-date: /workspaces/isaac_ros-dev/install/qcar2_interfaces/share/qcar2_interfaces/environment/pythonpath.dsv\n'}
[0.784952] (qcar2_interfaces) StdoutLine: {'line': b'-- Up-to-date: /workspaces/isaac_ros-dev/install/qcar2_interfaces/lib/python3.8/site-packages/qcar2_interfaces-0.0.0-py3.8.egg-info\n'}
[0.785043] (qcar2_interfaces) StdoutLine: {'line': b'-- Installing: /workspaces/isaac_ros-dev/install/qcar2_interfaces/lib/python3.8/site-packages/qcar2_interfaces-0.0.0-py3.8.egg-info/PKG-INFO\n'}
[0.785120] (qcar2_interfaces) StdoutLine: {'line': b'-- Installing: /workspaces/isaac_ros-dev/install/qcar2_interfaces/lib/python3.8/site-packages/qcar2_interfaces-0.0.0-py3.8.egg-info/SOURCES.txt\n'}
[0.785193] (qcar2_interfaces) StdoutLine: {'line': b'-- Installing: /workspaces/isaac_ros-dev/install/qcar2_interfaces/lib/python3.8/site-packages/qcar2_interfaces-0.0.0-py3.8.egg-info/dependency_links.txt\n'}
[0.785266] (qcar2_interfaces) StdoutLine: {'line': b'-- Installing: /workspaces/isaac_ros-dev/install/qcar2_interfaces/lib/python3.8/site-packages/qcar2_interfaces-0.0.0-py3.8.egg-info/top_level.txt\n'}
[0.785347] (qcar2_interfaces) StdoutLine: {'line': b'-- Up-to-date: /workspaces/isaac_ros-dev/install/qcar2_interfaces/lib/python3.8/site-packages/qcar2_interfaces\n'}
[0.785421] (qcar2_interfaces) StdoutLine: {'line': b'-- Up-to-date: /workspaces/isaac_ros-dev/install/qcar2_interfaces/lib/python3.8/site-packages/qcar2_interfaces/msg\n'}
[0.785503] (qcar2_interfaces) StdoutLine: {'line': b'-- Up-to-date: /workspaces/isaac_ros-dev/install/qcar2_interfaces/lib/python3.8/site-packages/qcar2_interfaces/msg/_motor_commands_s.c\n'}
[0.785579] (qcar2_interfaces) StdoutLine: {'line': b'-- Up-to-date: /workspaces/isaac_ros-dev/install/qcar2_interfaces/lib/python3.8/site-packages/qcar2_interfaces/msg/_boolean_leds_s.c\n'}
[0.785651] (qcar2_interfaces) StdoutLine: {'line': b'-- Up-to-date: /workspaces/isaac_ros-dev/install/qcar2_interfaces/lib/python3.8/site-packages/qcar2_interfaces/msg/_motor_commands.py\n'}
[0.785743] (qcar2_interfaces) StdoutLine: {'line': b'-- Up-to-date: /workspaces/isaac_ros-dev/install/qcar2_interfaces/lib/python3.8/site-packages/qcar2_interfaces/msg/__init__.py\n'}
[0.785821] (qcar2_interfaces) StdoutLine: {'line': b'-- Up-to-date: /workspaces/isaac_ros-dev/install/qcar2_interfaces/lib/python3.8/site-packages/qcar2_interfaces/msg/_boolean_leds.py\n'}
[0.785894] (qcar2_interfaces) StdoutLine: {'line': b'-- Up-to-date: /workspaces/isaac_ros-dev/install/qcar2_interfaces/lib/python3.8/site-packages/qcar2_interfaces/libqcar2_interfaces__rosidl_generator_py.so\n'}
[0.785970] (qcar2_interfaces) StdoutLine: {'line': b'-- Up-to-date: /workspaces/isaac_ros-dev/install/qcar2_interfaces/lib/python3.8/site-packages/qcar2_interfaces/qcar2_interfaces_s__rosidl_typesupport_fastrtps_c.cpython-38-x86_64-linux-gnu.so\n'}
[0.786067] (qcar2_interfaces) StdoutLine: {'line': b'-- Up-to-date: /workspaces/isaac_ros-dev/install/qcar2_interfaces/lib/python3.8/site-packages/qcar2_interfaces/qcar2_interfaces_s__rosidl_typesupport_introspection_c.cpython-38-x86_64-linux-gnu.so\n'}
[0.786141] (qcar2_interfaces) StdoutLine: {'line': b'-- Up-to-date: /workspaces/isaac_ros-dev/install/qcar2_interfaces/lib/python3.8/site-packages/qcar2_interfaces/_qcar2_interfaces_s.ep.rosidl_typesupport_introspection_c.c\n'}
[0.786229] (qcar2_interfaces) StdoutLine: {'line': b'-- Up-to-date: /workspaces/isaac_ros-dev/install/qcar2_interfaces/lib/python3.8/site-packages/qcar2_interfaces/_qcar2_interfaces_s.ep.rosidl_typesupport_fastrtps_c.c\n'}
[0.786303] (qcar2_interfaces) StdoutLine: {'line': b'-- Up-to-date: /workspaces/isaac_ros-dev/install/qcar2_interfaces/lib/python3.8/site-packages/qcar2_interfaces/__init__.py\n'}
[0.786376] (qcar2_interfaces) StdoutLine: {'line': b'-- Up-to-date: /workspaces/isaac_ros-dev/install/qcar2_interfaces/lib/python3.8/site-packages/qcar2_interfaces/_qcar2_interfaces_s.ep.rosidl_typesupport_c.c\n'}
[0.786448] (qcar2_interfaces) StdoutLine: {'line': b'-- Up-to-date: /workspaces/isaac_ros-dev/install/qcar2_interfaces/lib/python3.8/site-packages/qcar2_interfaces/qcar2_interfaces_s__rosidl_typesupport_c.cpython-38-x86_64-linux-gnu.so\n'}
[0.801235] (-) TimerEvent: {}
[0.815324] (qcar2_interfaces) StdoutLine: {'line': b"Listing '/workspaces/isaac_ros-dev/install/qcar2_interfaces/lib/python3.8/site-packages/qcar2_interfaces'...\n"}
[0.815694] (qcar2_interfaces) StdoutLine: {'line': b"Listing '/workspaces/isaac_ros-dev/install/qcar2_interfaces/lib/python3.8/site-packages/qcar2_interfaces/msg'...\n"}
[0.819949] (qcar2_interfaces) StdoutLine: {'line': b'-- Up-to-date: /workspaces/isaac_ros-dev/install/qcar2_interfaces/lib/python3.8/site-packages/qcar2_interfaces/qcar2_interfaces_s__rosidl_typesupport_fastrtps_c.cpython-38-x86_64-linux-gnu.so\n'}
[0.820441] (qcar2_interfaces) StdoutLine: {'line': b'-- Up-to-date: /workspaces/isaac_ros-dev/install/qcar2_interfaces/lib/python3.8/site-packages/qcar2_interfaces/qcar2_interfaces_s__rosidl_typesupport_introspection_c.cpython-38-x86_64-linux-gnu.so\n'}
[0.820898] (qcar2_interfaces) StdoutLine: {'line': b'-- Up-to-date: /workspaces/isaac_ros-dev/install/qcar2_interfaces/lib/python3.8/site-packages/qcar2_interfaces/qcar2_interfaces_s__rosidl_typesupport_c.cpython-38-x86_64-linux-gnu.so\n'}
[0.821344] (qcar2_interfaces) StdoutLine: {'line': b'-- Up-to-date: /workspaces/isaac_ros-dev/install/qcar2_interfaces/lib/libqcar2_interfaces__rosidl_generator_py.so\n'}
[0.821630] (qcar2_interfaces) StdoutLine: {'line': b'-- Up-to-date: /workspaces/isaac_ros-dev/install/qcar2_interfaces/share/qcar2_interfaces/msg/MotorCommands.idl\n'}
[0.821871] (qcar2_interfaces) StdoutLine: {'line': b'-- Up-to-date: /workspaces/isaac_ros-dev/install/qcar2_interfaces/share/qcar2_interfaces/msg/BooleanLeds.idl\n'}
[0.822128] (qcar2_interfaces) StdoutLine: {'line': b'-- Up-to-date: /workspaces/isaac_ros-dev/install/qcar2_interfaces/share/qcar2_interfaces/msg/MotorCommands.msg\n'}
[0.822371] (qcar2_interfaces) StdoutLine: {'line': b'-- Up-to-date: /workspaces/isaac_ros-dev/install/qcar2_interfaces/share/qcar2_interfaces/msg/BooleanLeds.msg\n'}
[0.822637] (qcar2_interfaces) StdoutLine: {'line': b'-- Up-to-date: /workspaces/isaac_ros-dev/install/qcar2_interfaces/share/ament_index/resource_index/package_run_dependencies/qcar2_interfaces\n'}
[0.822820] (qcar2_interfaces) StdoutLine: {'line': b'-- Up-to-date: /workspaces/isaac_ros-dev/install/qcar2_interfaces/share/ament_index/resource_index/parent_prefix_path/qcar2_interfaces\n'}
[0.823052] (qcar2_interfaces) StdoutLine: {'line': b'-- Up-to-date: /workspaces/isaac_ros-dev/install/qcar2_interfaces/share/qcar2_interfaces/environment/ament_prefix_path.sh\n'}
[0.823292] (qcar2_interfaces) StdoutLine: {'line': b'-- Up-to-date: /workspaces/isaac_ros-dev/install/qcar2_interfaces/share/qcar2_interfaces/environment/ament_prefix_path.dsv\n'}
[0.823514] (qcar2_interfaces) StdoutLine: {'line': b'-- Up-to-date: /workspaces/isaac_ros-dev/install/qcar2_interfaces/share/qcar2_interfaces/environment/path.sh\n'}
[0.823728] (qcar2_interfaces) StdoutLine: {'line': b'-- Up-to-date: /workspaces/isaac_ros-dev/install/qcar2_interfaces/share/qcar2_interfaces/environment/path.dsv\n'}
[0.823949] (qcar2_interfaces) StdoutLine: {'line': b'-- Up-to-date: /workspaces/isaac_ros-dev/install/qcar2_interfaces/share/qcar2_interfaces/local_setup.bash\n'}
[0.824194] (qcar2_interfaces) StdoutLine: {'line': b'-- Up-to-date: /workspaces/isaac_ros-dev/install/qcar2_interfaces/share/qcar2_interfaces/local_setup.sh\n'}
[0.824416] (qcar2_interfaces) StdoutLine: {'line': b'-- Up-to-date: /workspaces/isaac_ros-dev/install/qcar2_interfaces/share/qcar2_interfaces/local_setup.zsh\n'}
[0.824623] (qcar2_interfaces) StdoutLine: {'line': b'-- Up-to-date: /workspaces/isaac_ros-dev/install/qcar2_interfaces/share/qcar2_interfaces/local_setup.dsv\n'}
[0.824822] (qcar2_interfaces) StdoutLine: {'line': b'-- Installing: /workspaces/isaac_ros-dev/install/qcar2_interfaces/share/qcar2_interfaces/package.dsv\n'}
[0.825162] (qcar2_interfaces) StdoutLine: {'line': b'-- Up-to-date: /workspaces/isaac_ros-dev/install/qcar2_interfaces/share/ament_index/resource_index/packages/qcar2_interfaces\n'}
[0.825469] (qcar2_interfaces) StdoutLine: {'line': b'-- Up-to-date: /workspaces/isaac_ros-dev/install/qcar2_interfaces/share/qcar2_interfaces/cmake/export_qcar2_interfaces__rosidl_generator_cExport.cmake\n'}
[0.825648] (qcar2_interfaces) StdoutLine: {'line': b'-- Up-to-date: /workspaces/isaac_ros-dev/install/qcar2_interfaces/share/qcar2_interfaces/cmake/export_qcar2_interfaces__rosidl_generator_cExport-noconfig.cmake\n'}
[0.825822] (qcar2_interfaces) StdoutLine: {'line': b'-- Up-to-date: /workspaces/isaac_ros-dev/install/qcar2_interfaces/share/qcar2_interfaces/cmake/export_qcar2_interfaces__rosidl_typesupport_fastrtps_cExport.cmake\n'}
[0.826007] (qcar2_interfaces) StdoutLine: {'line': b'-- Up-to-date: /workspaces/isaac_ros-dev/install/qcar2_interfaces/share/qcar2_interfaces/cmake/export_qcar2_interfaces__rosidl_typesupport_fastrtps_cExport-noconfig.cmake\n'}
[0.826224] (qcar2_interfaces) StdoutLine: {'line': b'-- Up-to-date: /workspaces/isaac_ros-dev/install/qcar2_interfaces/share/qcar2_interfaces/cmake/qcar2_interfaces__rosidl_typesupport_introspection_cExport.cmake\n'}
[0.826393] (qcar2_interfaces) StdoutLine: {'line': b'-- Up-to-date: /workspaces/isaac_ros-dev/install/qcar2_interfaces/share/qcar2_interfaces/cmake/qcar2_interfaces__rosidl_typesupport_introspection_cExport-noconfig.cmake\n'}
[0.826566] (qcar2_interfaces) StdoutLine: {'line': b'-- Up-to-date: /workspaces/isaac_ros-dev/install/qcar2_interfaces/share/qcar2_interfaces/cmake/qcar2_interfaces__rosidl_typesupport_cExport.cmake\n'}
[0.826950] (qcar2_interfaces) StdoutLine: {'line': b'-- Up-to-date: /workspaces/isaac_ros-dev/install/qcar2_interfaces/share/qcar2_interfaces/cmake/qcar2_interfaces__rosidl_typesupport_cExport-noconfig.cmake\n'}
[0.827657] (qcar2_interfaces) StdoutLine: {'line': b'-- Up-to-date: /workspaces/isaac_ros-dev/install/qcar2_interfaces/share/qcar2_interfaces/cmake/export_qcar2_interfaces__rosidl_generator_cppExport.cmake\n'}
[0.829146] (qcar2_interfaces) StdoutLine: {'line': b'-- Up-to-date: /workspaces/isaac_ros-dev/install/qcar2_interfaces/share/qcar2_interfaces/cmake/export_qcar2_interfaces__rosidl_typesupport_fastrtps_cppExport.cmake\n'}
[0.829793] (qcar2_interfaces) StdoutLine: {'line': b'-- Up-to-date: /workspaces/isaac_ros-dev/install/qcar2_interfaces/share/qcar2_interfaces/cmake/export_qcar2_interfaces__rosidl_typesupport_fastrtps_cppExport-noconfig.cmake\n'}
[0.829934] (qcar2_interfaces) StdoutLine: {'line': b'-- Up-to-date: /workspaces/isaac_ros-dev/install/qcar2_interfaces/share/qcar2_interfaces/cmake/qcar2_interfaces__rosidl_typesupport_introspection_cppExport.cmake\n'}
[0.830117] (qcar2_interfaces) StdoutLine: {'line': b'-- Up-to-date: /workspaces/isaac_ros-dev/install/qcar2_interfaces/share/qcar2_interfaces/cmake/qcar2_interfaces__rosidl_typesupport_introspection_cppExport-noconfig.cmake\n'}
[0.830295] (qcar2_interfaces) StdoutLine: {'line': b'-- Up-to-date: /workspaces/isaac_ros-dev/install/qcar2_interfaces/share/qcar2_interfaces/cmake/qcar2_interfaces__rosidl_typesupport_cppExport.cmake\n'}
[0.830411] (qcar2_interfaces) StdoutLine: {'line': b'-- Up-to-date: /workspaces/isaac_ros-dev/install/qcar2_interfaces/share/qcar2_interfaces/cmake/qcar2_interfaces__rosidl_typesupport_cppExport-noconfig.cmake\n'}
[0.830523] (qcar2_interfaces) StdoutLine: {'line': b'-- Up-to-date: /workspaces/isaac_ros-dev/install/qcar2_interfaces/share/qcar2_interfaces/cmake/export_qcar2_interfaces__rosidl_generator_pyExport.cmake\n'}
[0.830631] (qcar2_interfaces) StdoutLine: {'line': b'-- Up-to-date: /workspaces/isaac_ros-dev/install/qcar2_interfaces/share/qcar2_interfaces/cmake/export_qcar2_interfaces__rosidl_generator_pyExport-noconfig.cmake\n'}
[0.830746] (qcar2_interfaces) StdoutLine: {'line': b'-- Up-to-date: /workspaces/isaac_ros-dev/install/qcar2_interfaces/share/qcar2_interfaces/cmake/rosidl_cmake-extras.cmake\n'}
[0.830888] (qcar2_interfaces) StdoutLine: {'line': b'-- Up-to-date: /workspaces/isaac_ros-dev/install/qcar2_interfaces/share/qcar2_interfaces/cmake/ament_cmake_export_include_directories-extras.cmake\n'}
[0.831006] (qcar2_interfaces) StdoutLine: {'line': b'-- Up-to-date: /workspaces/isaac_ros-dev/install/qcar2_interfaces/share/qcar2_interfaces/cmake/ament_cmake_export_libraries-extras.cmake\n'}
[0.831296] (qcar2_interfaces) StdoutLine: {'line': b'-- Up-to-date: /workspaces/isaac_ros-dev/install/qcar2_interfaces/share/qcar2_interfaces/cmake/ament_cmake_export_targets-extras.cmake\n'}
[0.831406] (qcar2_interfaces) StdoutLine: {'line': b'-- Up-to-date: /workspaces/isaac_ros-dev/install/qcar2_interfaces/share/qcar2_interfaces/cmake/rosidl_cmake_export_typesupport_targets-extras.cmake\n'}
[0.831515] (qcar2_interfaces) StdoutLine: {'line': b'-- Up-to-date: /workspaces/isaac_ros-dev/install/qcar2_interfaces/share/qcar2_interfaces/cmake/ament_cmake_export_dependencies-extras.cmake\n'}
[0.831624] (qcar2_interfaces) StdoutLine: {'line': b'-- Up-to-date: /workspaces/isaac_ros-dev/install/qcar2_interfaces/share/qcar2_interfaces/cmake/rosidl_cmake_export_typesupport_libraries-extras.cmake\n'}
[0.831733] (qcar2_interfaces) StdoutLine: {'line': b'-- Up-to-date: /workspaces/isaac_ros-dev/install/qcar2_interfaces/share/qcar2_interfaces/cmake/qcar2_interfacesConfig.cmake\n'}
[0.831842] (qcar2_interfaces) StdoutLine: {'line': b'-- Up-to-date: /workspaces/isaac_ros-dev/install/qcar2_interfaces/share/qcar2_interfaces/cmake/qcar2_interfacesConfig-version.cmake\n'}
[0.832144] (qcar2_interfaces) StdoutLine: {'line': b'-- Up-to-date: /workspaces/isaac_ros-dev/install/qcar2_interfaces/share/qcar2_interfaces/package.xml\n'}
[0.832284] (qcar2_interfaces) CommandEnded: {'returncode': 0}
[0.901374] (-) TimerEvent: {}
[1.002422] (-) TimerEvent: {}
[1.103033] (-) TimerEvent: {}
[1.172549] (qcar2_interfaces) JobEnded: {'identifier': 'qcar2_interfaces', 'rc': 0}
[1.173480] (qcar2_controller) JobStarted: {'identifier': 'qcar2_controller'}
[1.203127] (-) TimerEvent: {}
[1.225230] (qcar2_navigation) JobStarted: {'identifier': 'qcar2_navigation'}
[1.278155] (qcar2_nodes) JobStarted: {'identifier': 'qcar2_nodes'}
[1.322425] (-) TimerEvent: {}
[1.352839] (qcar2_controller) JobProgress: {'identifier': 'qcar2_controller', 'progress': 'cmake'}
[1.353947] (qcar2_controller) JobProgress: {'identifier': 'qcar2_controller', 'progress': 'build'}
[1.355972] (qcar2_controller) Command: {'cmd': ['/usr/bin/cmake', '--build', '/workspaces/isaac_ros-dev/build/qcar2_controller', '--', '-j16', '-l16'], 'cwd': '/workspaces/isaac_ros-dev/build/qcar2_controller', 'env': OrderedDict([('DALI_BUILD', '5838886'), ('LIBRARY_PATH', '/usr/local/cuda/lib64/stubs:'), ('PYTHONWARNINGS', 'ignore:::setuptools.command.install,ignore:::setuptools.command.easy_install,ignore:::pkg_resources'), ('USER', 'cilrtx'), ('TF_ADJUST_SATURATION_FUSED', '1'), ('CUSOLVER_VERSION', '11.4.1.48'), ('HOSTNAME', 'cil-rtx2070'), ('CUTENSOR_VERSION', '1.6.1.5'), ('SHLVL', '2'), ('LD_LIBRARY_PATH', '/workspaces/isaac_ros-dev/install/qcar2_interfaces/lib:/opt/ros/humble/opt/rviz_ogre_vendor/lib:/opt/ros/humble/lib/x86_64-linux-gnu:/opt/ros/humble/lib:/opt/tritonserver/backends/onnxruntime:/usr/local/cuda/compat/lib:/usr/local/nvidia/lib:/usr/local/nvidia/lib64:/opt/tritonserver/lib'), ('HOME', '/home/admin'), ('NVIDIA_TRITON_SERVER_VERSION', '22.09'), ('CUDA_CACHE_DISABLE', '1'), ('ROS_PYTHON_VERSION', '3'), ('USER_UID', '1000'), ('ENV', '/etc/shinit_v2'), ('RDMACORE_VERSION', '36.0'), ('NVJPEG_VERSION', '11.9.0.86'), ('NVIDIA_BUILD_ID', '44909143'), ('CUDA_VERSION', '11.8.0.062'), ('CUBLAS_VERSION', '11.11.3.6'), ('NSIGHT_SYSTEMS_VERSION', '2022.3.1.43'), ('ROS_DISTRO', 'humble'), ('OPAL_PREFIX', '/opt/hpcx/ompi'), ('NVIDIA_REQUIRE_CUDA', 'cuda>=9.0'), ('TRT_VERSION', '8.5.0.12'), ('GDRCOPY_VERSION', '2.3'), ('_', '/usr/bin/colcon'), ('ROS_VERSION', '2'), ('NVIDIA_DRIVER_CAPABILITIES', 'all'), ('POLYGRAPHY_VERSION', '0.38.0'), ('CURAND_VERSION', '10.3.0.86'), ('MOFED_VERSION', '5.4-rdmacore36.0'), ('USERNAME', 'admin'), ('TERM', 'xterm'), ('ROS_LOCALHOST_ONLY', '0'), ('PATH', '/opt/ros/humble/bin:/opt/tritonserver/bin:/usr/local/mpi/bin:/usr/local/nvidia/bin:/usr/local/cuda/bin:/usr/local/sbin:/usr/local/bin:/usr/sbin:/usr/bin:/sbin:/bin:/usr/local/ucx/bin:/opt/nvidia/tao'), ('FASTRTPS_DEFAULT_PROFILES_FILE', '/usr/local/share/middleware_profiles/rtps_udp_profile.xml'), ('CUDA_DRIVER_VERSION', '520.61.03'), ('_CUDA_COMPAT_STATUS', 'System has unsupported display driver / cuda driver combination (CUDA_ERROR_SYSTEM_DRIVER_MISMATCH) cuInit()=803'), ('DISPLAY', ':0'), ('NVIDIA_PRODUCT_NAME', 'Triton Server'), ('LANG', 'en_US.UTF-8'), ('RMW_IMPLEMENTATION', 'rmw_fastrtps_cpp'), ('NPP_VERSION', '11.8.0.86'), ('ROS_ROOT', '/opt/ros/humble'), ('CUFFT_VERSION', '10.9.0.58'), ('TF_ENABLE_WINOGRAD_NONFUSED', '1'), ('AMENT_PREFIX_PATH', '/workspaces/isaac_ros-dev/install/qcar2_interfaces:/opt/ros/humble'), ('CUDNN_VERSION', '8.6.0.163'), ('NSIGHT_COMPUTE_VERSION', '2022.3.0.22'), ('DALI_VERSION', '1.17.0'), ('DEBIAN_FRONTEND', 'noninteractive'), ('SHELL', '/bin/bash'), ('DCGM_VERSION', '2.2.9'), ('OPENMPI_VERSION', '4.1.4'), ('TRTOSS_VERSION', ''), ('OMPI_MCA_coll_hcoll_enable', '0'), ('CUSPARSE_VERSION', '11.7.5.86'), ('TRITON_SERVER_GPU_ENABLED', '1'), ('TRITON_SERVER_VERSION', '2.26.0'), ('BASH_ENV', '/etc/bash.bashrc'), ('PWD', '/workspaces/isaac_ros-dev/build/qcar2_controller'), ('PYTHONPATH', '/workspaces/isaac_ros-dev/install/qcar2_interfaces/lib/python3.8/site-packages:/opt/ros/humble/lib/python3.8/site-packages:/home/Quanser/libraries/python'), ('_CUDA_COMPAT_PATH', '/usr/local/cuda/compat'), ('TRITON_SERVER_USER', 'triton-server'), ('TF_ADJUST_HUE_FUSED', '1'), ('NVIDIA_VISIBLE_DEVICES', 'all'), ('NCCL_VERSION', '2.15.1'), ('USER_GID', '1000'), ('COLCON', '1'), ('OPENUCX_VERSION', '1.14.0'), ('HPCX_VERSION', '2.12.1a0'), ('SHARP_COLL_ENABLE_CUDA', '0'), ('TF_AUTOTUNE_THRESHOLD', '2'), ('CMAKE_PREFIX_PATH', '/workspaces/isaac_ros-dev/install/qcar2_interfaces:/opt/ros/humble')]), 'shell': False}
[1.358865] (qcar2_navigation) JobProgress: {'identifier': 'qcar2_navigation', 'progress': 'cmake'}
[1.359494] (qcar2_navigation) JobProgress: {'identifier': 'qcar2_navigation', 'progress': 'build'}
[1.359797] (qcar2_navigation) Command: {'cmd': ['/usr/bin/cmake', '--build', '/workspaces/isaac_ros-dev/build/qcar2_navigation', '--', '-j16', '-l16'], 'cwd': '/workspaces/isaac_ros-dev/build/qcar2_navigation', 'env': OrderedDict([('DALI_BUILD', '5838886'), ('LIBRARY_PATH', '/usr/local/cuda/lib64/stubs:'), ('PYTHONWARNINGS', 'ignore:::setuptools.command.install,ignore:::setuptools.command.easy_install,ignore:::pkg_resources'), ('USER', 'cilrtx'), ('TF_ADJUST_SATURATION_FUSED', '1'), ('CUSOLVER_VERSION', '11.4.1.48'), ('HOSTNAME', 'cil-rtx2070'), ('CUTENSOR_VERSION', '1.6.1.5'), ('SHLVL', '2'), ('LD_LIBRARY_PATH', '/workspaces/isaac_ros-dev/install/qcar2_interfaces/lib:/opt/ros/humble/opt/rviz_ogre_vendor/lib:/opt/ros/humble/lib/x86_64-linux-gnu:/opt/ros/humble/lib:/opt/tritonserver/backends/onnxruntime:/usr/local/cuda/compat/lib:/usr/local/nvidia/lib:/usr/local/nvidia/lib64:/opt/tritonserver/lib'), ('HOME', '/home/admin'), ('NVIDIA_TRITON_SERVER_VERSION', '22.09'), ('CUDA_CACHE_DISABLE', '1'), ('ROS_PYTHON_VERSION', '3'), ('USER_UID', '1000'), ('ENV', '/etc/shinit_v2'), ('RDMACORE_VERSION', '36.0'), ('NVJPEG_VERSION', '11.9.0.86'), ('NVIDIA_BUILD_ID', '44909143'), ('CUDA_VERSION', '11.8.0.062'), ('CUBLAS_VERSION', '11.11.3.6'), ('NSIGHT_SYSTEMS_VERSION', '2022.3.1.43'), ('ROS_DISTRO', 'humble'), ('OPAL_PREFIX', '/opt/hpcx/ompi'), ('NVIDIA_REQUIRE_CUDA', 'cuda>=9.0'), ('TRT_VERSION', '8.5.0.12'), ('GDRCOPY_VERSION', '2.3'), ('_', '/usr/bin/colcon'), ('ROS_VERSION', '2'), ('NVIDIA_DRIVER_CAPABILITIES', 'all'), ('POLYGRAPHY_VERSION', '0.38.0'), ('CURAND_VERSION', '10.3.0.86'), ('MOFED_VERSION', '5.4-rdmacore36.0'), ('USERNAME', 'admin'), ('TERM', 'xterm'), ('ROS_LOCALHOST_ONLY', '0'), ('PATH', '/opt/ros/humble/bin:/opt/tritonserver/bin:/usr/local/mpi/bin:/usr/local/nvidia/bin:/usr/local/cuda/bin:/usr/local/sbin:/usr/local/bin:/usr/sbin:/usr/bin:/sbin:/bin:/usr/local/ucx/bin:/opt/nvidia/tao'), ('FASTRTPS_DEFAULT_PROFILES_FILE', '/usr/local/share/middleware_profiles/rtps_udp_profile.xml'), ('CUDA_DRIVER_VERSION', '520.61.03'), ('_CUDA_COMPAT_STATUS', 'System has unsupported display driver / cuda driver combination (CUDA_ERROR_SYSTEM_DRIVER_MISMATCH) cuInit()=803'), ('DISPLAY', ':0'), ('NVIDIA_PRODUCT_NAME', 'Triton Server'), ('LANG', 'en_US.UTF-8'), ('RMW_IMPLEMENTATION', 'rmw_fastrtps_cpp'), ('NPP_VERSION', '11.8.0.86'), ('ROS_ROOT', '/opt/ros/humble'), ('CUFFT_VERSION', '10.9.0.58'), ('TF_ENABLE_WINOGRAD_NONFUSED', '1'), ('AMENT_PREFIX_PATH', '/workspaces/isaac_ros-dev/install/qcar2_interfaces:/opt/ros/humble'), ('CUDNN_VERSION', '8.6.0.163'), ('NSIGHT_COMPUTE_VERSION', '2022.3.0.22'), ('DALI_VERSION', '1.17.0'), ('DEBIAN_FRONTEND', 'noninteractive'), ('SHELL', '/bin/bash'), ('DCGM_VERSION', '2.2.9'), ('OPENMPI_VERSION', '4.1.4'), ('TRTOSS_VERSION', ''), ('OMPI_MCA_coll_hcoll_enable', '0'), ('CUSPARSE_VERSION', '11.7.5.86'), ('TRITON_SERVER_GPU_ENABLED', '1'), ('TRITON_SERVER_VERSION', '2.26.0'), ('BASH_ENV', '/etc/bash.bashrc'), ('PWD', '/workspaces/isaac_ros-dev/build/qcar2_navigation'), ('PYTHONPATH', '/workspaces/isaac_ros-dev/install/qcar2_interfaces/lib/python3.8/site-packages:/opt/ros/humble/lib/python3.8/site-packages:/home/Quanser/libraries/python'), ('_CUDA_COMPAT_PATH', '/usr/local/cuda/compat'), ('TRITON_SERVER_USER', 'triton-server'), ('TF_ADJUST_HUE_FUSED', '1'), ('NVIDIA_VISIBLE_DEVICES', 'all'), ('NCCL_VERSION', '2.15.1'), ('USER_GID', '1000'), ('COLCON', '1'), ('OPENUCX_VERSION', '1.14.0'), ('HPCX_VERSION', '2.12.1a0'), ('SHARP_COLL_ENABLE_CUDA', '0'), ('TF_AUTOTUNE_THRESHOLD', '2'), ('CMAKE_PREFIX_PATH', '/workspaces/isaac_ros-dev/install/qcar2_interfaces:/opt/ros/humble')]), 'shell': False}
[1.366196] (qcar2_nodes) JobProgress: {'identifier': 'qcar2_nodes', 'progress': 'cmake'}
[1.367341] (qcar2_nodes) JobProgress: {'identifier': 'qcar2_nodes', 'progress': 'build'}
[1.367832] (qcar2_nodes) Command: {'cmd': ['/usr/bin/cmake', '--build', '/workspaces/isaac_ros-dev/build/qcar2_nodes', '--', '-j16', '-l16'], 'cwd': '/workspaces/isaac_ros-dev/build/qcar2_nodes', 'env': OrderedDict([('DALI_BUILD', '5838886'), ('LIBRARY_PATH', '/usr/local/cuda/lib64/stubs:'), ('PYTHONWARNINGS', 'ignore:::setuptools.command.install,ignore:::setuptools.command.easy_install,ignore:::pkg_resources'), ('USER', 'cilrtx'), ('TF_ADJUST_SATURATION_FUSED', '1'), ('CUSOLVER_VERSION', '11.4.1.48'), ('HOSTNAME', 'cil-rtx2070'), ('CUTENSOR_VERSION', '1.6.1.5'), ('SHLVL', '2'), ('LD_LIBRARY_PATH', '/workspaces/isaac_ros-dev/install/qcar2_interfaces/lib:/opt/ros/humble/opt/rviz_ogre_vendor/lib:/opt/ros/humble/lib/x86_64-linux-gnu:/opt/ros/humble/lib:/opt/tritonserver/backends/onnxruntime:/usr/local/cuda/compat/lib:/usr/local/nvidia/lib:/usr/local/nvidia/lib64:/opt/tritonserver/lib'), ('HOME', '/home/admin'), ('NVIDIA_TRITON_SERVER_VERSION', '22.09'), ('CUDA_CACHE_DISABLE', '1'), ('ROS_PYTHON_VERSION', '3'), ('USER_UID', '1000'), ('ENV', '/etc/shinit_v2'), ('RDMACORE_VERSION', '36.0'), ('NVJPEG_VERSION', '11.9.0.86'), ('NVIDIA_BUILD_ID', '44909143'), ('CUDA_VERSION', '11.8.0.062'), ('CUBLAS_VERSION', '11.11.3.6'), ('NSIGHT_SYSTEMS_VERSION', '2022.3.1.43'), ('ROS_DISTRO', 'humble'), ('OPAL_PREFIX', '/opt/hpcx/ompi'), ('NVIDIA_REQUIRE_CUDA', 'cuda>=9.0'), ('TRT_VERSION', '8.5.0.12'), ('GDRCOPY_VERSION', '2.3'), ('_', '/usr/bin/colcon'), ('ROS_VERSION', '2'), ('NVIDIA_DRIVER_CAPABILITIES', 'all'), ('POLYGRAPHY_VERSION', '0.38.0'), ('CURAND_VERSION', '10.3.0.86'), ('MOFED_VERSION', '5.4-rdmacore36.0'), ('USERNAME', 'admin'), ('TERM', 'xterm'), ('ROS_LOCALHOST_ONLY', '0'), ('PATH', '/opt/ros/humble/bin:/opt/tritonserver/bin:/usr/local/mpi/bin:/usr/local/nvidia/bin:/usr/local/cuda/bin:/usr/local/sbin:/usr/local/bin:/usr/sbin:/usr/bin:/sbin:/bin:/usr/local/ucx/bin:/opt/nvidia/tao'), ('FASTRTPS_DEFAULT_PROFILES_FILE', '/usr/local/share/middleware_profiles/rtps_udp_profile.xml'), ('CUDA_DRIVER_VERSION', '520.61.03'), ('_CUDA_COMPAT_STATUS', 'System has unsupported display driver / cuda driver combination (CUDA_ERROR_SYSTEM_DRIVER_MISMATCH) cuInit()=803'), ('DISPLAY', ':0'), ('NVIDIA_PRODUCT_NAME', 'Triton Server'), ('LANG', 'en_US.UTF-8'), ('RMW_IMPLEMENTATION', 'rmw_fastrtps_cpp'), ('NPP_VERSION', '11.8.0.86'), ('ROS_ROOT', '/opt/ros/humble'), ('CUFFT_VERSION', '10.9.0.58'), ('TF_ENABLE_WINOGRAD_NONFUSED', '1'), ('AMENT_PREFIX_PATH', '/workspaces/isaac_ros-dev/install/qcar2_interfaces:/opt/ros/humble'), ('CUDNN_VERSION', '8.6.0.163'), ('NSIGHT_COMPUTE_VERSION', '2022.3.0.22'), ('DALI_VERSION', '1.17.0'), ('DEBIAN_FRONTEND', 'noninteractive'), ('SHELL', '/bin/bash'), ('DCGM_VERSION', '2.2.9'), ('OPENMPI_VERSION', '4.1.4'), ('TRTOSS_VERSION', ''), ('OMPI_MCA_coll_hcoll_enable', '0'), ('CUSPARSE_VERSION', '11.7.5.86'), ('TRITON_SERVER_GPU_ENABLED', '1'), ('TRITON_SERVER_VERSION', '2.26.0'), ('BASH_ENV', '/etc/bash.bashrc'), ('PWD', '/workspaces/isaac_ros-dev/build/qcar2_nodes'), ('PYTHONPATH', '/workspaces/isaac_ros-dev/install/qcar2_interfaces/lib/python3.8/site-packages:/opt/ros/humble/lib/python3.8/site-packages:/home/Quanser/libraries/python'), ('_CUDA_COMPAT_PATH', '/usr/local/cuda/compat'), ('TRITON_SERVER_USER', 'triton-server'), ('TF_ADJUST_HUE_FUSED', '1'), ('NVIDIA_VISIBLE_DEVICES', 'all'), ('NCCL_VERSION', '2.15.1'), ('USER_GID', '1000'), ('COLCON', '1'), ('OPENUCX_VERSION', '1.14.0'), ('HPCX_VERSION', '2.12.1a0'), ('SHARP_COLL_ENABLE_CUDA', '0'), ('TF_AUTOTUNE_THRESHOLD', '2'), ('CMAKE_PREFIX_PATH', '/workspaces/isaac_ros-dev/install/qcar2_interfaces:/opt/ros/humble')]), 'shell': False}
[1.392391] (qcar2_controller) StdoutLine: {'line': b'Built target ament_cmake_python_copy_qcar2_controller\n'}
[1.402210] (qcar2_navigation) StdoutLine: {'line': b'Built target ament_cmake_python_copy_qcar2_navigation\n'}
[1.414115] (qcar2_nodes) StdoutLine: {'line': b'[ 10%] Built target command\n'}
[1.416876] (qcar2_nodes) StdoutLine: {'line': b'[ 25%] Built target csi\n'}
[1.417180] (qcar2_nodes) StdoutLine: {'line': b'[ 35%] Built target qcar2_hardware\n'}
[1.417336] (qcar2_nodes) StdoutLine: {'line': b'[ 40%] Built target fer_command\n'}
[1.417481] (qcar2_nodes) StdoutLine: {'line': b'[ 50%] Built target qcar2_odometry_broadcaster\n'}
[1.419588] (qcar2_nodes) StdoutLine: {'line': b'[ 60%] Built target fixed_lidar_frame\n'}
[1.419870] (qcar2_nodes) StdoutLine: {'line': b'[ 70%] Built target fixed_lidar_frame_virtual\n'}
[1.420030] (qcar2_nodes) StdoutLine: {'line': b'[ 80%] Built target lidar\n'}
[1.420169] (qcar2_nodes) StdoutLine: {'line': b'[ 90%] Built target nav2_qcar2_converter\n'}
[1.420252] (qcar2_nodes) StdoutLine: {'line': b'[100%] Built target rgbd\n'}
[1.422493] (-) TimerEvent: {}
[1.425981] (qcar2_nodes) CommandEnded: {'returncode': 0}
[1.516115] (qcar2_nodes) JobProgress: {'identifier': 'qcar2_nodes', 'progress': 'install'}
[1.516557] (qcar2_nodes) Command: {'cmd': ['/usr/bin/cmake', '--install', '/workspaces/isaac_ros-dev/build/qcar2_nodes'], 'cwd': '/workspaces/isaac_ros-dev/build/qcar2_nodes', 'env': OrderedDict([('DALI_BUILD', '5838886'), ('LIBRARY_PATH', '/usr/local/cuda/lib64/stubs:'), ('PYTHONWARNINGS', 'ignore:::setuptools.command.install,ignore:::setuptools.command.easy_install,ignore:::pkg_resources'), ('USER', 'cilrtx'), ('TF_ADJUST_SATURATION_FUSED', '1'), ('CUSOLVER_VERSION', '11.4.1.48'), ('HOSTNAME', 'cil-rtx2070'), ('CUTENSOR_VERSION', '1.6.1.5'), ('SHLVL', '2'), ('LD_LIBRARY_PATH', '/workspaces/isaac_ros-dev/install/qcar2_interfaces/lib:/opt/ros/humble/opt/rviz_ogre_vendor/lib:/opt/ros/humble/lib/x86_64-linux-gnu:/opt/ros/humble/lib:/opt/tritonserver/backends/onnxruntime:/usr/local/cuda/compat/lib:/usr/local/nvidia/lib:/usr/local/nvidia/lib64:/opt/tritonserver/lib'), ('HOME', '/home/admin'), ('NVIDIA_TRITON_SERVER_VERSION', '22.09'), ('CUDA_CACHE_DISABLE', '1'), ('ROS_PYTHON_VERSION', '3'), ('USER_UID', '1000'), ('ENV', '/etc/shinit_v2'), ('RDMACORE_VERSION', '36.0'), ('NVJPEG_VERSION', '11.9.0.86'), ('NVIDIA_BUILD_ID', '44909143'), ('CUDA_VERSION', '11.8.0.062'), ('CUBLAS_VERSION', '11.11.3.6'), ('NSIGHT_SYSTEMS_VERSION', '2022.3.1.43'), ('ROS_DISTRO', 'humble'), ('OPAL_PREFIX', '/opt/hpcx/ompi'), ('NVIDIA_REQUIRE_CUDA', 'cuda>=9.0'), ('TRT_VERSION', '8.5.0.12'), ('GDRCOPY_VERSION', '2.3'), ('_', '/usr/bin/colcon'), ('ROS_VERSION', '2'), ('NVIDIA_DRIVER_CAPABILITIES', 'all'), ('POLYGRAPHY_VERSION', '0.38.0'), ('CURAND_VERSION', '10.3.0.86'), ('MOFED_VERSION', '5.4-rdmacore36.0'), ('USERNAME', 'admin'), ('TERM', 'xterm'), ('ROS_LOCALHOST_ONLY', '0'), ('PATH', '/opt/ros/humble/bin:/opt/tritonserver/bin:/usr/local/mpi/bin:/usr/local/nvidia/bin:/usr/local/cuda/bin:/usr/local/sbin:/usr/local/bin:/usr/sbin:/usr/bin:/sbin:/bin:/usr/local/ucx/bin:/opt/nvidia/tao'), ('FASTRTPS_DEFAULT_PROFILES_FILE', '/usr/local/share/middleware_profiles/rtps_udp_profile.xml'), ('CUDA_DRIVER_VERSION', '520.61.03'), ('_CUDA_COMPAT_STATUS', 'System has unsupported display driver / cuda driver combination (CUDA_ERROR_SYSTEM_DRIVER_MISMATCH) cuInit()=803'), ('DISPLAY', ':0'), ('NVIDIA_PRODUCT_NAME', 'Triton Server'), ('LANG', 'en_US.UTF-8'), ('RMW_IMPLEMENTATION', 'rmw_fastrtps_cpp'), ('NPP_VERSION', '11.8.0.86'), ('ROS_ROOT', '/opt/ros/humble'), ('CUFFT_VERSION', '10.9.0.58'), ('TF_ENABLE_WINOGRAD_NONFUSED', '1'), ('AMENT_PREFIX_PATH', '/workspaces/isaac_ros-dev/install/qcar2_interfaces:/opt/ros/humble'), ('CUDNN_VERSION', '8.6.0.163'), ('NSIGHT_COMPUTE_VERSION', '2022.3.0.22'), ('DALI_VERSION', '1.17.0'), ('DEBIAN_FRONTEND', 'noninteractive'), ('SHELL', '/bin/bash'), ('DCGM_VERSION', '2.2.9'), ('OPENMPI_VERSION', '4.1.4'), ('TRTOSS_VERSION', ''), ('OMPI_MCA_coll_hcoll_enable', '0'), ('CUSPARSE_VERSION', '11.7.5.86'), ('TRITON_SERVER_GPU_ENABLED', '1'), ('TRITON_SERVER_VERSION', '2.26.0'), ('BASH_ENV', '/etc/bash.bashrc'), ('PWD', '/workspaces/isaac_ros-dev/build/qcar2_nodes'), ('PYTHONPATH', '/workspaces/isaac_ros-dev/install/qcar2_interfaces/lib/python3.8/site-packages:/opt/ros/humble/lib/python3.8/site-packages:/home/Quanser/libraries/python'), ('_CUDA_COMPAT_PATH', '/usr/local/cuda/compat'), ('TRITON_SERVER_USER', 'triton-server'), ('TF_ADJUST_HUE_FUSED', '1'), ('NVIDIA_VISIBLE_DEVICES', 'all'), ('NCCL_VERSION', '2.15.1'), ('USER_GID', '1000'), ('COLCON', '1'), ('OPENUCX_VERSION', '1.14.0'), ('HPCX_VERSION', '2.12.1a0'), ('SHARP_COLL_ENABLE_CUDA', '0'), ('TF_AUTOTUNE_THRESHOLD', '2'), ('CMAKE_PREFIX_PATH', '/workspaces/isaac_ros-dev/install/qcar2_interfaces:/opt/ros/humble')]), 'shell': False}
[1.522605] (-) TimerEvent: {}
[1.523525] (qcar2_nodes) StdoutLine: {'line': b'-- Install configuration: ""\n'}
[1.523815] (qcar2_nodes) StdoutLine: {'line': b'-- Up-to-date: /workspaces/isaac_ros-dev/install/qcar2_nodes/lib/qcar2_nodes/qcar2_hardware\n'}
[1.524276] (qcar2_nodes) StdoutLine: {'line': b'-- Up-to-date: /workspaces/isaac_ros-dev/install/qcar2_nodes/lib/qcar2_nodes/rgbd\n'}
[1.524617] (qcar2_nodes) StdoutLine: {'line': b'-- Up-to-date: /workspaces/isaac_ros-dev/install/qcar2_nodes/lib/qcar2_nodes/lidar\n'}
[1.524968] (qcar2_nodes) StdoutLine: {'line': b'-- Up-to-date: /workspaces/isaac_ros-dev/install/qcar2_nodes/lib/qcar2_nodes/csi\n'}
[1.525844] (qcar2_nodes) StdoutLine: {'line': b'-- Up-to-date: /workspaces/isaac_ros-dev/install/qcar2_nodes/lib/qcar2_nodes/fer_command\n'}
[1.525968] (qcar2_nodes) StdoutLine: {'line': b'-- Up-to-date: /workspaces/isaac_ros-dev/install/qcar2_nodes/lib/qcar2_nodes/command\n'}
[1.526170] (qcar2_nodes) StdoutLine: {'line': b'-- Up-to-date: /workspaces/isaac_ros-dev/install/qcar2_nodes/lib/qcar2_nodes/nav2_qcar2_converter\n'}
[1.526578] (qcar2_nodes) StdoutLine: {'line': b'-- Up-to-date: /workspaces/isaac_ros-dev/install/qcar2_nodes/lib/qcar2_nodes/fixed_lidar_frame\n'}
[1.527029] (qcar2_nodes) StdoutLine: {'line': b'-- Up-to-date: /workspaces/isaac_ros-dev/install/qcar2_nodes/lib/qcar2_nodes/fixed_lidar_frame_virtual\n'}
[1.527428] (qcar2_nodes) StdoutLine: {'line': b'-- Up-to-date: /workspaces/isaac_ros-dev/install/qcar2_nodes/lib/qcar2_nodes/qcar2_odometry_broadcaster\n'}
[1.527643] (qcar2_nodes) StdoutLine: {'line': b'-- Up-to-date: /workspaces/isaac_ros-dev/install/qcar2_nodes/share/qcar2_nodes//launch\n'}
[1.527846] (qcar2_nodes) StdoutLine: {'line': b'-- Up-to-date: /workspaces/isaac_ros-dev/install/qcar2_nodes/share/qcar2_nodes//launch/qcar2_slam_and_nav_bringup_launch.py\n'}
[1.527949] (qcar2_nodes) StdoutLine: {'line': b'-- Up-to-date: /workspaces/isaac_ros-dev/install/qcar2_nodes/share/qcar2_nodes//launch/qcar2_virtual_launch.py\n'}
[1.528063] (qcar2_nodes) StdoutLine: {'line': b'-- Up-to-date: /workspaces/isaac_ros-dev/install/qcar2_nodes/share/qcar2_nodes//launch/qcar2_manual_cartographer_launch.py\n'}
[1.528458] (qcar2_nodes) StdoutLine: {'line': b'-- Up-to-date: /workspaces/isaac_ros-dev/install/qcar2_nodes/share/qcar2_nodes//launch/qcar2_cartographer_launch.py\n'}
[1.528605] (qcar2_nodes) StdoutLine: {'line': b'-- Up-to-date: /workspaces/isaac_ros-dev/install/qcar2_nodes/share/qcar2_nodes//launch/qcar2_cartographer_virtual_launch.py\n'}
[1.528691] (qcar2_nodes) StdoutLine: {'line': b'-- Up-to-date: /workspaces/isaac_ros-dev/install/qcar2_nodes/share/qcar2_nodes//launch/qcar2_navigation_launch.py\n'}
[1.528768] (qcar2_nodes) StdoutLine: {'line': b'-- Up-to-date: /workspaces/isaac_ros-dev/install/qcar2_nodes/share/qcar2_nodes//launch/qcar2_slam_and_nav_bringup_virtual_launch.py\n'}
[1.528840] (qcar2_nodes) StdoutLine: {'line': b'-- Up-to-date: /workspaces/isaac_ros-dev/install/qcar2_nodes/share/qcar2_nodes//launch/qcar2_manual_drive_launch.py\n'}
[1.529155] (qcar2_nodes) StdoutLine: {'line': b'-- Up-to-date: /workspaces/isaac_ros-dev/install/qcar2_nodes/share/qcar2_nodes//launch/localization_launch.py\n'}
[1.529400] (qcar2_nodes) StdoutLine: {'line': b'-- Up-to-date: /workspaces/isaac_ros-dev/install/qcar2_nodes/share/qcar2_nodes//launch/qcar2_launch.py\n'}
[1.529570] (qcar2_nodes) StdoutLine: {'line': b'-- Up-to-date: /workspaces/isaac_ros-dev/install/qcar2_nodes/share/qcar2_nodes//rt_models\n'}
[1.529656] (qcar2_nodes) StdoutLine: {'line': b'-- Up-to-date: /workspaces/isaac_ros-dev/install/qcar2_nodes/share/qcar2_nodes//rt_models/dummy_model\n'}
[1.529735] (qcar2_nodes) StdoutLine: {'line': b'-- Up-to-date: /workspaces/isaac_ros-dev/install/qcar2_nodes/share/qcar2_nodes//config\n'}
[1.529810] (qcar2_nodes) StdoutLine: {'line': b'-- Up-to-date: /workspaces/isaac_ros-dev/install/qcar2_nodes/share/qcar2_nodes//config/qcar2_slam_and_nav.yaml\n'}
[1.529885] (qcar2_nodes) StdoutLine: {'line': b'-- Up-to-date: /workspaces/isaac_ros-dev/install/qcar2_nodes/share/qcar2_nodes//config/qcar2_slam_and_nav_virtual.yaml\n'}
[1.529960] (qcar2_nodes) StdoutLine: {'line': b'-- Up-to-date: /workspaces/isaac_ros-dev/install/qcar2_nodes/share/qcar2_nodes//config/qcar2_2d.lua\n'}
[1.530138] (qcar2_nodes) StdoutLine: {'line': b'-- Up-to-date: /workspaces/isaac_ros-dev/install/qcar2_nodes/share/qcar2_nodes//maps\n'}
[1.530216] (qcar2_nodes) StdoutLine: {'line': b'-- Up-to-date: /workspaces/isaac_ros-dev/install/qcar2_nodes/share/qcar2_nodes//maps/sdcc\n'}
[1.530290] (qcar2_nodes) StdoutLine: {'line': b'-- Up-to-date: /workspaces/isaac_ros-dev/install/qcar2_nodes/share/qcar2_nodes//maps/sdcc/sdcc.pgm\n'}
[1.530365] (qcar2_nodes) StdoutLine: {'line': b'-- Up-to-date: /workspaces/isaac_ros-dev/install/qcar2_nodes/share/qcar2_nodes//maps/sdcc/sdcc_modified.pgm\n'}
[1.530439] (qcar2_nodes) StdoutLine: {'line': b'-- Up-to-date: /workspaces/isaac_ros-dev/install/qcar2_nodes/share/qcar2_nodes//maps/sdcc/sdccmod2.pgm\n'}
[1.530513] (qcar2_nodes) StdoutLine: {'line': b'-- Up-to-date: /workspaces/isaac_ros-dev/install/qcar2_nodes/share/qcar2_nodes//maps/sdcc/sdcc.yaml\n'}
[1.530586] (qcar2_nodes) StdoutLine: {'line': b'-- Up-to-date: /workspaces/isaac_ros-dev/install/qcar2_nodes/share/qcar2_nodes//rviz\n'}
[1.530660] (qcar2_nodes) StdoutLine: {'line': b'-- Up-to-date: /workspaces/isaac_ros-dev/install/qcar2_nodes/share/qcar2_nodes//rviz/rviz_navigation.rviz\n'}
[1.531306] (qcar2_nodes) StdoutLine: {'line': b'-- Up-to-date: /workspaces/isaac_ros-dev/install/qcar2_nodes/share/qcar2_nodes//rviz/rviz_mapping.rviz\n'}
[1.531632] (qcar2_nodes) StdoutLine: {'line': b'-- Up-to-date: /workspaces/isaac_ros-dev/install/qcar2_nodes/share/ament_index/resource_index/package_run_dependencies/qcar2_nodes\n'}
[1.532411] (qcar2_nodes) StdoutLine: {'line': b'-- Up-to-date: /workspaces/isaac_ros-dev/install/qcar2_nodes/share/ament_index/resource_index/parent_prefix_path/qcar2_nodes\n'}
[1.532667] (qcar2_nodes) StdoutLine: {'line': b'-- Up-to-date: /workspaces/isaac_ros-dev/install/qcar2_nodes/share/qcar2_nodes/environment/ament_prefix_path.sh\n'}
[1.532894] (qcar2_nodes) StdoutLine: {'line': b'-- Up-to-date: /workspaces/isaac_ros-dev/install/qcar2_nodes/share/qcar2_nodes/environment/ament_prefix_path.dsv\n'}
[1.533198] (qcar2_nodes) StdoutLine: {'line': b'-- Up-to-date: /workspaces/isaac_ros-dev/install/qcar2_nodes/share/qcar2_nodes/environment/path.sh\n'}
[1.533592] (qcar2_nodes) StdoutLine: {'line': b'-- Up-to-date: /workspaces/isaac_ros-dev/install/qcar2_nodes/share/qcar2_nodes/environment/path.dsv\n'}
[1.533718] (qcar2_nodes) StdoutLine: {'line': b'-- Up-to-date: /workspaces/isaac_ros-dev/install/qcar2_nodes/share/qcar2_nodes/local_setup.bash\n'}
[1.533806] (qcar2_nodes) StdoutLine: {'line': b'-- Up-to-date: /workspaces/isaac_ros-dev/install/qcar2_nodes/share/qcar2_nodes/local_setup.sh\n'}
[1.533892] (qcar2_nodes) StdoutLine: {'line': b'-- Up-to-date: /workspaces/isaac_ros-dev/install/qcar2_nodes/share/qcar2_nodes/local_setup.zsh\n'}
[1.534173] (qcar2_nodes) StdoutLine: {'line': b'-- Up-to-date: /workspaces/isaac_ros-dev/install/qcar2_nodes/share/qcar2_nodes/local_setup.dsv\n'}
[1.534416] (qcar2_nodes) StdoutLine: {'line': b'-- Installing: /workspaces/isaac_ros-dev/install/qcar2_nodes/share/qcar2_nodes/package.dsv\n'}
[1.534607] (qcar2_nodes) StdoutLine: {'line': b'-- Up-to-date: /workspaces/isaac_ros-dev/install/qcar2_nodes/share/ament_index/resource_index/packages/qcar2_nodes\n'}
[1.534784] (qcar2_nodes) StdoutLine: {'line': b'-- Up-to-date: /workspaces/isaac_ros-dev/install/qcar2_nodes/share/qcar2_nodes/cmake/qcar2_nodesConfig.cmake\n'}
[1.534944] (qcar2_nodes) StdoutLine: {'line': b'-- Up-to-date: /workspaces/isaac_ros-dev/install/qcar2_nodes/share/qcar2_nodes/cmake/qcar2_nodesConfig-version.cmake\n'}
[1.535165] (qcar2_nodes) StdoutLine: {'line': b'-- Up-to-date: /workspaces/isaac_ros-dev/install/qcar2_nodes/share/qcar2_nodes/package.xml\n'}
[1.535391] (qcar2_nodes) CommandEnded: {'returncode': 0}
[1.622746] (-) TimerEvent: {}
[1.723234] (-) TimerEvent: {}
[1.749800] (qcar2_nodes) JobEnded: {'identifier': 'qcar2_nodes', 'rc': 0}
[1.823357] (-) TimerEvent: {}
[1.828662] (qcar2_controller) StdoutLine: {'line': b'running egg_info\n'}
[1.832989] (qcar2_navigation) StdoutLine: {'line': b'running egg_info\n'}
[1.846760] (qcar2_controller) StdoutLine: {'line': b'writing qcar2_controller.egg-info/PKG-INFO\n'}
[1.847091] (qcar2_controller) StdoutLine: {'line': b'writing dependency_links to qcar2_controller.egg-info/dependency_links.txt\n'}
[1.847387] (qcar2_controller) StdoutLine: {'line': b'writing top-level names to qcar2_controller.egg-info/top_level.txt\n'}
[1.850012] (qcar2_navigation) StdoutLine: {'line': b'writing qcar2_navigation.egg-info/PKG-INFO\n'}
[1.850623] (qcar2_navigation) StdoutLine: {'line': b'writing dependency_links to qcar2_navigation.egg-info/dependency_links.txt\n'}
[1.851302] (qcar2_navigation) StdoutLine: {'line': b'writing top-level names to qcar2_navigation.egg-info/top_level.txt\n'}
[1.898813] (qcar2_controller) StdoutLine: {'line': b"reading manifest file 'qcar2_controller.egg-info/SOURCES.txt'\n"}
[1.899470] (qcar2_controller) StdoutLine: {'line': b"writing manifest file 'qcar2_controller.egg-info/SOURCES.txt'\n"}
[1.904850] (qcar2_navigation) StdoutLine: {'line': b"reading manifest file 'qcar2_navigation.egg-info/SOURCES.txt'\n"}
[1.905681] (qcar2_navigation) StdoutLine: {'line': b"writing manifest file 'qcar2_navigation.egg-info/SOURCES.txt'\n"}
[1.923469] (-) TimerEvent: {}
[1.954220] (qcar2_controller) StdoutLine: {'line': b'Built target ament_cmake_python_build_qcar2_controller_egg\n'}
[1.959404] (qcar2_controller) CommandEnded: {'returncode': 0}
[1.962407] (qcar2_navigation) StdoutLine: {'line': b'Built target ament_cmake_python_build_qcar2_navigation_egg\n'}
[1.968299] (qcar2_navigation) CommandEnded: {'returncode': 0}
[1.992289] (qcar2_controller) JobProgress: {'identifier': 'qcar2_controller', 'progress': 'install'}
[1.992784] (qcar2_controller) Command: {'cmd': ['/usr/bin/cmake', '--install', '/workspaces/isaac_ros-dev/build/qcar2_controller'], 'cwd': '/workspaces/isaac_ros-dev/build/qcar2_controller', 'env': OrderedDict([('DALI_BUILD', '5838886'), ('LIBRARY_PATH', '/usr/local/cuda/lib64/stubs:'), ('PYTHONWARNINGS', 'ignore:::setuptools.command.install,ignore:::setuptools.command.easy_install,ignore:::pkg_resources'), ('USER', 'cilrtx'), ('TF_ADJUST_SATURATION_FUSED', '1'), ('CUSOLVER_VERSION', '11.4.1.48'), ('HOSTNAME', 'cil-rtx2070'), ('CUTENSOR_VERSION', '1.6.1.5'), ('SHLVL', '2'), ('LD_LIBRARY_PATH', '/workspaces/isaac_ros-dev/install/qcar2_interfaces/lib:/opt/ros/humble/opt/rviz_ogre_vendor/lib:/opt/ros/humble/lib/x86_64-linux-gnu:/opt/ros/humble/lib:/opt/tritonserver/backends/onnxruntime:/usr/local/cuda/compat/lib:/usr/local/nvidia/lib:/usr/local/nvidia/lib64:/opt/tritonserver/lib'), ('HOME', '/home/admin'), ('NVIDIA_TRITON_SERVER_VERSION', '22.09'), ('CUDA_CACHE_DISABLE', '1'), ('ROS_PYTHON_VERSION', '3'), ('USER_UID', '1000'), ('ENV', '/etc/shinit_v2'), ('RDMACORE_VERSION', '36.0'), ('NVJPEG_VERSION', '11.9.0.86'), ('NVIDIA_BUILD_ID', '44909143'), ('CUDA_VERSION', '11.8.0.062'), ('CUBLAS_VERSION', '11.11.3.6'), ('NSIGHT_SYSTEMS_VERSION', '2022.3.1.43'), ('ROS_DISTRO', 'humble'), ('OPAL_PREFIX', '/opt/hpcx/ompi'), ('NVIDIA_REQUIRE_CUDA', 'cuda>=9.0'), ('TRT_VERSION', '8.5.0.12'), ('GDRCOPY_VERSION', '2.3'), ('_', '/usr/bin/colcon'), ('ROS_VERSION', '2'), ('NVIDIA_DRIVER_CAPABILITIES', 'all'), ('POLYGRAPHY_VERSION', '0.38.0'), ('CURAND_VERSION', '10.3.0.86'), ('MOFED_VERSION', '5.4-rdmacore36.0'), ('USERNAME', 'admin'), ('TERM', 'xterm'), ('ROS_LOCALHOST_ONLY', '0'), ('PATH', '/opt/ros/humble/bin:/opt/tritonserver/bin:/usr/local/mpi/bin:/usr/local/nvidia/bin:/usr/local/cuda/bin:/usr/local/sbin:/usr/local/bin:/usr/sbin:/usr/bin:/sbin:/bin:/usr/local/ucx/bin:/opt/nvidia/tao'), ('FASTRTPS_DEFAULT_PROFILES_FILE', '/usr/local/share/middleware_profiles/rtps_udp_profile.xml'), ('CUDA_DRIVER_VERSION', '520.61.03'), ('_CUDA_COMPAT_STATUS', 'System has unsupported display driver / cuda driver combination (CUDA_ERROR_SYSTEM_DRIVER_MISMATCH) cuInit()=803'), ('DISPLAY', ':0'), ('NVIDIA_PRODUCT_NAME', 'Triton Server'), ('LANG', 'en_US.UTF-8'), ('RMW_IMPLEMENTATION', 'rmw_fastrtps_cpp'), ('NPP_VERSION', '11.8.0.86'), ('ROS_ROOT', '/opt/ros/humble'), ('CUFFT_VERSION', '10.9.0.58'), ('TF_ENABLE_WINOGRAD_NONFUSED', '1'), ('AMENT_PREFIX_PATH', '/workspaces/isaac_ros-dev/install/qcar2_interfaces:/opt/ros/humble'), ('CUDNN_VERSION', '8.6.0.163'), ('NSIGHT_COMPUTE_VERSION', '2022.3.0.22'), ('DALI_VERSION', '1.17.0'), ('DEBIAN_FRONTEND', 'noninteractive'), ('SHELL', '/bin/bash'), ('DCGM_VERSION', '2.2.9'), ('OPENMPI_VERSION', '4.1.4'), ('TRTOSS_VERSION', ''), ('OMPI_MCA_coll_hcoll_enable', '0'), ('CUSPARSE_VERSION', '11.7.5.86'), ('TRITON_SERVER_GPU_ENABLED', '1'), ('TRITON_SERVER_VERSION', '2.26.0'), ('BASH_ENV', '/etc/bash.bashrc'), ('PWD', '/workspaces/isaac_ros-dev/build/qcar2_controller'), ('PYTHONPATH', '/workspaces/isaac_ros-dev/install/qcar2_interfaces/lib/python3.8/site-packages:/opt/ros/humble/lib/python3.8/site-packages:/home/Quanser/libraries/python'), ('_CUDA_COMPAT_PATH', '/usr/local/cuda/compat'), ('TRITON_SERVER_USER', 'triton-server'), ('TF_ADJUST_HUE_FUSED', '1'), ('NVIDIA_VISIBLE_DEVICES', 'all'), ('NCCL_VERSION', '2.15.1'), ('USER_GID', '1000'), ('COLCON', '1'), ('OPENUCX_VERSION', '1.14.0'), ('HPCX_VERSION', '2.12.1a0'), ('SHARP_COLL_ENABLE_CUDA', '0'), ('TF_AUTOTUNE_THRESHOLD', '2'), ('CMAKE_PREFIX_PATH', '/workspaces/isaac_ros-dev/install/qcar2_interfaces:/opt/ros/humble')]), 'shell': False}
[1.999131] (qcar2_navigation) JobProgress: {'identifier': 'qcar2_navigation', 'progress': 'install'}
[1.999337] (qcar2_controller) StdoutLine: {'line': b'-- Install configuration: ""\n'}
[2.000150] (qcar2_controller) StdoutLine: {'line': b'-- Up-to-date: /workspaces/isaac_ros-dev/install/qcar2_controller/share/qcar2_controller/environment/pythonpath.sh\n'}
[2.002516] (qcar2_controller) StdoutLine: {'line': b'-- Up-to-date: /workspaces/isaac_ros-dev/install/qcar2_controller/share/qcar2_controller/environment/pythonpath.dsv\n'}
[2.003490] (qcar2_controller) StdoutLine: {'line': b'-- Up-to-date: /workspaces/isaac_ros-dev/install/qcar2_controller/lib/python3.8/site-packages/qcar2_controller-0.0.0-py3.8.egg-info\n'}
[2.003774] (qcar2_controller) StdoutLine: {'line': b'-- Installing: /workspaces/isaac_ros-dev/install/qcar2_controller/lib/python3.8/site-packages/qcar2_controller-0.0.0-py3.8.egg-info/PKG-INFO\n'}
[2.003868] (qcar2_navigation) Command: {'cmd': ['/usr/bin/cmake', '--install', '/workspaces/isaac_ros-dev/build/qcar2_navigation'], 'cwd': '/workspaces/isaac_ros-dev/build/qcar2_navigation', 'env': OrderedDict([('DALI_BUILD', '5838886'), ('LIBRARY_PATH', '/usr/local/cuda/lib64/stubs:'), ('PYTHONWARNINGS', 'ignore:::setuptools.command.install,ignore:::setuptools.command.easy_install,ignore:::pkg_resources'), ('USER', 'cilrtx'), ('TF_ADJUST_SATURATION_FUSED', '1'), ('CUSOLVER_VERSION', '11.4.1.48'), ('HOSTNAME', 'cil-rtx2070'), ('CUTENSOR_VERSION', '1.6.1.5'), ('SHLVL', '2'), ('LD_LIBRARY_PATH', '/workspaces/isaac_ros-dev/install/qcar2_interfaces/lib:/opt/ros/humble/opt/rviz_ogre_vendor/lib:/opt/ros/humble/lib/x86_64-linux-gnu:/opt/ros/humble/lib:/opt/tritonserver/backends/onnxruntime:/usr/local/cuda/compat/lib:/usr/local/nvidia/lib:/usr/local/nvidia/lib64:/opt/tritonserver/lib'), ('HOME', '/home/admin'), ('NVIDIA_TRITON_SERVER_VERSION', '22.09'), ('CUDA_CACHE_DISABLE', '1'), ('ROS_PYTHON_VERSION', '3'), ('USER_UID', '1000'), ('ENV', '/etc/shinit_v2'), ('RDMACORE_VERSION', '36.0'), ('NVJPEG_VERSION', '11.9.0.86'), ('NVIDIA_BUILD_ID', '44909143'), ('CUDA_VERSION', '11.8.0.062'), ('CUBLAS_VERSION', '11.11.3.6'), ('NSIGHT_SYSTEMS_VERSION', '2022.3.1.43'), ('ROS_DISTRO', 'humble'), ('OPAL_PREFIX', '/opt/hpcx/ompi'), ('NVIDIA_REQUIRE_CUDA', 'cuda>=9.0'), ('TRT_VERSION', '8.5.0.12'), ('GDRCOPY_VERSION', '2.3'), ('_', '/usr/bin/colcon'), ('ROS_VERSION', '2'), ('NVIDIA_DRIVER_CAPABILITIES', 'all'), ('POLYGRAPHY_VERSION', '0.38.0'), ('CURAND_VERSION', '10.3.0.86'), ('MOFED_VERSION', '5.4-rdmacore36.0'), ('USERNAME', 'admin'), ('TERM', 'xterm'), ('ROS_LOCALHOST_ONLY', '0'), ('PATH', '/opt/ros/humble/bin:/opt/tritonserver/bin:/usr/local/mpi/bin:/usr/local/nvidia/bin:/usr/local/cuda/bin:/usr/local/sbin:/usr/local/bin:/usr/sbin:/usr/bin:/sbin:/bin:/usr/local/ucx/bin:/opt/nvidia/tao'), ('FASTRTPS_DEFAULT_PROFILES_FILE', '/usr/local/share/middleware_profiles/rtps_udp_profile.xml'), ('CUDA_DRIVER_VERSION', '520.61.03'), ('_CUDA_COMPAT_STATUS', 'System has unsupported display driver / cuda driver combination (CUDA_ERROR_SYSTEM_DRIVER_MISMATCH) cuInit()=803'), ('DISPLAY', ':0'), ('NVIDIA_PRODUCT_NAME', 'Triton Server'), ('LANG', 'en_US.UTF-8'), ('RMW_IMPLEMENTATION', 'rmw_fastrtps_cpp'), ('NPP_VERSION', '11.8.0.86'), ('ROS_ROOT', '/opt/ros/humble'), ('CUFFT_VERSION', '10.9.0.58'), ('TF_ENABLE_WINOGRAD_NONFUSED', '1'), ('AMENT_PREFIX_PATH', '/workspaces/isaac_ros-dev/install/qcar2_interfaces:/opt/ros/humble'), ('CUDNN_VERSION', '8.6.0.163'), ('NSIGHT_COMPUTE_VERSION', '2022.3.0.22'), ('DALI_VERSION', '1.17.0'), ('DEBIAN_FRONTEND', 'noninteractive'), ('SHELL', '/bin/bash'), ('DCGM_VERSION', '2.2.9'), ('OPENMPI_VERSION', '4.1.4'), ('TRTOSS_VERSION', ''), ('OMPI_MCA_coll_hcoll_enable', '0'), ('CUSPARSE_VERSION', '11.7.5.86'), ('TRITON_SERVER_GPU_ENABLED', '1'), ('TRITON_SERVER_VERSION', '2.26.0'), ('BASH_ENV', '/etc/bash.bashrc'), ('PWD', '/workspaces/isaac_ros-dev/build/qcar2_navigation'), ('PYTHONPATH', '/workspaces/isaac_ros-dev/install/qcar2_interfaces/lib/python3.8/site-packages:/opt/ros/humble/lib/python3.8/site-packages:/home/Quanser/libraries/python'), ('_CUDA_COMPAT_PATH', '/usr/local/cuda/compat'), ('TRITON_SERVER_USER', 'triton-server'), ('TF_ADJUST_HUE_FUSED', '1'), ('NVIDIA_VISIBLE_DEVICES', 'all'), ('NCCL_VERSION', '2.15.1'), ('USER_GID', '1000'), ('COLCON', '1'), ('OPENUCX_VERSION', '1.14.0'), ('HPCX_VERSION', '2.12.1a0'), ('SHARP_COLL_ENABLE_CUDA', '0'), ('TF_AUTOTUNE_THRESHOLD', '2'), ('CMAKE_PREFIX_PATH', '/workspaces/isaac_ros-dev/install/qcar2_interfaces:/opt/ros/humble')]), 'shell': False}
[2.004540] (qcar2_controller) StdoutLine: {'line': b'-- Installing: /workspaces/isaac_ros-dev/install/qcar2_controller/lib/python3.8/site-packages/qcar2_controller-0.0.0-py3.8.egg-info/SOURCES.txt\n'}
[2.004643] (qcar2_controller) StdoutLine: {'line': b'-- Installing: /workspaces/isaac_ros-dev/install/qcar2_controller/lib/python3.8/site-packages/qcar2_controller-0.0.0-py3.8.egg-info/dependency_links.txt\n'}
[2.004723] (qcar2_controller) StdoutLine: {'line': b'-- Installing: /workspaces/isaac_ros-dev/install/qcar2_controller/lib/python3.8/site-packages/qcar2_controller-0.0.0-py3.8.egg-info/top_level.txt\n'}
[2.004799] (qcar2_controller) StdoutLine: {'line': b'-- Up-to-date: /workspaces/isaac_ros-dev/install/qcar2_controller/lib/python3.8/site-packages/qcar2_controller\n'}
[2.004873] (qcar2_controller) StdoutLine: {'line': b'-- Up-to-date: /workspaces/isaac_ros-dev/install/qcar2_controller/lib/python3.8/site-packages/qcar2_controller/xbox_command.py\n'}
[2.004946] (qcar2_controller) StdoutLine: {'line': b'-- Up-to-date: /workspaces/isaac_ros-dev/install/qcar2_controller/lib/python3.8/site-packages/qcar2_controller/redlight_detection.py\n'}
[2.005085] (qcar2_controller) StdoutLine: {'line': b'-- Up-to-date: /workspaces/isaac_ros-dev/install/qcar2_controller/lib/python3.8/site-packages/qcar2_controller/__init__.py\n'}
[2.005164] (qcar2_controller) StdoutLine: {'line': b'-- Up-to-date: /workspaces/isaac_ros-dev/install/qcar2_controller/lib/python3.8/site-packages/qcar2_controller/stop_sign_handler.py\n'}
[2.005247] (qcar2_controller) StdoutLine: {'line': b'-- Up-to-date: /workspaces/isaac_ros-dev/install/qcar2_controller/lib/python3.8/site-packages/qcar2_controller/motor_mux.py\n'}
[2.005991] (qcar2_navigation) StdoutLine: {'line': b'-- Install configuration: ""\n'}
[2.006164] (qcar2_navigation) StdoutLine: {'line': b'-- Up-to-date: /workspaces/isaac_ros-dev/install/qcar2_navigation/share/qcar2_navigation/environment/pythonpath.sh\n'}
[2.006283] (qcar2_navigation) StdoutLine: {'line': b'-- Up-to-date: /workspaces/isaac_ros-dev/install/qcar2_navigation/share/qcar2_navigation/environment/pythonpath.dsv\n'}
[2.006357] (qcar2_navigation) StdoutLine: {'line': b'-- Up-to-date: /workspaces/isaac_ros-dev/install/qcar2_navigation/lib/python3.8/site-packages/qcar2_navigation-0.0.0-py3.8.egg-info\n'}
[2.006429] (qcar2_navigation) StdoutLine: {'line': b'-- Installing: /workspaces/isaac_ros-dev/install/qcar2_navigation/lib/python3.8/site-packages/qcar2_navigation-0.0.0-py3.8.egg-info/PKG-INFO\n'}
[2.006531] (qcar2_navigation) StdoutLine: {'line': b'-- Installing: /workspaces/isaac_ros-dev/install/qcar2_navigation/lib/python3.8/site-packages/qcar2_navigation-0.0.0-py3.8.egg-info/SOURCES.txt\n'}
[2.006734] (qcar2_navigation) StdoutLine: {'line': b'-- Installing: /workspaces/isaac_ros-dev/install/qcar2_navigation/lib/python3.8/site-packages/qcar2_navigation-0.0.0-py3.8.egg-info/dependency_links.txt\n'}
[2.006946] (qcar2_navigation) StdoutLine: {'line': b'-- Installing: /workspaces/isaac_ros-dev/install/qcar2_navigation/lib/python3.8/site-packages/qcar2_navigation-0.0.0-py3.8.egg-info/top_level.txt\n'}
[2.007222] (qcar2_navigation) StdoutLine: {'line': b'-- Up-to-date: /workspaces/isaac_ros-dev/install/qcar2_navigation/lib/python3.8/site-packages/qcar2_navigation\n'}
[2.007341] (qcar2_navigation) StdoutLine: {'line': b'-- Up-to-date: /workspaces/isaac_ros-dev/install/qcar2_navigation/lib/python3.8/site-packages/qcar2_navigation/waypoint_follower.py\n'}
[2.007416] (qcar2_navigation) StdoutLine: {'line': b'-- Up-to-date: /workspaces/isaac_ros-dev/install/qcar2_navigation/lib/python3.8/site-packages/qcar2_navigation/qlabs_world_nav.py\n'}
[2.007505] (qcar2_navigation) StdoutLine: {'line': b'-- Installing: /workspaces/isaac_ros-dev/install/qcar2_navigation/lib/python3.8/site-packages/qcar2_navigation/lane_follower_pid.py\n'}
[2.007603] (qcar2_navigation) StdoutLine: {'line': b'-- Up-to-date: /workspaces/isaac_ros-dev/install/qcar2_navigation/lib/python3.8/site-packages/qcar2_navigation/lane_follower_filter.py\n'}
[2.007676] (qcar2_navigation) StdoutLine: {'line': b'-- Up-to-date: /workspaces/isaac_ros-dev/install/qcar2_navigation/lib/python3.8/site-packages/qcar2_navigation/__init__.py\n'}
[2.007793] (qcar2_navigation) StdoutLine: {'line': b'-- Installing: /workspaces/isaac_ros-dev/install/qcar2_navigation/lib/python3.8/site-packages/qcar2_navigation/pick_drop_reset.py\n'}
[2.007876] (qcar2_navigation) StdoutLine: {'line': b'-- Up-to-date: /workspaces/isaac_ros-dev/install/qcar2_navigation/lib/python3.8/site-packages/qcar2_navigation/spline_path.py\n'}
[2.007951] (qcar2_navigation) StdoutLine: {'line': b'-- Up-to-date: /workspaces/isaac_ros-dev/install/qcar2_navigation/lib/python3.8/site-packages/qcar2_navigation/simple_goal_sender_node.py\n'}
[2.008041] (qcar2_navigation) StdoutLine: {'line': b'-- Up-to-date: /workspaces/isaac_ros-dev/install/qcar2_navigation/lib/python3.8/site-packages/qcar2_navigation/line_detection.py\n'}
[2.023541] (-) TimerEvent: {}
[2.032281] (qcar2_controller) StdoutLine: {'line': b"Listing '/workspaces/isaac_ros-dev/install/qcar2_controller/lib/python3.8/site-packages/qcar2_controller'...\n"}
[2.036899] (qcar2_controller) StdoutLine: {'line': b'-- Up-to-date: /workspaces/isaac_ros-dev/install/qcar2_controller/include/include\n'}
[2.037302] (qcar2_controller) StdoutLine: {'line': b'-- Up-to-date: /workspaces/isaac_ros-dev/install/qcar2_controller/include/include/qcar2_controller\n'}
[2.037634] (qcar2_controller) StdoutLine: {'line': b'-- Up-to-date: /workspaces/isaac_ros-dev/install/qcar2_controller/share/qcar2_controller/launch\n'}
[2.037938] (qcar2_controller) StdoutLine: {'line': b'-- Up-to-date: /workspaces/isaac_ros-dev/install/qcar2_controller/share/qcar2_controller/config\n'}
[2.038166] (qcar2_controller) StdoutLine: {'line': b'-- Up-to-date: /workspaces/isaac_ros-dev/install/qcar2_controller/lib/qcar2_controller/xbox_command.py\n'}
[2.038369] (qcar2_controller) StdoutLine: {'line': b'-- Up-to-date: /workspaces/isaac_ros-dev/install/qcar2_controller/lib/qcar2_controller/motor_mux.py\n'}
[2.038640] (qcar2_controller) StdoutLine: {'line': b'-- Up-to-date: /workspaces/isaac_ros-dev/install/qcar2_controller/lib/qcar2_controller/stop_sign_handler.py\n'}
[2.038745] (qcar2_controller) StdoutLine: {'line': b'-- Up-to-date: /workspaces/isaac_ros-dev/install/qcar2_controller/lib/qcar2_controller/redlight_detection.py\n'}
[2.038846] (qcar2_controller) StdoutLine: {'line': b'-- Up-to-date: /workspaces/isaac_ros-dev/install/qcar2_controller/share/ament_index/resource_index/package_run_dependencies/qcar2_controller\n'}
[2.038945] (qcar2_controller) StdoutLine: {'line': b'-- Up-to-date: /workspaces/isaac_ros-dev/install/qcar2_controller/share/ament_index/resource_index/parent_prefix_path/qcar2_controller\n'}
[2.039134] (qcar2_controller) StdoutLine: {'line': b'-- Up-to-date: /workspaces/isaac_ros-dev/install/qcar2_controller/share/qcar2_controller/environment/ament_prefix_path.sh\n'}
[2.039235] (qcar2_controller) StdoutLine: {'line': b'-- Up-to-date: /workspaces/isaac_ros-dev/install/qcar2_controller/share/qcar2_controller/environment/ament_prefix_path.dsv\n'}
[2.039330] (qcar2_controller) StdoutLine: {'line': b'-- Up-to-date: /workspaces/isaac_ros-dev/install/qcar2_controller/share/qcar2_controller/environment/path.sh\n'}
[2.039697] (qcar2_controller) StdoutLine: {'line': b'-- Up-to-date: /workspaces/isaac_ros-dev/install/qcar2_controller/share/qcar2_controller/environment/path.dsv\n'}
[2.040075] (qcar2_controller) StdoutLine: {'line': b'-- Up-to-date: /workspaces/isaac_ros-dev/install/qcar2_controller/share/qcar2_controller/local_setup.bash\n'}
[2.040712] (qcar2_controller) StdoutLine: {'line': b'-- Up-to-date: /workspaces/isaac_ros-dev/install/qcar2_controller/share/qcar2_controller/local_setup.sh\n'}
[2.041037] (qcar2_controller) StdoutLine: {'line': b'-- Up-to-date: /workspaces/isaac_ros-dev/install/qcar2_controller/share/qcar2_controller/local_setup.zsh\n'}
[2.041346] (qcar2_controller) StdoutLine: {'line': b'-- Up-to-date: /workspaces/isaac_ros-dev/install/qcar2_controller/share/qcar2_controller/local_setup.dsv\n'}
[2.041542] (qcar2_controller) StdoutLine: {'line': b'-- Installing: /workspaces/isaac_ros-dev/install/qcar2_controller/share/qcar2_controller/package.dsv\n'}
[2.041758] (qcar2_controller) StdoutLine: {'line': b'-- Up-to-date: /workspaces/isaac_ros-dev/install/qcar2_controller/share/ament_index/resource_index/packages/qcar2_controller\n'}
[2.042438] (qcar2_controller) StdoutLine: {'line': b'-- Up-to-date: /workspaces/isaac_ros-dev/install/qcar2_controller/share/qcar2_controller/cmake/qcar2_controllerConfig.cmake\n'}
[2.042804] (qcar2_controller) StdoutLine: {'line': b'-- Up-to-date: /workspaces/isaac_ros-dev/install/qcar2_controller/share/qcar2_controller/cmake/qcar2_controllerConfig-version.cmake\n'}
[2.043237] (qcar2_controller) StdoutLine: {'line': b'-- Up-to-date: /workspaces/isaac_ros-dev/install/qcar2_controller/share/qcar2_controller/package.xml\n'}
[2.043477] (qcar2_controller) CommandEnded: {'returncode': 0}
[2.050336] (qcar2_navigation) StdoutLine: {'line': b"Listing '/workspaces/isaac_ros-dev/install/qcar2_navigation/lib/python3.8/site-packages/qcar2_navigation'...\n"}
[2.050655] (qcar2_navigation) StdoutLine: {'line': b"Compiling '/workspaces/isaac_ros-dev/install/qcar2_navigation/lib/python3.8/site-packages/qcar2_navigation/lane_follower_pid.py'...\n"}
[2.050903] (qcar2_navigation) StdoutLine: {'line': b"Compiling '/workspaces/isaac_ros-dev/install/qcar2_navigation/lib/python3.8/site-packages/qcar2_navigation/pick_drop_reset.py'...\n"}
[2.054483] (qcar2_navigation) StdoutLine: {'line': b'-- Up-to-date: /workspaces/isaac_ros-dev/install/qcar2_navigation/include/include\n'}
[2.054907] (qcar2_navigation) StdoutLine: {'line': b'-- Up-to-date: /workspaces/isaac_ros-dev/install/qcar2_navigation/include/include/qcar2_navigation\n'}
[2.055110] (qcar2_navigation) StdoutLine: {'line': b'-- Up-to-date: /workspaces/isaac_ros-dev/install/qcar2_navigation/share/qcar2_navigation/launch\n'}
[2.055577] (qcar2_navigation) StdoutLine: {'line': b'-- Up-to-date: /workspaces/isaac_ros-dev/install/qcar2_navigation/share/qcar2_navigation/launch/qcar2_carto_nav_setup.launch.py\n'}
[2.055802] (qcar2_navigation) StdoutLine: {'line': b'-- Up-to-date: /workspaces/isaac_ros-dev/install/qcar2_navigation/share/qcar2_navigation/launch/qcar2_navigation_virtual.launch.py\n'}
[2.056088] (qcar2_navigation) StdoutLine: {'line': b'-- Up-to-date: /workspaces/isaac_ros-dev/install/qcar2_navigation/share/qcar2_navigation/config\n'}
[2.056408] (qcar2_navigation) StdoutLine: {'line': b'-- Up-to-date: /workspaces/isaac_ros-dev/install/qcar2_navigation/share/qcar2_navigation/config/qcar2_navigation_virtual.yaml\n'}
[2.056706] (qcar2_navigation) StdoutLine: {'line': b'-- Up-to-date: /workspaces/isaac_ros-dev/install/qcar2_navigation/lib/qcar2_navigation/line_detection.py\n'}
[2.057058] (qcar2_navigation) StdoutLine: {'line': b'-- Up-to-date: /workspaces/isaac_ros-dev/install/qcar2_navigation/lib/qcar2_navigation/waypoint_follower.py\n'}
[2.057367] (qcar2_navigation) StdoutLine: {'line': b'-- Up-to-date: /workspaces/isaac_ros-dev/install/qcar2_navigation/lib/qcar2_navigation/simple_goal_sender_node.py\n'}
[2.057651] (qcar2_navigation) StdoutLine: {'line': b'-- Installing: /workspaces/isaac_ros-dev/install/qcar2_navigation/lib/qcar2_navigation/pick_drop_reset.py\n'}
[2.057872] (qcar2_navigation) StdoutLine: {'line': b'-- Up-to-date: /workspaces/isaac_ros-dev/install/qcar2_navigation/lib/qcar2_navigation/qlabs_world_nav.py\n'}
[2.058196] (qcar2_navigation) StdoutLine: {'line': b'-- Up-to-date: /workspaces/isaac_ros-dev/install/qcar2_navigation/lib/qcar2_navigation/spline_path.py\n'}
[2.058460] (qcar2_navigation) StdoutLine: {'line': b'-- Installing: /workspaces/isaac_ros-dev/install/qcar2_navigation/lib/qcar2_navigation/lane_follower_pid.py\n'}
[2.058640] (qcar2_navigation) StdoutLine: {'line': b'-- Up-to-date: /workspaces/isaac_ros-dev/install/qcar2_navigation/lib/qcar2_navigation/lane_follower_filter.py\n'}
[2.058854] (qcar2_navigation) StdoutLine: {'line': b'-- Up-to-date: /workspaces/isaac_ros-dev/install/qcar2_navigation/share/ament_index/resource_index/package_run_dependencies/qcar2_navigation\n'}
[2.059128] (qcar2_navigation) StdoutLine: {'line': b'-- Up-to-date: /workspaces/isaac_ros-dev/install/qcar2_navigation/share/ament_index/resource_index/parent_prefix_path/qcar2_navigation\n'}
[2.059342] (qcar2_navigation) StdoutLine: {'line': b'-- Up-to-date: /workspaces/isaac_ros-dev/install/qcar2_navigation/share/qcar2_navigation/environment/ament_prefix_path.sh\n'}
[2.059559] (qcar2_navigation) StdoutLine: {'line': b'-- Up-to-date: /workspaces/isaac_ros-dev/install/qcar2_navigation/share/qcar2_navigation/environment/ament_prefix_path.dsv\n'}
[2.059714] (qcar2_navigation) StdoutLine: {'line': b'-- Up-to-date: /workspaces/isaac_ros-dev/install/qcar2_navigation/share/qcar2_navigation/environment/path.sh\n'}
[2.060030] (qcar2_navigation) StdoutLine: {'line': b'-- Up-to-date: /workspaces/isaac_ros-dev/install/qcar2_navigation/share/qcar2_navigation/environment/path.dsv\n'}
[2.060234] (qcar2_navigation) StdoutLine: {'line': b'-- Up-to-date: /workspaces/isaac_ros-dev/install/qcar2_navigation/share/qcar2_navigation/local_setup.bash\n'}
[2.060520] (qcar2_navigation) StdoutLine: {'line': b'-- Up-to-date: /workspaces/isaac_ros-dev/install/qcar2_navigation/share/qcar2_navigation/local_setup.sh\n'}
[2.060677] (qcar2_navigation) StdoutLine: {'line': b'-- Up-to-date: /workspaces/isaac_ros-dev/install/qcar2_navigation/share/qcar2_navigation/local_setup.zsh\n'}
[2.060929] (qcar2_navigation) StdoutLine: {'line': b'-- Up-to-date: /workspaces/isaac_ros-dev/install/qcar2_navigation/share/qcar2_navigation/local_setup.dsv\n'}
[2.061348] (qcar2_navigation) StdoutLine: {'line': b'-- Installing: /workspaces/isaac_ros-dev/install/qcar2_navigation/share/qcar2_navigation/package.dsv\n'}
[2.061596] (qcar2_navigation) StdoutLine: {'line': b'-- Up-to-date: /workspaces/isaac_ros-dev/install/qcar2_navigation/share/ament_index/resource_index/packages/qcar2_navigation\n'}
[2.061827] (qcar2_navigation) StdoutLine: {'line': b'-- Up-to-date: /workspaces/isaac_ros-dev/install/qcar2_navigation/share/qcar2_navigation/cmake/qcar2_navigationConfig.cmake\n'}
[2.062074] (qcar2_navigation) StdoutLine: {'line': b'-- Up-to-date: /workspaces/isaac_ros-dev/install/qcar2_navigation/share/qcar2_navigation/cmake/qcar2_navigationConfig-version.cmake\n'}
[2.062253] (qcar2_navigation) StdoutLine: {'line': b'-- Up-to-date: /workspaces/isaac_ros-dev/install/qcar2_navigation/share/qcar2_navigation/package.xml\n'}
[2.123718] (-) TimerEvent: {}
[2.138013] (qcar2_navigation) CommandEnded: {'returncode': 0}
[2.223860] (-) TimerEvent: {}
[2.296890] (qcar2_controller) JobEnded: {'identifier': 'qcar2_controller', 'rc': 0}
[2.324003] (-) TimerEvent: {}
[2.388766] (qcar2_navigation) JobEnded: {'identifier': 'qcar2_navigation', 'rc': 0}
[2.390302] (-) EventReactorShutdown: {}
