[0.000000] (-) TimerEvent: {}
[0.000209] (qcar2_interfaces) JobQueued: {'identifier': 'qcar2_interfaces', 'dependencies': OrderedDict()}
[0.000267] (qcar2_controller) JobQueued: {'identifier': 'qcar2_controller', 'dependencies': OrderedDict([('qcar2_interfaces', '/workspaces/isaac_ros-dev/install/qcar2_interfaces')])}
[0.000323] (qcar2_navigation) JobQueued: {'identifier': 'qcar2_navigation', 'dependencies': OrderedDict([('qcar2_interfaces', '/workspaces/isaac_ros-dev/install/qcar2_interfaces')])}
[0.000410] (qcar2_nodes) JobQueued: {'identifier': 'qcar2_nodes', 'dependencies': OrderedDict([('qcar2_interfaces', '/workspaces/isaac_ros-dev/install/qcar2_interfaces')])}
[0.000443] (qcar2_interfaces) JobStarted: {'identifier': 'qcar2_interfaces'}
[0.051613] (qcar2_interfaces) JobProgress: {'identifier': 'qcar2_interfaces', 'progress': 'cmake'}
[0.052378] (qcar2_interfaces) JobProgress: {'identifier': 'qcar2_interfaces', 'progress': 'build'}
[0.053142] (qcar2_interfaces) Command: {'cmd': ['/usr/bin/cmake', '--build', '/workspaces/isaac_ros-dev/build/qcar2_interfaces', '--', '-j16', '-l16'], 'cwd': '/workspaces/isaac_ros-dev/build/qcar2_interfaces', 'env': OrderedDict([('DALI_BUILD', '5838886'), ('LIBRARY_PATH', '/usr/local/cuda/lib64/stubs:'), ('PYTHONWARNINGS', 'ignore:::setuptools.command.install,ignore:::setuptools.command.easy_install,ignore:::pkg_resources'), ('USER', 'cilrtx'), ('TF_ADJUST_SATURATION_FUSED', '1'), ('CUSOLVER_VERSION', '11.4.1.48'), ('HOSTNAME', 'cil-rtx2070'), ('CUTENSOR_VERSION', '1.6.1.5'), ('SHLVL', '2'), ('LD_LIBRARY_PATH', '/opt/ros/humble/opt/rviz_ogre_vendor/lib:/opt/ros/humble/lib/x86_64-linux-gnu:/opt/ros/humble/lib:/opt/tritonserver/backends/onnxruntime:/usr/local/cuda/compat/lib:/usr/local/nvidia/lib:/usr/local/nvidia/lib64:/opt/tritonserver/lib'), ('HOME', '/home/admin'), ('NVIDIA_TRITON_SERVER_VERSION', '22.09'), ('CUDA_CACHE_DISABLE', '1'), ('ROS_PYTHON_VERSION', '3'), ('USER_UID', '1000'), ('ENV', '/etc/shinit_v2'), ('RDMACORE_VERSION', '36.0'), ('NVJPEG_VERSION', '11.9.0.86'), ('NVIDIA_BUILD_ID', '44909143'), ('CUDA_VERSION', '11.8.0.062'), ('CUBLAS_VERSION', '11.11.3.6'), ('NSIGHT_SYSTEMS_VERSION', '2022.3.1.43'), ('ROS_DISTRO', 'humble'), ('OPAL_PREFIX', '/opt/hpcx/ompi'), ('NVIDIA_REQUIRE_CUDA', 'cuda>=9.0'), ('TRT_VERSION', '8.5.0.12'), ('GDRCOPY_VERSION', '2.3'), ('_', '/usr/bin/colcon'), ('ROS_VERSION', '2'), ('NVIDIA_DRIVER_CAPABILITIES', 'all'), ('POLYGRAPHY_VERSION', '0.38.0'), ('CURAND_VERSION', '10.3.0.86'), ('MOFED_VERSION', '5.4-rdmacore36.0'), ('USERNAME', 'admin'), ('TERM', 'xterm'), ('ROS_LOCALHOST_ONLY', '0'), ('PATH', '/opt/ros/humble/bin:/opt/tritonserver/bin:/usr/local/mpi/bin:/usr/local/nvidia/bin:/usr/local/cuda/bin:/usr/local/sbin:/usr/local/bin:/usr/sbin:/usr/bin:/sbin:/bin:/usr/local/ucx/bin:/opt/nvidia/tao'), ('FASTRTPS_DEFAULT_PROFILES_FILE', '/usr/local/share/middleware_profiles/rtps_udp_profile.xml'), ('CUDA_DRIVER_VERSION', '520.61.03'), ('_CUDA_COMPAT_STATUS', 'System has unsupported display driver / cuda driver combination (CUDA_ERROR_SYSTEM_DRIVER_MISMATCH) cuInit()=803'), ('DISPLAY', ':0'), ('NVIDIA_PRODUCT_NAME', 'Triton Server'), ('LANG', 'en_US.UTF-8'), ('RMW_IMPLEMENTATION', 'rmw_fastrtps_cpp'), ('NPP_VERSION', '11.8.0.86'), ('ROS_ROOT', '/opt/ros/humble'), ('CUFFT_VERSION', '10.9.0.58'), ('TF_ENABLE_WINOGRAD_NONFUSED', '1'), ('AMENT_PREFIX_PATH', '/opt/ros/humble'), ('CUDNN_VERSION', '8.6.0.163'), ('NSIGHT_COMPUTE_VERSION', '2022.3.0.22'), ('DALI_VERSION', '1.17.0'), ('DEBIAN_FRONTEND', 'noninteractive'), ('SHELL', '/bin/bash'), ('DCGM_VERSION', '2.2.9'), ('OPENMPI_VERSION', '4.1.4'), ('TRTOSS_VERSION', ''), ('OMPI_MCA_coll_hcoll_enable', '0'), ('CUSPARSE_VERSION', '11.7.5.86'), ('TRITON_SERVER_GPU_ENABLED', '1'), ('TRITON_SERVER_VERSION', '2.26.0'), ('BASH_ENV', '/etc/bash.bashrc'), ('PWD', '/workspaces/isaac_ros-dev/build/qcar2_interfaces'), ('PYTHONPATH', '/opt/ros/humble/lib/python3.8/site-packages:/home/Quanser/libraries/python'), ('_CUDA_COMPAT_PATH', '/usr/local/cuda/compat'), ('TRITON_SERVER_USER', 'triton-server'), ('TF_ADJUST_HUE_FUSED', '1'), ('NVIDIA_VISIBLE_DEVICES', 'all'), ('NCCL_VERSION', '2.15.1'), ('USER_GID', '1000'), ('COLCON', '1'), ('OPENUCX_VERSION', '1.14.0'), ('HPCX_VERSION', '2.12.1a0'), ('SHARP_COLL_ENABLE_CUDA', '0'), ('TF_AUTOTUNE_THRESHOLD', '2'), ('CMAKE_PREFIX_PATH', '/opt/ros/humble')]), 'shell': False}
[0.087013] (qcar2_interfaces) StdoutLine: {'line': b'[  2%] Built target qcar2_interfaces__cpp\n'}
[0.088977] (qcar2_interfaces) StdoutLine: {'line': b'[ 12%] Built target qcar2_interfaces__rosidl_generator_c\n'}
[0.091111] (qcar2_interfaces) StdoutLine: {'line': b'[ 12%] Built target ament_cmake_python_copy_qcar2_interfaces\n'}
[0.099264] (-) TimerEvent: {}
[0.102053] (qcar2_interfaces) StdoutLine: {'line': b'[ 25%] Built target qcar2_interfaces__rosidl_typesupport_cpp\n'}
[0.102279] (qcar2_interfaces) StdoutLine: {'line': b'[ 33%] Built target qcar2_interfaces__rosidl_typesupport_introspection_cpp\n'}
[0.102799] (qcar2_interfaces) StdoutLine: {'line': b'[ 43%] Built target qcar2_interfaces__rosidl_typesupport_fastrtps_cpp\n'}
[0.103099] (qcar2_interfaces) StdoutLine: {'line': b'[ 53%] Built target qcar2_interfaces__rosidl_typesupport_introspection_c\n'}
[0.103242] (qcar2_interfaces) StdoutLine: {'line': b'[ 64%] Built target qcar2_interfaces__rosidl_typesupport_c\n'}
[0.105005] (qcar2_interfaces) StdoutLine: {'line': b'[ 74%] Built target qcar2_interfaces__rosidl_typesupport_fastrtps_c\n'}
[0.116942] (qcar2_interfaces) StdoutLine: {'line': b'[ 74%] Built target qcar2_interfaces\n'}
[0.129546] (qcar2_interfaces) StdoutLine: {'line': b'[ 76%] Built target qcar2_interfaces__py\n'}
[0.144754] (qcar2_interfaces) StdoutLine: {'line': b'[ 84%] Built target qcar2_interfaces__rosidl_generator_py\n'}
[0.159600] (qcar2_interfaces) StdoutLine: {'line': b'[ 94%] Built target qcar2_interfaces__rosidl_typesupport_introspection_c__pyext\n'}
[0.159906] (qcar2_interfaces) StdoutLine: {'line': b'[ 94%] Built target qcar2_interfaces__rosidl_typesupport_fastrtps_c__pyext\n'}
[0.160009] (qcar2_interfaces) StdoutLine: {'line': b'[100%] Built target qcar2_interfaces__rosidl_typesupport_c__pyext\n'}
[0.199350] (-) TimerEvent: {}
[0.299643] (-) TimerEvent: {}
[0.400064] (-) TimerEvent: {}
[0.453997] (qcar2_interfaces) StdoutLine: {'line': b'running egg_info\n'}
[0.470018] (qcar2_interfaces) StdoutLine: {'line': b'writing qcar2_interfaces.egg-info/PKG-INFO\n'}
[0.470272] (qcar2_interfaces) StdoutLine: {'line': b'writing dependency_links to qcar2_interfaces.egg-info/dependency_links.txt\n'}
[0.470533] (qcar2_interfaces) StdoutLine: {'line': b'writing top-level names to qcar2_interfaces.egg-info/top_level.txt\n'}
[0.500178] (-) TimerEvent: {}
[0.522814] (qcar2_interfaces) StdoutLine: {'line': b"reading manifest file 'qcar2_interfaces.egg-info/SOURCES.txt'\n"}
[0.523610] (qcar2_interfaces) StdoutLine: {'line': b"writing manifest file 'qcar2_interfaces.egg-info/SOURCES.txt'\n"}
[0.568867] (qcar2_interfaces) StdoutLine: {'line': b'[100%] Built target ament_cmake_python_build_qcar2_interfaces_egg\n'}
[0.577348] (qcar2_interfaces) CommandEnded: {'returncode': 0}
[0.600306] (-) TimerEvent: {}
[0.700926] (-) TimerEvent: {}
[0.722459] (qcar2_interfaces) JobProgress: {'identifier': 'qcar2_interfaces', 'progress': 'install'}
[0.729213] (qcar2_interfaces) Command: {'cmd': ['/usr/bin/cmake', '--install', '/workspaces/isaac_ros-dev/build/qcar2_interfaces'], 'cwd': '/workspaces/isaac_ros-dev/build/qcar2_interfaces', 'env': OrderedDict([('DALI_BUILD', '5838886'), ('LIBRARY_PATH', '/usr/local/cuda/lib64/stubs:'), ('PYTHONWARNINGS', 'ignore:::setuptools.command.install,ignore:::setuptools.command.easy_install,ignore:::pkg_resources'), ('USER', 'cilrtx'), ('TF_ADJUST_SATURATION_FUSED', '1'), ('CUSOLVER_VERSION', '11.4.1.48'), ('HOSTNAME', 'cil-rtx2070'), ('CUTENSOR_VERSION', '1.6.1.5'), ('SHLVL', '2'), ('LD_LIBRARY_PATH', '/opt/ros/humble/opt/rviz_ogre_vendor/lib:/opt/ros/humble/lib/x86_64-linux-gnu:/opt/ros/humble/lib:/opt/tritonserver/backends/onnxruntime:/usr/local/cuda/compat/lib:/usr/local/nvidia/lib:/usr/local/nvidia/lib64:/opt/tritonserver/lib'), ('HOME', '/home/admin'), ('NVIDIA_TRITON_SERVER_VERSION', '22.09'), ('CUDA_CACHE_DISABLE', '1'), ('ROS_PYTHON_VERSION', '3'), ('USER_UID', '1000'), ('ENV', '/etc/shinit_v2'), ('RDMACORE_VERSION', '36.0'), ('NVJPEG_VERSION', '11.9.0.86'), ('NVIDIA_BUILD_ID', '44909143'), ('CUDA_VERSION', '11.8.0.062'), ('CUBLAS_VERSION', '11.11.3.6'), ('NSIGHT_SYSTEMS_VERSION', '2022.3.1.43'), ('ROS_DISTRO', 'humble'), ('OPAL_PREFIX', '/opt/hpcx/ompi'), ('NVIDIA_REQUIRE_CUDA', 'cuda>=9.0'), ('TRT_VERSION', '8.5.0.12'), ('GDRCOPY_VERSION', '2.3'), ('_', '/usr/bin/colcon'), ('ROS_VERSION', '2'), ('NVIDIA_DRIVER_CAPABILITIES', 'all'), ('POLYGRAPHY_VERSION', '0.38.0'), ('CURAND_VERSION', '10.3.0.86'), ('MOFED_VERSION', '5.4-rdmacore36.0'), ('USERNAME', 'admin'), ('TERM', 'xterm'), ('ROS_LOCALHOST_ONLY', '0'), ('PATH', '/opt/ros/humble/bin:/opt/tritonserver/bin:/usr/local/mpi/bin:/usr/local/nvidia/bin:/usr/local/cuda/bin:/usr/local/sbin:/usr/local/bin:/usr/sbin:/usr/bin:/sbin:/bin:/usr/local/ucx/bin:/opt/nvidia/tao'), ('FASTRTPS_DEFAULT_PROFILES_FILE', '/usr/local/share/middleware_profiles/rtps_udp_profile.xml'), ('CUDA_DRIVER_VERSION', '520.61.03'), ('_CUDA_COMPAT_STATUS', 'System has unsupported display driver / cuda driver combination (CUDA_ERROR_SYSTEM_DRIVER_MISMATCH) cuInit()=803'), ('DISPLAY', ':0'), ('NVIDIA_PRODUCT_NAME', 'Triton Server'), ('LANG', 'en_US.UTF-8'), ('RMW_IMPLEMENTATION', 'rmw_fastrtps_cpp'), ('NPP_VERSION', '11.8.0.86'), ('ROS_ROOT', '/opt/ros/humble'), ('CUFFT_VERSION', '10.9.0.58'), ('TF_ENABLE_WINOGRAD_NONFUSED', '1'), ('AMENT_PREFIX_PATH', '/opt/ros/humble'), ('CUDNN_VERSION', '8.6.0.163'), ('NSIGHT_COMPUTE_VERSION', '2022.3.0.22'), ('DALI_VERSION', '1.17.0'), ('DEBIAN_FRONTEND', 'noninteractive'), ('SHELL', '/bin/bash'), ('DCGM_VERSION', '2.2.9'), ('OPENMPI_VERSION', '4.1.4'), ('TRTOSS_VERSION', ''), ('OMPI_MCA_coll_hcoll_enable', '0'), ('CUSPARSE_VERSION', '11.7.5.86'), ('TRITON_SERVER_GPU_ENABLED', '1'), ('TRITON_SERVER_VERSION', '2.26.0'), ('BASH_ENV', '/etc/bash.bashrc'), ('PWD', '/workspaces/isaac_ros-dev/build/qcar2_interfaces'), ('PYTHONPATH', '/opt/ros/humble/lib/python3.8/site-packages:/home/Quanser/libraries/python'), ('_CUDA_COMPAT_PATH', '/usr/local/cuda/compat'), ('TRITON_SERVER_USER', 'triton-server'), ('TF_ADJUST_HUE_FUSED', '1'), ('NVIDIA_VISIBLE_DEVICES', 'all'), ('NCCL_VERSION', '2.15.1'), ('USER_GID', '1000'), ('COLCON', '1'), ('OPENUCX_VERSION', '1.14.0'), ('HPCX_VERSION', '2.12.1a0'), ('SHARP_COLL_ENABLE_CUDA', '0'), ('TF_AUTOTUNE_THRESHOLD', '2'), ('CMAKE_PREFIX_PATH', '/opt/ros/humble')]), 'shell': False}
[0.735780] (qcar2_interfaces) StdoutLine: {'line': b'-- Install configuration: ""\n'}
[0.736103] (qcar2_interfaces) StdoutLine: {'line': b'-- Up-to-date: /workspaces/isaac_ros-dev/install/qcar2_interfaces/share/ament_index/resource_index/rosidl_interfaces/qcar2_interfaces\n'}
[0.736250] (qcar2_interfaces) StdoutLine: {'line': b'-- Up-to-date: /workspaces/isaac_ros-dev/install/qcar2_interfaces/include/qcar2_interfaces/qcar2_interfaces\n'}
[0.736368] (qcar2_interfaces) StdoutLine: {'line': b'-- Up-to-date: /workspaces/isaac_ros-dev/install/qcar2_interfaces/include/qcar2_interfaces/qcar2_interfaces/msg\n'}
[0.736445] (qcar2_interfaces) StdoutLine: {'line': b'-- Up-to-date: /workspaces/isaac_ros-dev/install/qcar2_interfaces/include/qcar2_interfaces/qcar2_interfaces/msg/detail\n'}
[0.736537] (qcar2_interfaces) StdoutLine: {'line': b'-- Up-to-date: /workspaces/isaac_ros-dev/install/qcar2_interfaces/include/qcar2_interfaces/qcar2_interfaces/msg/detail/boolean_leds__type_support.h\n'}
[0.736634] (qcar2_interfaces) StdoutLine: {'line': b'-- Up-to-date: /workspaces/isaac_ros-dev/install/qcar2_interfaces/include/qcar2_interfaces/qcar2_interfaces/msg/detail/motor_commands__functions.h\n'}
[0.736711] (qcar2_interfaces) StdoutLine: {'line': b'-- Up-to-date: /workspaces/isaac_ros-dev/install/qcar2_interfaces/include/qcar2_interfaces/qcar2_interfaces/msg/detail/boolean_leds__functions.h\n'}
[0.736835] (qcar2_interfaces) StdoutLine: {'line': b'-- Up-to-date: /workspaces/isaac_ros-dev/install/qcar2_interfaces/include/qcar2_interfaces/qcar2_interfaces/msg/detail/motor_commands__functions.c\n'}
[0.736957] (qcar2_interfaces) StdoutLine: {'line': b'-- Up-to-date: /workspaces/isaac_ros-dev/install/qcar2_interfaces/include/qcar2_interfaces/qcar2_interfaces/msg/detail/motor_commands__type_support.h\n'}
[0.737031] (qcar2_interfaces) StdoutLine: {'line': b'-- Up-to-date: /workspaces/isaac_ros-dev/install/qcar2_interfaces/include/qcar2_interfaces/qcar2_interfaces/msg/detail/motor_commands__struct.h\n'}
[0.737125] (qcar2_interfaces) StdoutLine: {'line': b'-- Up-to-date: /workspaces/isaac_ros-dev/install/qcar2_interfaces/include/qcar2_interfaces/qcar2_interfaces/msg/detail/boolean_leds__struct.h\n'}
[0.737198] (qcar2_interfaces) StdoutLine: {'line': b'-- Up-to-date: /workspaces/isaac_ros-dev/install/qcar2_interfaces/include/qcar2_interfaces/qcar2_interfaces/msg/detail/boolean_leds__functions.c\n'}
[0.737268] (qcar2_interfaces) StdoutLine: {'line': b'-- Up-to-date: /workspaces/isaac_ros-dev/install/qcar2_interfaces/include/qcar2_interfaces/qcar2_interfaces/msg/motor_commands.h\n'}
[0.737393] (qcar2_interfaces) StdoutLine: {'line': b'-- Up-to-date: /workspaces/isaac_ros-dev/install/qcar2_interfaces/include/qcar2_interfaces/qcar2_interfaces/msg/rosidl_generator_c__visibility_control.h\n'}
[0.737540] (qcar2_interfaces) StdoutLine: {'line': b'-- Up-to-date: /workspaces/isaac_ros-dev/install/qcar2_interfaces/include/qcar2_interfaces/qcar2_interfaces/msg/boolean_leds.h\n'}
[0.737637] (qcar2_interfaces) StdoutLine: {'line': b'-- Up-to-date: /workspaces/isaac_ros-dev/install/qcar2_interfaces/share/qcar2_interfaces/environment/library_path.sh\n'}
[0.737736] (qcar2_interfaces) StdoutLine: {'line': b'-- Up-to-date: /workspaces/isaac_ros-dev/install/qcar2_interfaces/share/qcar2_interfaces/environment/library_path.dsv\n'}
[0.737810] (qcar2_interfaces) StdoutLine: {'line': b'-- Up-to-date: /workspaces/isaac_ros-dev/install/qcar2_interfaces/lib/libqcar2_interfaces__rosidl_generator_c.so\n'}
[0.737882] (qcar2_interfaces) StdoutLine: {'line': b'-- Up-to-date: /workspaces/isaac_ros-dev/install/qcar2_interfaces/include/qcar2_interfaces/qcar2_interfaces\n'}
[0.737954] (qcar2_interfaces) StdoutLine: {'line': b'-- Up-to-date: /workspaces/isaac_ros-dev/install/qcar2_interfaces/include/qcar2_interfaces/qcar2_interfaces/msg\n'}
[0.738046] (qcar2_interfaces) StdoutLine: {'line': b'-- Up-to-date: /workspaces/isaac_ros-dev/install/qcar2_interfaces/include/qcar2_interfaces/qcar2_interfaces/msg/detail\n'}
[0.738117] (qcar2_interfaces) StdoutLine: {'line': b'-- Up-to-date: /workspaces/isaac_ros-dev/install/qcar2_interfaces/include/qcar2_interfaces/qcar2_interfaces/msg/detail/boolean_leds__rosidl_typesupport_fastrtps_c.h\n'}
[0.738220] (qcar2_interfaces) StdoutLine: {'line': b'-- Up-to-date: /workspaces/isaac_ros-dev/install/qcar2_interfaces/include/qcar2_interfaces/qcar2_interfaces/msg/detail/motor_commands__rosidl_typesupport_fastrtps_c.h\n'}
[0.738382] (qcar2_interfaces) StdoutLine: {'line': b'-- Up-to-date: /workspaces/isaac_ros-dev/install/qcar2_interfaces/include/qcar2_interfaces/qcar2_interfaces/msg/rosidl_typesupport_fastrtps_c__visibility_control.h\n'}
[0.738505] (qcar2_interfaces) StdoutLine: {'line': b'-- Up-to-date: /workspaces/isaac_ros-dev/install/qcar2_interfaces/lib/libqcar2_interfaces__rosidl_typesupport_fastrtps_c.so\n'}
[0.738638] (qcar2_interfaces) StdoutLine: {'line': b'-- Up-to-date: /workspaces/isaac_ros-dev/install/qcar2_interfaces/include/qcar2_interfaces/qcar2_interfaces\n'}
[0.738772] (qcar2_interfaces) StdoutLine: {'line': b'-- Up-to-date: /workspaces/isaac_ros-dev/install/qcar2_interfaces/include/qcar2_interfaces/qcar2_interfaces/msg\n'}
[0.738846] (qcar2_interfaces) StdoutLine: {'line': b'-- Up-to-date: /workspaces/isaac_ros-dev/install/qcar2_interfaces/include/qcar2_interfaces/qcar2_interfaces/msg/detail\n'}
[0.738916] (qcar2_interfaces) StdoutLine: {'line': b'-- Up-to-date: /workspaces/isaac_ros-dev/install/qcar2_interfaces/include/qcar2_interfaces/qcar2_interfaces/msg/detail/boolean_leds__type_support.c\n'}
[0.739029] (qcar2_interfaces) StdoutLine: {'line': b'-- Up-to-date: /workspaces/isaac_ros-dev/install/qcar2_interfaces/include/qcar2_interfaces/qcar2_interfaces/msg/detail/boolean_leds__rosidl_typesupport_introspection_c.h\n'}
[0.739110] (qcar2_interfaces) StdoutLine: {'line': b'-- Up-to-date: /workspaces/isaac_ros-dev/install/qcar2_interfaces/include/qcar2_interfaces/qcar2_interfaces/msg/detail/motor_commands__type_support.c\n'}
[0.739248] (qcar2_interfaces) StdoutLine: {'line': b'-- Up-to-date: /workspaces/isaac_ros-dev/install/qcar2_interfaces/include/qcar2_interfaces/qcar2_interfaces/msg/detail/motor_commands__rosidl_typesupport_introspection_c.h\n'}
[0.739355] (qcar2_interfaces) StdoutLine: {'line': b'-- Up-to-date: /workspaces/isaac_ros-dev/install/qcar2_interfaces/include/qcar2_interfaces/qcar2_interfaces/msg/rosidl_typesupport_introspection_c__visibility_control.h\n'}
[0.739426] (qcar2_interfaces) StdoutLine: {'line': b'-- Up-to-date: /workspaces/isaac_ros-dev/install/qcar2_interfaces/lib/libqcar2_interfaces__rosidl_typesupport_introspection_c.so\n'}
[0.739519] (qcar2_interfaces) StdoutLine: {'line': b'-- Up-to-date: /workspaces/isaac_ros-dev/install/qcar2_interfaces/lib/libqcar2_interfaces__rosidl_typesupport_c.so\n'}
[0.739602] (qcar2_interfaces) StdoutLine: {'line': b'-- Up-to-date: /workspaces/isaac_ros-dev/install/qcar2_interfaces/include/qcar2_interfaces/qcar2_interfaces\n'}
[0.739679] (qcar2_interfaces) StdoutLine: {'line': b'-- Up-to-date: /workspaces/isaac_ros-dev/install/qcar2_interfaces/include/qcar2_interfaces/qcar2_interfaces/msg\n'}
[0.739749] (qcar2_interfaces) StdoutLine: {'line': b'-- Up-to-date: /workspaces/isaac_ros-dev/install/qcar2_interfaces/include/qcar2_interfaces/qcar2_interfaces/msg/boolean_leds.hpp\n'}
[0.739820] (qcar2_interfaces) StdoutLine: {'line': b'-- Up-to-date: /workspaces/isaac_ros-dev/install/qcar2_interfaces/include/qcar2_interfaces/qcar2_interfaces/msg/detail\n'}
[0.739916] (qcar2_interfaces) StdoutLine: {'line': b'-- Up-to-date: /workspaces/isaac_ros-dev/install/qcar2_interfaces/include/qcar2_interfaces/qcar2_interfaces/msg/detail/boolean_leds__struct.hpp\n'}
[0.739987] (qcar2_interfaces) StdoutLine: {'line': b'-- Up-to-date: /workspaces/isaac_ros-dev/install/qcar2_interfaces/include/qcar2_interfaces/qcar2_interfaces/msg/detail/motor_commands__struct.hpp\n'}
[0.740095] (qcar2_interfaces) StdoutLine: {'line': b'-- Up-to-date: /workspaces/isaac_ros-dev/install/qcar2_interfaces/include/qcar2_interfaces/qcar2_interfaces/msg/detail/boolean_leds__builder.hpp\n'}
[0.740205] (qcar2_interfaces) StdoutLine: {'line': b'-- Up-to-date: /workspaces/isaac_ros-dev/install/qcar2_interfaces/include/qcar2_interfaces/qcar2_interfaces/msg/detail/motor_commands__traits.hpp\n'}
[0.740282] (qcar2_interfaces) StdoutLine: {'line': b'-- Up-to-date: /workspaces/isaac_ros-dev/install/qcar2_interfaces/include/qcar2_interfaces/qcar2_interfaces/msg/detail/motor_commands__builder.hpp\n'}
[0.740355] (qcar2_interfaces) StdoutLine: {'line': b'-- Up-to-date: /workspaces/isaac_ros-dev/install/qcar2_interfaces/include/qcar2_interfaces/qcar2_interfaces/msg/detail/boolean_leds__traits.hpp\n'}
[0.740426] (qcar2_interfaces) StdoutLine: {'line': b'-- Up-to-date: /workspaces/isaac_ros-dev/install/qcar2_interfaces/include/qcar2_interfaces/qcar2_interfaces/msg/motor_commands.hpp\n'}
[0.740517] (qcar2_interfaces) StdoutLine: {'line': b'-- Up-to-date: /workspaces/isaac_ros-dev/install/qcar2_interfaces/include/qcar2_interfaces/qcar2_interfaces\n'}
[0.740603] (qcar2_interfaces) StdoutLine: {'line': b'-- Up-to-date: /workspaces/isaac_ros-dev/install/qcar2_interfaces/include/qcar2_interfaces/qcar2_interfaces/msg\n'}
[0.740705] (qcar2_interfaces) StdoutLine: {'line': b'-- Up-to-date: /workspaces/isaac_ros-dev/install/qcar2_interfaces/include/qcar2_interfaces/qcar2_interfaces/msg/detail\n'}
[0.740778] (qcar2_interfaces) StdoutLine: {'line': b'-- Up-to-date: /workspaces/isaac_ros-dev/install/qcar2_interfaces/include/qcar2_interfaces/qcar2_interfaces/msg/detail/boolean_leds__rosidl_typesupport_fastrtps_cpp.hpp\n'}
[0.740850] (qcar2_interfaces) StdoutLine: {'line': b'-- Up-to-date: /workspaces/isaac_ros-dev/install/qcar2_interfaces/include/qcar2_interfaces/qcar2_interfaces/msg/detail/dds_fastrtps\n'}
[0.740960] (qcar2_interfaces) StdoutLine: {'line': b'-- Up-to-date: /workspaces/isaac_ros-dev/install/qcar2_interfaces/include/qcar2_interfaces/qcar2_interfaces/msg/detail/motor_commands__rosidl_typesupport_fastrtps_cpp.hpp\n'}
[0.741033] (qcar2_interfaces) StdoutLine: {'line': b'-- Up-to-date: /workspaces/isaac_ros-dev/install/qcar2_interfaces/include/qcar2_interfaces/qcar2_interfaces/msg/rosidl_typesupport_fastrtps_cpp__visibility_control.h\n'}
[0.741104] (qcar2_interfaces) StdoutLine: {'line': b'-- Up-to-date: /workspaces/isaac_ros-dev/install/qcar2_interfaces/lib/libqcar2_interfaces__rosidl_typesupport_fastrtps_cpp.so\n'}
[0.741193] (qcar2_interfaces) StdoutLine: {'line': b'-- Up-to-date: /workspaces/isaac_ros-dev/install/qcar2_interfaces/include/qcar2_interfaces/qcar2_interfaces\n'}
[0.741341] (qcar2_interfaces) StdoutLine: {'line': b'-- Up-to-date: /workspaces/isaac_ros-dev/install/qcar2_interfaces/include/qcar2_interfaces/qcar2_interfaces/msg\n'}
[0.741485] (qcar2_interfaces) StdoutLine: {'line': b'-- Up-to-date: /workspaces/isaac_ros-dev/install/qcar2_interfaces/include/qcar2_interfaces/qcar2_interfaces/msg/detail\n'}
[0.741600] (qcar2_interfaces) StdoutLine: {'line': b'-- Up-to-date: /workspaces/isaac_ros-dev/install/qcar2_interfaces/include/qcar2_interfaces/qcar2_interfaces/msg/detail/motor_commands__rosidl_typesupport_introspection_cpp.hpp\n'}
[0.741680] (qcar2_interfaces) StdoutLine: {'line': b'-- Up-to-date: /workspaces/isaac_ros-dev/install/qcar2_interfaces/include/qcar2_interfaces/qcar2_interfaces/msg/detail/boolean_leds__type_support.cpp\n'}
[0.741752] (qcar2_interfaces) StdoutLine: {'line': b'-- Up-to-date: /workspaces/isaac_ros-dev/install/qcar2_interfaces/include/qcar2_interfaces/qcar2_interfaces/msg/detail/boolean_leds__rosidl_typesupport_introspection_cpp.hpp\n'}
[0.741828] (qcar2_interfaces) StdoutLine: {'line': b'-- Up-to-date: /workspaces/isaac_ros-dev/install/qcar2_interfaces/include/qcar2_interfaces/qcar2_interfaces/msg/detail/motor_commands__type_support.cpp\n'}
[0.741899] (qcar2_interfaces) StdoutLine: {'line': b'-- Up-to-date: /workspaces/isaac_ros-dev/install/qcar2_interfaces/lib/libqcar2_interfaces__rosidl_typesupport_introspection_cpp.so\n'}
[0.741974] (qcar2_interfaces) StdoutLine: {'line': b'-- Up-to-date: /workspaces/isaac_ros-dev/install/qcar2_interfaces/lib/libqcar2_interfaces__rosidl_typesupport_cpp.so\n'}
[0.742045] (qcar2_interfaces) StdoutLine: {'line': b'-- Up-to-date: /workspaces/isaac_ros-dev/install/qcar2_interfaces/share/qcar2_interfaces/environment/pythonpath.sh\n'}
[0.742116] (qcar2_interfaces) StdoutLine: {'line': b'-- Up-to-date: /workspaces/isaac_ros-dev/install/qcar2_interfaces/share/qcar2_interfaces/environment/pythonpath.dsv\n'}
[0.742186] (qcar2_interfaces) StdoutLine: {'line': b'-- Up-to-date: /workspaces/isaac_ros-dev/install/qcar2_interfaces/lib/python3.8/site-packages/qcar2_interfaces-0.0.0-py3.8.egg-info\n'}
[0.742256] (qcar2_interfaces) StdoutLine: {'line': b'-- Installing: /workspaces/isaac_ros-dev/install/qcar2_interfaces/lib/python3.8/site-packages/qcar2_interfaces-0.0.0-py3.8.egg-info/PKG-INFO\n'}
[0.742326] (qcar2_interfaces) StdoutLine: {'line': b'-- Installing: /workspaces/isaac_ros-dev/install/qcar2_interfaces/lib/python3.8/site-packages/qcar2_interfaces-0.0.0-py3.8.egg-info/SOURCES.txt\n'}
[0.742396] (qcar2_interfaces) StdoutLine: {'line': b'-- Installing: /workspaces/isaac_ros-dev/install/qcar2_interfaces/lib/python3.8/site-packages/qcar2_interfaces-0.0.0-py3.8.egg-info/dependency_links.txt\n'}
[0.742465] (qcar2_interfaces) StdoutLine: {'line': b'-- Installing: /workspaces/isaac_ros-dev/install/qcar2_interfaces/lib/python3.8/site-packages/qcar2_interfaces-0.0.0-py3.8.egg-info/top_level.txt\n'}
[0.742542] (qcar2_interfaces) StdoutLine: {'line': b'-- Up-to-date: /workspaces/isaac_ros-dev/install/qcar2_interfaces/lib/python3.8/site-packages/qcar2_interfaces\n'}
[0.742631] (qcar2_interfaces) StdoutLine: {'line': b'-- Up-to-date: /workspaces/isaac_ros-dev/install/qcar2_interfaces/lib/python3.8/site-packages/qcar2_interfaces/msg\n'}
[0.742712] (qcar2_interfaces) StdoutLine: {'line': b'-- Up-to-date: /workspaces/isaac_ros-dev/install/qcar2_interfaces/lib/python3.8/site-packages/qcar2_interfaces/msg/_motor_commands_s.c\n'}
[0.742783] (qcar2_interfaces) StdoutLine: {'line': b'-- Up-to-date: /workspaces/isaac_ros-dev/install/qcar2_interfaces/lib/python3.8/site-packages/qcar2_interfaces/msg/_boolean_leds_s.c\n'}
[0.742854] (qcar2_interfaces) StdoutLine: {'line': b'-- Up-to-date: /workspaces/isaac_ros-dev/install/qcar2_interfaces/lib/python3.8/site-packages/qcar2_interfaces/msg/_motor_commands.py\n'}
[0.742927] (qcar2_interfaces) StdoutLine: {'line': b'-- Up-to-date: /workspaces/isaac_ros-dev/install/qcar2_interfaces/lib/python3.8/site-packages/qcar2_interfaces/msg/__init__.py\n'}
[0.742999] (qcar2_interfaces) StdoutLine: {'line': b'-- Up-to-date: /workspaces/isaac_ros-dev/install/qcar2_interfaces/lib/python3.8/site-packages/qcar2_interfaces/msg/_boolean_leds.py\n'}
[0.743069] (qcar2_interfaces) StdoutLine: {'line': b'-- Up-to-date: /workspaces/isaac_ros-dev/install/qcar2_interfaces/lib/python3.8/site-packages/qcar2_interfaces/libqcar2_interfaces__rosidl_generator_py.so\n'}
[0.743140] (qcar2_interfaces) StdoutLine: {'line': b'-- Up-to-date: /workspaces/isaac_ros-dev/install/qcar2_interfaces/lib/python3.8/site-packages/qcar2_interfaces/qcar2_interfaces_s__rosidl_typesupport_fastrtps_c.cpython-38-x86_64-linux-gnu.so\n'}
[0.743215] (qcar2_interfaces) StdoutLine: {'line': b'-- Up-to-date: /workspaces/isaac_ros-dev/install/qcar2_interfaces/lib/python3.8/site-packages/qcar2_interfaces/qcar2_interfaces_s__rosidl_typesupport_introspection_c.cpython-38-x86_64-linux-gnu.so\n'}
[0.743286] (qcar2_interfaces) StdoutLine: {'line': b'-- Up-to-date: /workspaces/isaac_ros-dev/install/qcar2_interfaces/lib/python3.8/site-packages/qcar2_interfaces/_qcar2_interfaces_s.ep.rosidl_typesupport_introspection_c.c\n'}
[0.743368] (qcar2_interfaces) StdoutLine: {'line': b'-- Up-to-date: /workspaces/isaac_ros-dev/install/qcar2_interfaces/lib/python3.8/site-packages/qcar2_interfaces/_qcar2_interfaces_s.ep.rosidl_typesupport_fastrtps_c.c\n'}
[0.743440] (qcar2_interfaces) StdoutLine: {'line': b'-- Up-to-date: /workspaces/isaac_ros-dev/install/qcar2_interfaces/lib/python3.8/site-packages/qcar2_interfaces/__init__.py\n'}
[0.743511] (qcar2_interfaces) StdoutLine: {'line': b'-- Up-to-date: /workspaces/isaac_ros-dev/install/qcar2_interfaces/lib/python3.8/site-packages/qcar2_interfaces/_qcar2_interfaces_s.ep.rosidl_typesupport_c.c\n'}
[0.743587] (qcar2_interfaces) StdoutLine: {'line': b'-- Up-to-date: /workspaces/isaac_ros-dev/install/qcar2_interfaces/lib/python3.8/site-packages/qcar2_interfaces/qcar2_interfaces_s__rosidl_typesupport_c.cpython-38-x86_64-linux-gnu.so\n'}
[0.772385] (qcar2_interfaces) StdoutLine: {'line': b"Listing '/workspaces/isaac_ros-dev/install/qcar2_interfaces/lib/python3.8/site-packages/qcar2_interfaces'...\n"}
[0.772782] (qcar2_interfaces) StdoutLine: {'line': b"Listing '/workspaces/isaac_ros-dev/install/qcar2_interfaces/lib/python3.8/site-packages/qcar2_interfaces/msg'...\n"}
[0.776323] (qcar2_interfaces) StdoutLine: {'line': b'-- Up-to-date: /workspaces/isaac_ros-dev/install/qcar2_interfaces/lib/python3.8/site-packages/qcar2_interfaces/qcar2_interfaces_s__rosidl_typesupport_fastrtps_c.cpython-38-x86_64-linux-gnu.so\n'}
[0.776726] (qcar2_interfaces) StdoutLine: {'line': b'-- Up-to-date: /workspaces/isaac_ros-dev/install/qcar2_interfaces/lib/python3.8/site-packages/qcar2_interfaces/qcar2_interfaces_s__rosidl_typesupport_introspection_c.cpython-38-x86_64-linux-gnu.so\n'}
[0.776962] (qcar2_interfaces) StdoutLine: {'line': b'-- Up-to-date: /workspaces/isaac_ros-dev/install/qcar2_interfaces/lib/python3.8/site-packages/qcar2_interfaces/qcar2_interfaces_s__rosidl_typesupport_c.cpython-38-x86_64-linux-gnu.so\n'}
[0.777365] (qcar2_interfaces) StdoutLine: {'line': b'-- Up-to-date: /workspaces/isaac_ros-dev/install/qcar2_interfaces/lib/libqcar2_interfaces__rosidl_generator_py.so\n'}
[0.777611] (qcar2_interfaces) StdoutLine: {'line': b'-- Up-to-date: /workspaces/isaac_ros-dev/install/qcar2_interfaces/share/qcar2_interfaces/msg/MotorCommands.idl\n'}
[0.777898] (qcar2_interfaces) StdoutLine: {'line': b'-- Up-to-date: /workspaces/isaac_ros-dev/install/qcar2_interfaces/share/qcar2_interfaces/msg/BooleanLeds.idl\n'}
[0.778187] (qcar2_interfaces) StdoutLine: {'line': b'-- Up-to-date: /workspaces/isaac_ros-dev/install/qcar2_interfaces/share/qcar2_interfaces/msg/MotorCommands.msg\n'}
[0.778414] (qcar2_interfaces) StdoutLine: {'line': b'-- Up-to-date: /workspaces/isaac_ros-dev/install/qcar2_interfaces/share/qcar2_interfaces/msg/BooleanLeds.msg\n'}
[0.778690] (qcar2_interfaces) StdoutLine: {'line': b'-- Up-to-date: /workspaces/isaac_ros-dev/install/qcar2_interfaces/share/ament_index/resource_index/package_run_dependencies/qcar2_interfaces\n'}
[0.778877] (qcar2_interfaces) StdoutLine: {'line': b'-- Up-to-date: /workspaces/isaac_ros-dev/install/qcar2_interfaces/share/ament_index/resource_index/parent_prefix_path/qcar2_interfaces\n'}
[0.779011] (qcar2_interfaces) StdoutLine: {'line': b'-- Up-to-date: /workspaces/isaac_ros-dev/install/qcar2_interfaces/share/qcar2_interfaces/environment/ament_prefix_path.sh\n'}
[0.779129] (qcar2_interfaces) StdoutLine: {'line': b'-- Up-to-date: /workspaces/isaac_ros-dev/install/qcar2_interfaces/share/qcar2_interfaces/environment/ament_prefix_path.dsv\n'}
[0.779254] (qcar2_interfaces) StdoutLine: {'line': b'-- Up-to-date: /workspaces/isaac_ros-dev/install/qcar2_interfaces/share/qcar2_interfaces/environment/path.sh\n'}
[0.779362] (qcar2_interfaces) StdoutLine: {'line': b'-- Up-to-date: /workspaces/isaac_ros-dev/install/qcar2_interfaces/share/qcar2_interfaces/environment/path.dsv\n'}
[0.779469] (qcar2_interfaces) StdoutLine: {'line': b'-- Up-to-date: /workspaces/isaac_ros-dev/install/qcar2_interfaces/share/qcar2_interfaces/local_setup.bash\n'}
[0.779603] (qcar2_interfaces) StdoutLine: {'line': b'-- Up-to-date: /workspaces/isaac_ros-dev/install/qcar2_interfaces/share/qcar2_interfaces/local_setup.sh\n'}
[0.779743] (qcar2_interfaces) StdoutLine: {'line': b'-- Up-to-date: /workspaces/isaac_ros-dev/install/qcar2_interfaces/share/qcar2_interfaces/local_setup.zsh\n'}
[0.779883] (qcar2_interfaces) StdoutLine: {'line': b'-- Up-to-date: /workspaces/isaac_ros-dev/install/qcar2_interfaces/share/qcar2_interfaces/local_setup.dsv\n'}
[0.780023] (qcar2_interfaces) StdoutLine: {'line': b'-- Installing: /workspaces/isaac_ros-dev/install/qcar2_interfaces/share/qcar2_interfaces/package.dsv\n'}
[0.780163] (qcar2_interfaces) StdoutLine: {'line': b'-- Up-to-date: /workspaces/isaac_ros-dev/install/qcar2_interfaces/share/ament_index/resource_index/packages/qcar2_interfaces\n'}
[0.780374] (qcar2_interfaces) StdoutLine: {'line': b'-- Up-to-date: /workspaces/isaac_ros-dev/install/qcar2_interfaces/share/qcar2_interfaces/cmake/export_qcar2_interfaces__rosidl_generator_cExport.cmake\n'}
[0.780547] (qcar2_interfaces) StdoutLine: {'line': b'-- Up-to-date: /workspaces/isaac_ros-dev/install/qcar2_interfaces/share/qcar2_interfaces/cmake/export_qcar2_interfaces__rosidl_generator_cExport-noconfig.cmake\n'}
[0.780750] (qcar2_interfaces) StdoutLine: {'line': b'-- Up-to-date: /workspaces/isaac_ros-dev/install/qcar2_interfaces/share/qcar2_interfaces/cmake/export_qcar2_interfaces__rosidl_typesupport_fastrtps_cExport.cmake\n'}
[0.780925] (qcar2_interfaces) StdoutLine: {'line': b'-- Up-to-date: /workspaces/isaac_ros-dev/install/qcar2_interfaces/share/qcar2_interfaces/cmake/export_qcar2_interfaces__rosidl_typesupport_fastrtps_cExport-noconfig.cmake\n'}
[0.781126] (qcar2_interfaces) StdoutLine: {'line': b'-- Up-to-date: /workspaces/isaac_ros-dev/install/qcar2_interfaces/share/qcar2_interfaces/cmake/qcar2_interfaces__rosidl_typesupport_introspection_cExport.cmake\n'}
[0.782126] (qcar2_interfaces) StdoutLine: {'line': b'-- Up-to-date: /workspaces/isaac_ros-dev/install/qcar2_interfaces/share/qcar2_interfaces/cmake/qcar2_interfaces__rosidl_typesupport_introspection_cExport-noconfig.cmake\n'}
[0.782717] (qcar2_interfaces) StdoutLine: {'line': b'-- Up-to-date: /workspaces/isaac_ros-dev/install/qcar2_interfaces/share/qcar2_interfaces/cmake/qcar2_interfaces__rosidl_typesupport_cExport.cmake\n'}
[0.783398] (qcar2_interfaces) StdoutLine: {'line': b'-- Up-to-date: /workspaces/isaac_ros-dev/install/qcar2_interfaces/share/qcar2_interfaces/cmake/qcar2_interfaces__rosidl_typesupport_cExport-noconfig.cmake\n'}
[0.783908] (qcar2_interfaces) StdoutLine: {'line': b'-- Up-to-date: /workspaces/isaac_ros-dev/install/qcar2_interfaces/share/qcar2_interfaces/cmake/export_qcar2_interfaces__rosidl_generator_cppExport.cmake\n'}
[0.784382] (qcar2_interfaces) StdoutLine: {'line': b'-- Up-to-date: /workspaces/isaac_ros-dev/install/qcar2_interfaces/share/qcar2_interfaces/cmake/export_qcar2_interfaces__rosidl_typesupport_fastrtps_cppExport.cmake\n'}
[0.784855] (qcar2_interfaces) StdoutLine: {'line': b'-- Up-to-date: /workspaces/isaac_ros-dev/install/qcar2_interfaces/share/qcar2_interfaces/cmake/export_qcar2_interfaces__rosidl_typesupport_fastrtps_cppExport-noconfig.cmake\n'}
[0.785483] (qcar2_interfaces) StdoutLine: {'line': b'-- Up-to-date: /workspaces/isaac_ros-dev/install/qcar2_interfaces/share/qcar2_interfaces/cmake/qcar2_interfaces__rosidl_typesupport_introspection_cppExport.cmake\n'}
[0.785988] (qcar2_interfaces) StdoutLine: {'line': b'-- Up-to-date: /workspaces/isaac_ros-dev/install/qcar2_interfaces/share/qcar2_interfaces/cmake/qcar2_interfaces__rosidl_typesupport_introspection_cppExport-noconfig.cmake\n'}
[0.786449] (qcar2_interfaces) StdoutLine: {'line': b'-- Up-to-date: /workspaces/isaac_ros-dev/install/qcar2_interfaces/share/qcar2_interfaces/cmake/qcar2_interfaces__rosidl_typesupport_cppExport.cmake\n'}
[0.786793] (qcar2_interfaces) StdoutLine: {'line': b'-- Up-to-date: /workspaces/isaac_ros-dev/install/qcar2_interfaces/share/qcar2_interfaces/cmake/qcar2_interfaces__rosidl_typesupport_cppExport-noconfig.cmake\n'}
[0.787259] (qcar2_interfaces) StdoutLine: {'line': b'-- Up-to-date: /workspaces/isaac_ros-dev/install/qcar2_interfaces/share/qcar2_interfaces/cmake/export_qcar2_interfaces__rosidl_generator_pyExport.cmake\n'}
[0.787586] (qcar2_interfaces) StdoutLine: {'line': b'-- Up-to-date: /workspaces/isaac_ros-dev/install/qcar2_interfaces/share/qcar2_interfaces/cmake/export_qcar2_interfaces__rosidl_generator_pyExport-noconfig.cmake\n'}
[0.788307] (qcar2_interfaces) StdoutLine: {'line': b'-- Up-to-date: /workspaces/isaac_ros-dev/install/qcar2_interfaces/share/qcar2_interfaces/cmake/rosidl_cmake-extras.cmake\n'}
[0.788721] (qcar2_interfaces) StdoutLine: {'line': b'-- Up-to-date: /workspaces/isaac_ros-dev/install/qcar2_interfaces/share/qcar2_interfaces/cmake/ament_cmake_export_include_directories-extras.cmake\n'}
[0.789073] (qcar2_interfaces) StdoutLine: {'line': b'-- Up-to-date: /workspaces/isaac_ros-dev/install/qcar2_interfaces/share/qcar2_interfaces/cmake/ament_cmake_export_libraries-extras.cmake\n'}
[0.789400] (qcar2_interfaces) StdoutLine: {'line': b'-- Up-to-date: /workspaces/isaac_ros-dev/install/qcar2_interfaces/share/qcar2_interfaces/cmake/ament_cmake_export_targets-extras.cmake\n'}
[0.789729] (qcar2_interfaces) StdoutLine: {'line': b'-- Up-to-date: /workspaces/isaac_ros-dev/install/qcar2_interfaces/share/qcar2_interfaces/cmake/rosidl_cmake_export_typesupport_targets-extras.cmake\n'}
[0.789848] (qcar2_interfaces) StdoutLine: {'line': b'-- Up-to-date: /workspaces/isaac_ros-dev/install/qcar2_interfaces/share/qcar2_interfaces/cmake/ament_cmake_export_dependencies-extras.cmake\n'}
[0.789924] (qcar2_interfaces) StdoutLine: {'line': b'-- Up-to-date: /workspaces/isaac_ros-dev/install/qcar2_interfaces/share/qcar2_interfaces/cmake/rosidl_cmake_export_typesupport_libraries-extras.cmake\n'}
[0.789995] (qcar2_interfaces) StdoutLine: {'line': b'-- Up-to-date: /workspaces/isaac_ros-dev/install/qcar2_interfaces/share/qcar2_interfaces/cmake/qcar2_interfacesConfig.cmake\n'}
[0.790063] (qcar2_interfaces) StdoutLine: {'line': b'-- Up-to-date: /workspaces/isaac_ros-dev/install/qcar2_interfaces/share/qcar2_interfaces/cmake/qcar2_interfacesConfig-version.cmake\n'}
[0.790129] (qcar2_interfaces) StdoutLine: {'line': b'-- Up-to-date: /workspaces/isaac_ros-dev/install/qcar2_interfaces/share/qcar2_interfaces/package.xml\n'}
[0.790380] (qcar2_interfaces) CommandEnded: {'returncode': 0}
[0.801040] (-) TimerEvent: {}
[0.901434] (-) TimerEvent: {}
[1.001807] (-) TimerEvent: {}
[1.102299] (-) TimerEvent: {}
[1.132487] (qcar2_interfaces) JobEnded: {'identifier': 'qcar2_interfaces', 'rc': 0}
[1.133953] (qcar2_controller) JobStarted: {'identifier': 'qcar2_controller'}
[1.183207] (qcar2_navigation) JobStarted: {'identifier': 'qcar2_navigation'}
[1.202396] (-) TimerEvent: {}
[1.241713] (qcar2_nodes) JobStarted: {'identifier': 'qcar2_nodes'}
[1.302629] (-) TimerEvent: {}
[1.320074] (qcar2_controller) JobProgress: {'identifier': 'qcar2_controller', 'progress': 'cmake'}
[1.320906] (qcar2_controller) JobProgress: {'identifier': 'qcar2_controller', 'progress': 'build'}
[1.321219] (qcar2_controller) Command: {'cmd': ['/usr/bin/cmake', '--build', '/workspaces/isaac_ros-dev/build/qcar2_controller', '--', '-j16', '-l16'], 'cwd': '/workspaces/isaac_ros-dev/build/qcar2_controller', 'env': OrderedDict([('DALI_BUILD', '5838886'), ('LIBRARY_PATH', '/usr/local/cuda/lib64/stubs:'), ('PYTHONWARNINGS', 'ignore:::setuptools.command.install,ignore:::setuptools.command.easy_install,ignore:::pkg_resources'), ('USER', 'cilrtx'), ('TF_ADJUST_SATURATION_FUSED', '1'), ('CUSOLVER_VERSION', '11.4.1.48'), ('HOSTNAME', 'cil-rtx2070'), ('CUTENSOR_VERSION', '1.6.1.5'), ('SHLVL', '2'), ('LD_LIBRARY_PATH', '/workspaces/isaac_ros-dev/install/qcar2_interfaces/lib:/opt/ros/humble/opt/rviz_ogre_vendor/lib:/opt/ros/humble/lib/x86_64-linux-gnu:/opt/ros/humble/lib:/opt/tritonserver/backends/onnxruntime:/usr/local/cuda/compat/lib:/usr/local/nvidia/lib:/usr/local/nvidia/lib64:/opt/tritonserver/lib'), ('HOME', '/home/admin'), ('NVIDIA_TRITON_SERVER_VERSION', '22.09'), ('CUDA_CACHE_DISABLE', '1'), ('ROS_PYTHON_VERSION', '3'), ('USER_UID', '1000'), ('ENV', '/etc/shinit_v2'), ('RDMACORE_VERSION', '36.0'), ('NVJPEG_VERSION', '11.9.0.86'), ('NVIDIA_BUILD_ID', '44909143'), ('CUDA_VERSION', '11.8.0.062'), ('CUBLAS_VERSION', '11.11.3.6'), ('NSIGHT_SYSTEMS_VERSION', '2022.3.1.43'), ('ROS_DISTRO', 'humble'), ('OPAL_PREFIX', '/opt/hpcx/ompi'), ('NVIDIA_REQUIRE_CUDA', 'cuda>=9.0'), ('TRT_VERSION', '8.5.0.12'), ('GDRCOPY_VERSION', '2.3'), ('_', '/usr/bin/colcon'), ('ROS_VERSION', '2'), ('NVIDIA_DRIVER_CAPABILITIES', 'all'), ('POLYGRAPHY_VERSION', '0.38.0'), ('CURAND_VERSION', '10.3.0.86'), ('MOFED_VERSION', '5.4-rdmacore36.0'), ('USERNAME', 'admin'), ('TERM', 'xterm'), ('ROS_LOCALHOST_ONLY', '0'), ('PATH', '/opt/ros/humble/bin:/opt/tritonserver/bin:/usr/local/mpi/bin:/usr/local/nvidia/bin:/usr/local/cuda/bin:/usr/local/sbin:/usr/local/bin:/usr/sbin:/usr/bin:/sbin:/bin:/usr/local/ucx/bin:/opt/nvidia/tao'), ('FASTRTPS_DEFAULT_PROFILES_FILE', '/usr/local/share/middleware_profiles/rtps_udp_profile.xml'), ('CUDA_DRIVER_VERSION', '520.61.03'), ('_CUDA_COMPAT_STATUS', 'System has unsupported display driver / cuda driver combination (CUDA_ERROR_SYSTEM_DRIVER_MISMATCH) cuInit()=803'), ('DISPLAY', ':0'), ('NVIDIA_PRODUCT_NAME', 'Triton Server'), ('LANG', 'en_US.UTF-8'), ('RMW_IMPLEMENTATION', 'rmw_fastrtps_cpp'), ('NPP_VERSION', '11.8.0.86'), ('ROS_ROOT', '/opt/ros/humble'), ('CUFFT_VERSION', '10.9.0.58'), ('TF_ENABLE_WINOGRAD_NONFUSED', '1'), ('AMENT_PREFIX_PATH', '/workspaces/isaac_ros-dev/install/qcar2_interfaces:/opt/ros/humble'), ('CUDNN_VERSION', '8.6.0.163'), ('NSIGHT_COMPUTE_VERSION', '2022.3.0.22'), ('DALI_VERSION', '1.17.0'), ('DEBIAN_FRONTEND', 'noninteractive'), ('SHELL', '/bin/bash'), ('DCGM_VERSION', '2.2.9'), ('OPENMPI_VERSION', '4.1.4'), ('TRTOSS_VERSION', ''), ('OMPI_MCA_coll_hcoll_enable', '0'), ('CUSPARSE_VERSION', '11.7.5.86'), ('TRITON_SERVER_GPU_ENABLED', '1'), ('TRITON_SERVER_VERSION', '2.26.0'), ('BASH_ENV', '/etc/bash.bashrc'), ('PWD', '/workspaces/isaac_ros-dev/build/qcar2_controller'), ('PYTHONPATH', '/workspaces/isaac_ros-dev/install/qcar2_interfaces/lib/python3.8/site-packages:/opt/ros/humble/lib/python3.8/site-packages:/home/Quanser/libraries/python'), ('_CUDA_COMPAT_PATH', '/usr/local/cuda/compat'), ('TRITON_SERVER_USER', 'triton-server'), ('TF_ADJUST_HUE_FUSED', '1'), ('NVIDIA_VISIBLE_DEVICES', 'all'), ('NCCL_VERSION', '2.15.1'), ('USER_GID', '1000'), ('COLCON', '1'), ('OPENUCX_VERSION', '1.14.0'), ('HPCX_VERSION', '2.12.1a0'), ('SHARP_COLL_ENABLE_CUDA', '0'), ('TF_AUTOTUNE_THRESHOLD', '2'), ('CMAKE_PREFIX_PATH', '/workspaces/isaac_ros-dev/install/qcar2_interfaces:/opt/ros/humble')]), 'shell': False}
[1.326996] (qcar2_navigation) JobProgress: {'identifier': 'qcar2_navigation', 'progress': 'cmake'}
[1.328287] (qcar2_navigation) JobProgress: {'identifier': 'qcar2_navigation', 'progress': 'build'}
[1.330916] (qcar2_navigation) Command: {'cmd': ['/usr/bin/cmake', '--build', '/workspaces/isaac_ros-dev/build/qcar2_navigation', '--', '-j16', '-l16'], 'cwd': '/workspaces/isaac_ros-dev/build/qcar2_navigation', 'env': OrderedDict([('DALI_BUILD', '5838886'), ('LIBRARY_PATH', '/usr/local/cuda/lib64/stubs:'), ('PYTHONWARNINGS', 'ignore:::setuptools.command.install,ignore:::setuptools.command.easy_install,ignore:::pkg_resources'), ('USER', 'cilrtx'), ('TF_ADJUST_SATURATION_FUSED', '1'), ('CUSOLVER_VERSION', '11.4.1.48'), ('HOSTNAME', 'cil-rtx2070'), ('CUTENSOR_VERSION', '1.6.1.5'), ('SHLVL', '2'), ('LD_LIBRARY_PATH', '/workspaces/isaac_ros-dev/install/qcar2_interfaces/lib:/opt/ros/humble/opt/rviz_ogre_vendor/lib:/opt/ros/humble/lib/x86_64-linux-gnu:/opt/ros/humble/lib:/opt/tritonserver/backends/onnxruntime:/usr/local/cuda/compat/lib:/usr/local/nvidia/lib:/usr/local/nvidia/lib64:/opt/tritonserver/lib'), ('HOME', '/home/admin'), ('NVIDIA_TRITON_SERVER_VERSION', '22.09'), ('CUDA_CACHE_DISABLE', '1'), ('ROS_PYTHON_VERSION', '3'), ('USER_UID', '1000'), ('ENV', '/etc/shinit_v2'), ('RDMACORE_VERSION', '36.0'), ('NVJPEG_VERSION', '11.9.0.86'), ('NVIDIA_BUILD_ID', '44909143'), ('CUDA_VERSION', '11.8.0.062'), ('CUBLAS_VERSION', '11.11.3.6'), ('NSIGHT_SYSTEMS_VERSION', '2022.3.1.43'), ('ROS_DISTRO', 'humble'), ('OPAL_PREFIX', '/opt/hpcx/ompi'), ('NVIDIA_REQUIRE_CUDA', 'cuda>=9.0'), ('TRT_VERSION', '8.5.0.12'), ('GDRCOPY_VERSION', '2.3'), ('_', '/usr/bin/colcon'), ('ROS_VERSION', '2'), ('NVIDIA_DRIVER_CAPABILITIES', 'all'), ('POLYGRAPHY_VERSION', '0.38.0'), ('CURAND_VERSION', '10.3.0.86'), ('MOFED_VERSION', '5.4-rdmacore36.0'), ('USERNAME', 'admin'), ('TERM', 'xterm'), ('ROS_LOCALHOST_ONLY', '0'), ('PATH', '/opt/ros/humble/bin:/opt/tritonserver/bin:/usr/local/mpi/bin:/usr/local/nvidia/bin:/usr/local/cuda/bin:/usr/local/sbin:/usr/local/bin:/usr/sbin:/usr/bin:/sbin:/bin:/usr/local/ucx/bin:/opt/nvidia/tao'), ('FASTRTPS_DEFAULT_PROFILES_FILE', '/usr/local/share/middleware_profiles/rtps_udp_profile.xml'), ('CUDA_DRIVER_VERSION', '520.61.03'), ('_CUDA_COMPAT_STATUS', 'System has unsupported display driver / cuda driver combination (CUDA_ERROR_SYSTEM_DRIVER_MISMATCH) cuInit()=803'), ('DISPLAY', ':0'), ('NVIDIA_PRODUCT_NAME', 'Triton Server'), ('LANG', 'en_US.UTF-8'), ('RMW_IMPLEMENTATION', 'rmw_fastrtps_cpp'), ('NPP_VERSION', '11.8.0.86'), ('ROS_ROOT', '/opt/ros/humble'), ('CUFFT_VERSION', '10.9.0.58'), ('TF_ENABLE_WINOGRAD_NONFUSED', '1'), ('AMENT_PREFIX_PATH', '/workspaces/isaac_ros-dev/install/qcar2_interfaces:/opt/ros/humble'), ('CUDNN_VERSION', '8.6.0.163'), ('NSIGHT_COMPUTE_VERSION', '2022.3.0.22'), ('DALI_VERSION', '1.17.0'), ('DEBIAN_FRONTEND', 'noninteractive'), ('SHELL', '/bin/bash'), ('DCGM_VERSION', '2.2.9'), ('OPENMPI_VERSION', '4.1.4'), ('TRTOSS_VERSION', ''), ('OMPI_MCA_coll_hcoll_enable', '0'), ('CUSPARSE_VERSION', '11.7.5.86'), ('TRITON_SERVER_GPU_ENABLED', '1'), ('TRITON_SERVER_VERSION', '2.26.0'), ('BASH_ENV', '/etc/bash.bashrc'), ('PWD', '/workspaces/isaac_ros-dev/build/qcar2_navigation'), ('PYTHONPATH', '/workspaces/isaac_ros-dev/install/qcar2_interfaces/lib/python3.8/site-packages:/opt/ros/humble/lib/python3.8/site-packages:/home/Quanser/libraries/python'), ('_CUDA_COMPAT_PATH', '/usr/local/cuda/compat'), ('TRITON_SERVER_USER', 'triton-server'), ('TF_ADJUST_HUE_FUSED', '1'), ('NVIDIA_VISIBLE_DEVICES', 'all'), ('NCCL_VERSION', '2.15.1'), ('USER_GID', '1000'), ('COLCON', '1'), ('OPENUCX_VERSION', '1.14.0'), ('HPCX_VERSION', '2.12.1a0'), ('SHARP_COLL_ENABLE_CUDA', '0'), ('TF_AUTOTUNE_THRESHOLD', '2'), ('CMAKE_PREFIX_PATH', '/workspaces/isaac_ros-dev/install/qcar2_interfaces:/opt/ros/humble')]), 'shell': False}
[1.336079] (qcar2_nodes) JobProgress: {'identifier': 'qcar2_nodes', 'progress': 'cmake'}
[1.337118] (qcar2_nodes) JobProgress: {'identifier': 'qcar2_nodes', 'progress': 'build'}
[1.337673] (qcar2_nodes) Command: {'cmd': ['/usr/bin/cmake', '--build', '/workspaces/isaac_ros-dev/build/qcar2_nodes', '--', '-j16', '-l16'], 'cwd': '/workspaces/isaac_ros-dev/build/qcar2_nodes', 'env': OrderedDict([('DALI_BUILD', '5838886'), ('LIBRARY_PATH', '/usr/local/cuda/lib64/stubs:'), ('PYTHONWARNINGS', 'ignore:::setuptools.command.install,ignore:::setuptools.command.easy_install,ignore:::pkg_resources'), ('USER', 'cilrtx'), ('TF_ADJUST_SATURATION_FUSED', '1'), ('CUSOLVER_VERSION', '11.4.1.48'), ('HOSTNAME', 'cil-rtx2070'), ('CUTENSOR_VERSION', '1.6.1.5'), ('SHLVL', '2'), ('LD_LIBRARY_PATH', '/workspaces/isaac_ros-dev/install/qcar2_interfaces/lib:/opt/ros/humble/opt/rviz_ogre_vendor/lib:/opt/ros/humble/lib/x86_64-linux-gnu:/opt/ros/humble/lib:/opt/tritonserver/backends/onnxruntime:/usr/local/cuda/compat/lib:/usr/local/nvidia/lib:/usr/local/nvidia/lib64:/opt/tritonserver/lib'), ('HOME', '/home/admin'), ('NVIDIA_TRITON_SERVER_VERSION', '22.09'), ('CUDA_CACHE_DISABLE', '1'), ('ROS_PYTHON_VERSION', '3'), ('USER_UID', '1000'), ('ENV', '/etc/shinit_v2'), ('RDMACORE_VERSION', '36.0'), ('NVJPEG_VERSION', '11.9.0.86'), ('NVIDIA_BUILD_ID', '44909143'), ('CUDA_VERSION', '11.8.0.062'), ('CUBLAS_VERSION', '11.11.3.6'), ('NSIGHT_SYSTEMS_VERSION', '2022.3.1.43'), ('ROS_DISTRO', 'humble'), ('OPAL_PREFIX', '/opt/hpcx/ompi'), ('NVIDIA_REQUIRE_CUDA', 'cuda>=9.0'), ('TRT_VERSION', '8.5.0.12'), ('GDRCOPY_VERSION', '2.3'), ('_', '/usr/bin/colcon'), ('ROS_VERSION', '2'), ('NVIDIA_DRIVER_CAPABILITIES', 'all'), ('POLYGRAPHY_VERSION', '0.38.0'), ('CURAND_VERSION', '10.3.0.86'), ('MOFED_VERSION', '5.4-rdmacore36.0'), ('USERNAME', 'admin'), ('TERM', 'xterm'), ('ROS_LOCALHOST_ONLY', '0'), ('PATH', '/opt/ros/humble/bin:/opt/tritonserver/bin:/usr/local/mpi/bin:/usr/local/nvidia/bin:/usr/local/cuda/bin:/usr/local/sbin:/usr/local/bin:/usr/sbin:/usr/bin:/sbin:/bin:/usr/local/ucx/bin:/opt/nvidia/tao'), ('FASTRTPS_DEFAULT_PROFILES_FILE', '/usr/local/share/middleware_profiles/rtps_udp_profile.xml'), ('CUDA_DRIVER_VERSION', '520.61.03'), ('_CUDA_COMPAT_STATUS', 'System has unsupported display driver / cuda driver combination (CUDA_ERROR_SYSTEM_DRIVER_MISMATCH) cuInit()=803'), ('DISPLAY', ':0'), ('NVIDIA_PRODUCT_NAME', 'Triton Server'), ('LANG', 'en_US.UTF-8'), ('RMW_IMPLEMENTATION', 'rmw_fastrtps_cpp'), ('NPP_VERSION', '11.8.0.86'), ('ROS_ROOT', '/opt/ros/humble'), ('CUFFT_VERSION', '10.9.0.58'), ('TF_ENABLE_WINOGRAD_NONFUSED', '1'), ('AMENT_PREFIX_PATH', '/workspaces/isaac_ros-dev/install/qcar2_interfaces:/opt/ros/humble'), ('CUDNN_VERSION', '8.6.0.163'), ('NSIGHT_COMPUTE_VERSION', '2022.3.0.22'), ('DALI_VERSION', '1.17.0'), ('DEBIAN_FRONTEND', 'noninteractive'), ('SHELL', '/bin/bash'), ('DCGM_VERSION', '2.2.9'), ('OPENMPI_VERSION', '4.1.4'), ('TRTOSS_VERSION', ''), ('OMPI_MCA_coll_hcoll_enable', '0'), ('CUSPARSE_VERSION', '11.7.5.86'), ('TRITON_SERVER_GPU_ENABLED', '1'), ('TRITON_SERVER_VERSION', '2.26.0'), ('BASH_ENV', '/etc/bash.bashrc'), ('PWD', '/workspaces/isaac_ros-dev/build/qcar2_nodes'), ('PYTHONPATH', '/workspaces/isaac_ros-dev/install/qcar2_interfaces/lib/python3.8/site-packages:/opt/ros/humble/lib/python3.8/site-packages:/home/Quanser/libraries/python'), ('_CUDA_COMPAT_PATH', '/usr/local/cuda/compat'), ('TRITON_SERVER_USER', 'triton-server'), ('TF_ADJUST_HUE_FUSED', '1'), ('NVIDIA_VISIBLE_DEVICES', 'all'), ('NCCL_VERSION', '2.15.1'), ('USER_GID', '1000'), ('COLCON', '1'), ('OPENUCX_VERSION', '1.14.0'), ('HPCX_VERSION', '2.12.1a0'), ('SHARP_COLL_ENABLE_CUDA', '0'), ('TF_AUTOTUNE_THRESHOLD', '2'), ('CMAKE_PREFIX_PATH', '/workspaces/isaac_ros-dev/install/qcar2_interfaces:/opt/ros/humble')]), 'shell': False}
[1.362931] (qcar2_controller) StdoutLine: {'line': b'Built target ament_cmake_python_copy_qcar2_controller\n'}
[1.372399] (qcar2_navigation) StdoutLine: {'line': b'Built target ament_cmake_python_copy_qcar2_navigation\n'}
[1.385549] (qcar2_nodes) StdoutLine: {'line': b'[ 10%] Built target fixed_lidar_frame\n'}
[1.386778] (qcar2_nodes) StdoutLine: {'line': b'[ 30%] Built target command\n'}
[1.386917] (qcar2_nodes) StdoutLine: {'line': b'[ 30%] Built target fer_command\n'}
[1.387851] (qcar2_nodes) StdoutLine: {'line': b'[ 40%] Built target lidar\n'}
[1.388135] (qcar2_nodes) StdoutLine: {'line': b'[ 50%] Built target rgbd\n'}
[1.388611] (qcar2_nodes) StdoutLine: {'line': b'[ 60%] Built target qcar2_odometry_broadcaster\n'}
[1.388847] (qcar2_nodes) StdoutLine: {'line': b'[ 70%] Built target qcar2_hardware\n'}
[1.388989] (qcar2_nodes) StdoutLine: {'line': b'[ 80%] Built target csi\n'}
[1.389176] (qcar2_nodes) StdoutLine: {'line': b'[ 90%] Built target nav2_qcar2_converter\n'}
[1.389363] (qcar2_nodes) StdoutLine: {'line': b'[100%] Built target fixed_lidar_frame_virtual\n'}
[1.396114] (qcar2_nodes) CommandEnded: {'returncode': 0}
[1.402767] (-) TimerEvent: {}
[1.488482] (qcar2_nodes) JobProgress: {'identifier': 'qcar2_nodes', 'progress': 'install'}
[1.488968] (qcar2_nodes) Command: {'cmd': ['/usr/bin/cmake', '--install', '/workspaces/isaac_ros-dev/build/qcar2_nodes'], 'cwd': '/workspaces/isaac_ros-dev/build/qcar2_nodes', 'env': OrderedDict([('DALI_BUILD', '5838886'), ('LIBRARY_PATH', '/usr/local/cuda/lib64/stubs:'), ('PYTHONWARNINGS', 'ignore:::setuptools.command.install,ignore:::setuptools.command.easy_install,ignore:::pkg_resources'), ('USER', 'cilrtx'), ('TF_ADJUST_SATURATION_FUSED', '1'), ('CUSOLVER_VERSION', '11.4.1.48'), ('HOSTNAME', 'cil-rtx2070'), ('CUTENSOR_VERSION', '1.6.1.5'), ('SHLVL', '2'), ('LD_LIBRARY_PATH', '/workspaces/isaac_ros-dev/install/qcar2_interfaces/lib:/opt/ros/humble/opt/rviz_ogre_vendor/lib:/opt/ros/humble/lib/x86_64-linux-gnu:/opt/ros/humble/lib:/opt/tritonserver/backends/onnxruntime:/usr/local/cuda/compat/lib:/usr/local/nvidia/lib:/usr/local/nvidia/lib64:/opt/tritonserver/lib'), ('HOME', '/home/admin'), ('NVIDIA_TRITON_SERVER_VERSION', '22.09'), ('CUDA_CACHE_DISABLE', '1'), ('ROS_PYTHON_VERSION', '3'), ('USER_UID', '1000'), ('ENV', '/etc/shinit_v2'), ('RDMACORE_VERSION', '36.0'), ('NVJPEG_VERSION', '11.9.0.86'), ('NVIDIA_BUILD_ID', '44909143'), ('CUDA_VERSION', '11.8.0.062'), ('CUBLAS_VERSION', '11.11.3.6'), ('NSIGHT_SYSTEMS_VERSION', '2022.3.1.43'), ('ROS_DISTRO', 'humble'), ('OPAL_PREFIX', '/opt/hpcx/ompi'), ('NVIDIA_REQUIRE_CUDA', 'cuda>=9.0'), ('TRT_VERSION', '8.5.0.12'), ('GDRCOPY_VERSION', '2.3'), ('_', '/usr/bin/colcon'), ('ROS_VERSION', '2'), ('NVIDIA_DRIVER_CAPABILITIES', 'all'), ('POLYGRAPHY_VERSION', '0.38.0'), ('CURAND_VERSION', '10.3.0.86'), ('MOFED_VERSION', '5.4-rdmacore36.0'), ('USERNAME', 'admin'), ('TERM', 'xterm'), ('ROS_LOCALHOST_ONLY', '0'), ('PATH', '/opt/ros/humble/bin:/opt/tritonserver/bin:/usr/local/mpi/bin:/usr/local/nvidia/bin:/usr/local/cuda/bin:/usr/local/sbin:/usr/local/bin:/usr/sbin:/usr/bin:/sbin:/bin:/usr/local/ucx/bin:/opt/nvidia/tao'), ('FASTRTPS_DEFAULT_PROFILES_FILE', '/usr/local/share/middleware_profiles/rtps_udp_profile.xml'), ('CUDA_DRIVER_VERSION', '520.61.03'), ('_CUDA_COMPAT_STATUS', 'System has unsupported display driver / cuda driver combination (CUDA_ERROR_SYSTEM_DRIVER_MISMATCH) cuInit()=803'), ('DISPLAY', ':0'), ('NVIDIA_PRODUCT_NAME', 'Triton Server'), ('LANG', 'en_US.UTF-8'), ('RMW_IMPLEMENTATION', 'rmw_fastrtps_cpp'), ('NPP_VERSION', '11.8.0.86'), ('ROS_ROOT', '/opt/ros/humble'), ('CUFFT_VERSION', '10.9.0.58'), ('TF_ENABLE_WINOGRAD_NONFUSED', '1'), ('AMENT_PREFIX_PATH', '/workspaces/isaac_ros-dev/install/qcar2_interfaces:/opt/ros/humble'), ('CUDNN_VERSION', '8.6.0.163'), ('NSIGHT_COMPUTE_VERSION', '2022.3.0.22'), ('DALI_VERSION', '1.17.0'), ('DEBIAN_FRONTEND', 'noninteractive'), ('SHELL', '/bin/bash'), ('DCGM_VERSION', '2.2.9'), ('OPENMPI_VERSION', '4.1.4'), ('TRTOSS_VERSION', ''), ('OMPI_MCA_coll_hcoll_enable', '0'), ('CUSPARSE_VERSION', '11.7.5.86'), ('TRITON_SERVER_GPU_ENABLED', '1'), ('TRITON_SERVER_VERSION', '2.26.0'), ('BASH_ENV', '/etc/bash.bashrc'), ('PWD', '/workspaces/isaac_ros-dev/build/qcar2_nodes'), ('PYTHONPATH', '/workspaces/isaac_ros-dev/install/qcar2_interfaces/lib/python3.8/site-packages:/opt/ros/humble/lib/python3.8/site-packages:/home/Quanser/libraries/python'), ('_CUDA_COMPAT_PATH', '/usr/local/cuda/compat'), ('TRITON_SERVER_USER', 'triton-server'), ('TF_ADJUST_HUE_FUSED', '1'), ('NVIDIA_VISIBLE_DEVICES', 'all'), ('NCCL_VERSION', '2.15.1'), ('USER_GID', '1000'), ('COLCON', '1'), ('OPENUCX_VERSION', '1.14.0'), ('HPCX_VERSION', '2.12.1a0'), ('SHARP_COLL_ENABLE_CUDA', '0'), ('TF_AUTOTUNE_THRESHOLD', '2'), ('CMAKE_PREFIX_PATH', '/workspaces/isaac_ros-dev/install/qcar2_interfaces:/opt/ros/humble')]), 'shell': False}
[1.496782] (qcar2_nodes) StdoutLine: {'line': b'-- Install configuration: ""\n'}
[1.497130] (qcar2_nodes) StdoutLine: {'line': b'-- Up-to-date: /workspaces/isaac_ros-dev/install/qcar2_nodes/lib/qcar2_nodes/qcar2_hardware\n'}
[1.497348] (qcar2_nodes) StdoutLine: {'line': b'-- Up-to-date: /workspaces/isaac_ros-dev/install/qcar2_nodes/lib/qcar2_nodes/rgbd\n'}
[1.497774] (qcar2_nodes) StdoutLine: {'line': b'-- Up-to-date: /workspaces/isaac_ros-dev/install/qcar2_nodes/lib/qcar2_nodes/lidar\n'}
[1.498140] (qcar2_nodes) StdoutLine: {'line': b'-- Up-to-date: /workspaces/isaac_ros-dev/install/qcar2_nodes/lib/qcar2_nodes/csi\n'}
[1.498524] (qcar2_nodes) StdoutLine: {'line': b'-- Up-to-date: /workspaces/isaac_ros-dev/install/qcar2_nodes/lib/qcar2_nodes/fer_command\n'}
[1.498901] (qcar2_nodes) StdoutLine: {'line': b'-- Up-to-date: /workspaces/isaac_ros-dev/install/qcar2_nodes/lib/qcar2_nodes/command\n'}
[1.499278] (qcar2_nodes) StdoutLine: {'line': b'-- Up-to-date: /workspaces/isaac_ros-dev/install/qcar2_nodes/lib/qcar2_nodes/nav2_qcar2_converter\n'}
[1.499662] (qcar2_nodes) StdoutLine: {'line': b'-- Up-to-date: /workspaces/isaac_ros-dev/install/qcar2_nodes/lib/qcar2_nodes/fixed_lidar_frame\n'}
[1.500086] (qcar2_nodes) StdoutLine: {'line': b'-- Up-to-date: /workspaces/isaac_ros-dev/install/qcar2_nodes/lib/qcar2_nodes/fixed_lidar_frame_virtual\n'}
[1.500468] (qcar2_nodes) StdoutLine: {'line': b'-- Up-to-date: /workspaces/isaac_ros-dev/install/qcar2_nodes/lib/qcar2_nodes/qcar2_odometry_broadcaster\n'}
[1.500723] (qcar2_nodes) StdoutLine: {'line': b'-- Up-to-date: /workspaces/isaac_ros-dev/install/qcar2_nodes/share/qcar2_nodes//launch\n'}
[1.500864] (qcar2_nodes) StdoutLine: {'line': b'-- Up-to-date: /workspaces/isaac_ros-dev/install/qcar2_nodes/share/qcar2_nodes//launch/qcar2_slam_and_nav_bringup_launch.py\n'}
[1.500949] (qcar2_nodes) StdoutLine: {'line': b'-- Up-to-date: /workspaces/isaac_ros-dev/install/qcar2_nodes/share/qcar2_nodes//launch/qcar2_virtual_launch.py\n'}
[1.501070] (qcar2_nodes) StdoutLine: {'line': b'-- Up-to-date: /workspaces/isaac_ros-dev/install/qcar2_nodes/share/qcar2_nodes//launch/qcar2_manual_cartographer_launch.py\n'}
[1.501254] (qcar2_nodes) StdoutLine: {'line': b'-- Up-to-date: /workspaces/isaac_ros-dev/install/qcar2_nodes/share/qcar2_nodes//launch/qcar2_cartographer_launch.py\n'}
[1.501588] (qcar2_nodes) StdoutLine: {'line': b'-- Up-to-date: /workspaces/isaac_ros-dev/install/qcar2_nodes/share/qcar2_nodes//launch/qcar2_cartographer_virtual_launch.py\n'}
[1.501801] (qcar2_nodes) StdoutLine: {'line': b'-- Up-to-date: /workspaces/isaac_ros-dev/install/qcar2_nodes/share/qcar2_nodes//launch/qcar2_navigation_launch.py\n'}
[1.502051] (qcar2_nodes) StdoutLine: {'line': b'-- Up-to-date: /workspaces/isaac_ros-dev/install/qcar2_nodes/share/qcar2_nodes//launch/qcar2_slam_and_nav_bringup_virtual_launch.py\n'}
[1.502177] (qcar2_nodes) StdoutLine: {'line': b'-- Up-to-date: /workspaces/isaac_ros-dev/install/qcar2_nodes/share/qcar2_nodes//launch/qcar2_manual_drive_launch.py\n'}
[1.502343] (qcar2_nodes) StdoutLine: {'line': b'-- Up-to-date: /workspaces/isaac_ros-dev/install/qcar2_nodes/share/qcar2_nodes//launch/localization_launch.py\n'}
[1.502479] (qcar2_nodes) StdoutLine: {'line': b'-- Up-to-date: /workspaces/isaac_ros-dev/install/qcar2_nodes/share/qcar2_nodes//launch/qcar2_launch.py\n'}
[1.502624] (qcar2_nodes) StdoutLine: {'line': b'-- Up-to-date: /workspaces/isaac_ros-dev/install/qcar2_nodes/share/qcar2_nodes//rt_models\n'}
[1.502743] (qcar2_nodes) StdoutLine: {'line': b'-- Up-to-date: /workspaces/isaac_ros-dev/install/qcar2_nodes/share/qcar2_nodes//rt_models/dummy_model\n'}
[1.502845] (-) TimerEvent: {}
[1.503130] (qcar2_nodes) StdoutLine: {'line': b'-- Up-to-date: /workspaces/isaac_ros-dev/install/qcar2_nodes/share/qcar2_nodes//config\n'}
[1.503668] (qcar2_nodes) StdoutLine: {'line': b'-- Up-to-date: /workspaces/isaac_ros-dev/install/qcar2_nodes/share/qcar2_nodes//config/qcar2_slam_and_nav.yaml\n'}
[1.504543] (qcar2_nodes) StdoutLine: {'line': b'-- Up-to-date: /workspaces/isaac_ros-dev/install/qcar2_nodes/share/qcar2_nodes//config/qcar2_slam_and_nav_virtual.yaml\n'}
[1.504953] (qcar2_nodes) StdoutLine: {'line': b'-- Up-to-date: /workspaces/isaac_ros-dev/install/qcar2_nodes/share/qcar2_nodes//config/qcar2_2d.lua\n'}
[1.505276] (qcar2_nodes) StdoutLine: {'line': b'-- Up-to-date: /workspaces/isaac_ros-dev/install/qcar2_nodes/share/qcar2_nodes//maps\n'}
[1.505769] (qcar2_nodes) StdoutLine: {'line': b'-- Up-to-date: /workspaces/isaac_ros-dev/install/qcar2_nodes/share/qcar2_nodes//maps/sdcc\n'}
[1.506057] (qcar2_nodes) StdoutLine: {'line': b'-- Up-to-date: /workspaces/isaac_ros-dev/install/qcar2_nodes/share/qcar2_nodes//maps/sdcc/sdcc.pgm\n'}
[1.506336] (qcar2_nodes) StdoutLine: {'line': b'-- Up-to-date: /workspaces/isaac_ros-dev/install/qcar2_nodes/share/qcar2_nodes//maps/sdcc/sdcc_modified.pgm\n'}
[1.506562] (qcar2_nodes) StdoutLine: {'line': b'-- Up-to-date: /workspaces/isaac_ros-dev/install/qcar2_nodes/share/qcar2_nodes//maps/sdcc/sdccmod2.pgm\n'}
[1.506908] (qcar2_nodes) StdoutLine: {'line': b'-- Up-to-date: /workspaces/isaac_ros-dev/install/qcar2_nodes/share/qcar2_nodes//maps/sdcc/sdcc.yaml\n'}
[1.507206] (qcar2_nodes) StdoutLine: {'line': b'-- Up-to-date: /workspaces/isaac_ros-dev/install/qcar2_nodes/share/qcar2_nodes//rviz\n'}
[1.507447] (qcar2_nodes) StdoutLine: {'line': b'-- Up-to-date: /workspaces/isaac_ros-dev/install/qcar2_nodes/share/qcar2_nodes//rviz/rviz_navigation.rviz\n'}
[1.507745] (qcar2_nodes) StdoutLine: {'line': b'-- Up-to-date: /workspaces/isaac_ros-dev/install/qcar2_nodes/share/qcar2_nodes//rviz/rviz_mapping.rviz\n'}
[1.508074] (qcar2_nodes) StdoutLine: {'line': b'-- Up-to-date: /workspaces/isaac_ros-dev/install/qcar2_nodes/share/ament_index/resource_index/package_run_dependencies/qcar2_nodes\n'}
[1.508703] (qcar2_nodes) StdoutLine: {'line': b'-- Up-to-date: /workspaces/isaac_ros-dev/install/qcar2_nodes/share/ament_index/resource_index/parent_prefix_path/qcar2_nodes\n'}
[1.509004] (qcar2_nodes) StdoutLine: {'line': b'-- Up-to-date: /workspaces/isaac_ros-dev/install/qcar2_nodes/share/qcar2_nodes/environment/ament_prefix_path.sh\n'}
[1.509244] (qcar2_nodes) StdoutLine: {'line': b'-- Up-to-date: /workspaces/isaac_ros-dev/install/qcar2_nodes/share/qcar2_nodes/environment/ament_prefix_path.dsv\n'}
[1.509468] (qcar2_nodes) StdoutLine: {'line': b'-- Up-to-date: /workspaces/isaac_ros-dev/install/qcar2_nodes/share/qcar2_nodes/environment/path.sh\n'}
[1.509750] (qcar2_nodes) StdoutLine: {'line': b'-- Up-to-date: /workspaces/isaac_ros-dev/install/qcar2_nodes/share/qcar2_nodes/environment/path.dsv\n'}
[1.509934] (qcar2_nodes) StdoutLine: {'line': b'-- Up-to-date: /workspaces/isaac_ros-dev/install/qcar2_nodes/share/qcar2_nodes/local_setup.bash\n'}
[1.510216] (qcar2_nodes) StdoutLine: {'line': b'-- Up-to-date: /workspaces/isaac_ros-dev/install/qcar2_nodes/share/qcar2_nodes/local_setup.sh\n'}
[1.510488] (qcar2_nodes) StdoutLine: {'line': b'-- Up-to-date: /workspaces/isaac_ros-dev/install/qcar2_nodes/share/qcar2_nodes/local_setup.zsh\n'}
[1.510661] (qcar2_nodes) StdoutLine: {'line': b'-- Up-to-date: /workspaces/isaac_ros-dev/install/qcar2_nodes/share/qcar2_nodes/local_setup.dsv\n'}
[1.510955] (qcar2_nodes) StdoutLine: {'line': b'-- Installing: /workspaces/isaac_ros-dev/install/qcar2_nodes/share/qcar2_nodes/package.dsv\n'}
[1.511091] (qcar2_nodes) StdoutLine: {'line': b'-- Up-to-date: /workspaces/isaac_ros-dev/install/qcar2_nodes/share/ament_index/resource_index/packages/qcar2_nodes\n'}
[1.511242] (qcar2_nodes) StdoutLine: {'line': b'-- Up-to-date: /workspaces/isaac_ros-dev/install/qcar2_nodes/share/qcar2_nodes/cmake/qcar2_nodesConfig.cmake\n'}
[1.511389] (qcar2_nodes) StdoutLine: {'line': b'-- Up-to-date: /workspaces/isaac_ros-dev/install/qcar2_nodes/share/qcar2_nodes/cmake/qcar2_nodesConfig-version.cmake\n'}
[1.511671] (qcar2_nodes) StdoutLine: {'line': b'-- Up-to-date: /workspaces/isaac_ros-dev/install/qcar2_nodes/share/qcar2_nodes/package.xml\n'}
[1.511975] (qcar2_nodes) CommandEnded: {'returncode': 0}
[1.603032] (-) TimerEvent: {}
[1.703754] (-) TimerEvent: {}
[1.732520] (qcar2_nodes) JobEnded: {'identifier': 'qcar2_nodes', 'rc': 0}
[1.778801] (qcar2_controller) StdoutLine: {'line': b'running egg_info\n'}
[1.794725] (qcar2_controller) StdoutLine: {'line': b'writing qcar2_controller.egg-info/PKG-INFO\n'}
[1.795045] (qcar2_controller) StdoutLine: {'line': b'writing dependency_links to qcar2_controller.egg-info/dependency_links.txt\n'}
[1.795282] (qcar2_controller) StdoutLine: {'line': b'writing top-level names to qcar2_controller.egg-info/top_level.txt\n'}
[1.803917] (-) TimerEvent: {}
[1.808559] (qcar2_navigation) StdoutLine: {'line': b'running egg_info\n'}
[1.826717] (qcar2_navigation) StdoutLine: {'line': b'writing qcar2_navigation.egg-info/PKG-INFO\n'}
[1.827011] (qcar2_navigation) StdoutLine: {'line': b'writing dependency_links to qcar2_navigation.egg-info/dependency_links.txt\n'}
[1.827657] (qcar2_navigation) StdoutLine: {'line': b'writing top-level names to qcar2_navigation.egg-info/top_level.txt\n'}
[1.842337] (qcar2_controller) StdoutLine: {'line': b"reading manifest file 'qcar2_controller.egg-info/SOURCES.txt'\n"}
[1.843109] (qcar2_controller) StdoutLine: {'line': b"writing manifest file 'qcar2_controller.egg-info/SOURCES.txt'\n"}
[1.879136] (qcar2_navigation) StdoutLine: {'line': b"reading manifest file 'qcar2_navigation.egg-info/SOURCES.txt'\n"}
[1.879855] (qcar2_navigation) StdoutLine: {'line': b"writing manifest file 'qcar2_navigation.egg-info/SOURCES.txt'\n"}
[1.893325] (qcar2_controller) StdoutLine: {'line': b'Built target ament_cmake_python_build_qcar2_controller_egg\n'}
[1.899485] (qcar2_controller) CommandEnded: {'returncode': 0}
[1.904102] (-) TimerEvent: {}
[1.929093] (qcar2_navigation) StdoutLine: {'line': b'Built target ament_cmake_python_build_qcar2_navigation_egg\n'}
[1.932527] (qcar2_controller) JobProgress: {'identifier': 'qcar2_controller', 'progress': 'install'}
[1.933282] (qcar2_controller) Command: {'cmd': ['/usr/bin/cmake', '--install', '/workspaces/isaac_ros-dev/build/qcar2_controller'], 'cwd': '/workspaces/isaac_ros-dev/build/qcar2_controller', 'env': OrderedDict([('DALI_BUILD', '5838886'), ('LIBRARY_PATH', '/usr/local/cuda/lib64/stubs:'), ('PYTHONWARNINGS', 'ignore:::setuptools.command.install,ignore:::setuptools.command.easy_install,ignore:::pkg_resources'), ('USER', 'cilrtx'), ('TF_ADJUST_SATURATION_FUSED', '1'), ('CUSOLVER_VERSION', '11.4.1.48'), ('HOSTNAME', 'cil-rtx2070'), ('CUTENSOR_VERSION', '1.6.1.5'), ('SHLVL', '2'), ('LD_LIBRARY_PATH', '/workspaces/isaac_ros-dev/install/qcar2_interfaces/lib:/opt/ros/humble/opt/rviz_ogre_vendor/lib:/opt/ros/humble/lib/x86_64-linux-gnu:/opt/ros/humble/lib:/opt/tritonserver/backends/onnxruntime:/usr/local/cuda/compat/lib:/usr/local/nvidia/lib:/usr/local/nvidia/lib64:/opt/tritonserver/lib'), ('HOME', '/home/admin'), ('NVIDIA_TRITON_SERVER_VERSION', '22.09'), ('CUDA_CACHE_DISABLE', '1'), ('ROS_PYTHON_VERSION', '3'), ('USER_UID', '1000'), ('ENV', '/etc/shinit_v2'), ('RDMACORE_VERSION', '36.0'), ('NVJPEG_VERSION', '11.9.0.86'), ('NVIDIA_BUILD_ID', '44909143'), ('CUDA_VERSION', '11.8.0.062'), ('CUBLAS_VERSION', '11.11.3.6'), ('NSIGHT_SYSTEMS_VERSION', '2022.3.1.43'), ('ROS_DISTRO', 'humble'), ('OPAL_PREFIX', '/opt/hpcx/ompi'), ('NVIDIA_REQUIRE_CUDA', 'cuda>=9.0'), ('TRT_VERSION', '8.5.0.12'), ('GDRCOPY_VERSION', '2.3'), ('_', '/usr/bin/colcon'), ('ROS_VERSION', '2'), ('NVIDIA_DRIVER_CAPABILITIES', 'all'), ('POLYGRAPHY_VERSION', '0.38.0'), ('CURAND_VERSION', '10.3.0.86'), ('MOFED_VERSION', '5.4-rdmacore36.0'), ('USERNAME', 'admin'), ('TERM', 'xterm'), ('ROS_LOCALHOST_ONLY', '0'), ('PATH', '/opt/ros/humble/bin:/opt/tritonserver/bin:/usr/local/mpi/bin:/usr/local/nvidia/bin:/usr/local/cuda/bin:/usr/local/sbin:/usr/local/bin:/usr/sbin:/usr/bin:/sbin:/bin:/usr/local/ucx/bin:/opt/nvidia/tao'), ('FASTRTPS_DEFAULT_PROFILES_FILE', '/usr/local/share/middleware_profiles/rtps_udp_profile.xml'), ('CUDA_DRIVER_VERSION', '520.61.03'), ('_CUDA_COMPAT_STATUS', 'System has unsupported display driver / cuda driver combination (CUDA_ERROR_SYSTEM_DRIVER_MISMATCH) cuInit()=803'), ('DISPLAY', ':0'), ('NVIDIA_PRODUCT_NAME', 'Triton Server'), ('LANG', 'en_US.UTF-8'), ('RMW_IMPLEMENTATION', 'rmw_fastrtps_cpp'), ('NPP_VERSION', '11.8.0.86'), ('ROS_ROOT', '/opt/ros/humble'), ('CUFFT_VERSION', '10.9.0.58'), ('TF_ENABLE_WINOGRAD_NONFUSED', '1'), ('AMENT_PREFIX_PATH', '/workspaces/isaac_ros-dev/install/qcar2_interfaces:/opt/ros/humble'), ('CUDNN_VERSION', '8.6.0.163'), ('NSIGHT_COMPUTE_VERSION', '2022.3.0.22'), ('DALI_VERSION', '1.17.0'), ('DEBIAN_FRONTEND', 'noninteractive'), ('SHELL', '/bin/bash'), ('DCGM_VERSION', '2.2.9'), ('OPENMPI_VERSION', '4.1.4'), ('TRTOSS_VERSION', ''), ('OMPI_MCA_coll_hcoll_enable', '0'), ('CUSPARSE_VERSION', '11.7.5.86'), ('TRITON_SERVER_GPU_ENABLED', '1'), ('TRITON_SERVER_VERSION', '2.26.0'), ('BASH_ENV', '/etc/bash.bashrc'), ('PWD', '/workspaces/isaac_ros-dev/build/qcar2_controller'), ('PYTHONPATH', '/workspaces/isaac_ros-dev/install/qcar2_interfaces/lib/python3.8/site-packages:/opt/ros/humble/lib/python3.8/site-packages:/home/Quanser/libraries/python'), ('_CUDA_COMPAT_PATH', '/usr/local/cuda/compat'), ('TRITON_SERVER_USER', 'triton-server'), ('TF_ADJUST_HUE_FUSED', '1'), ('NVIDIA_VISIBLE_DEVICES', 'all'), ('NCCL_VERSION', '2.15.1'), ('USER_GID', '1000'), ('COLCON', '1'), ('OPENUCX_VERSION', '1.14.0'), ('HPCX_VERSION', '2.12.1a0'), ('SHARP_COLL_ENABLE_CUDA', '0'), ('TF_AUTOTUNE_THRESHOLD', '2'), ('CMAKE_PREFIX_PATH', '/workspaces/isaac_ros-dev/install/qcar2_interfaces:/opt/ros/humble')]), 'shell': False}
[1.938048] (qcar2_navigation) CommandEnded: {'returncode': 0}
[1.940835] (qcar2_controller) StdoutLine: {'line': b'-- Install configuration: ""\n'}
[1.941468] (qcar2_controller) StdoutLine: {'line': b'-- Up-to-date: /workspaces/isaac_ros-dev/install/qcar2_controller/share/qcar2_controller/environment/pythonpath.sh\n'}
[1.941555] (qcar2_controller) StdoutLine: {'line': b'-- Up-to-date: /workspaces/isaac_ros-dev/install/qcar2_controller/share/qcar2_controller/environment/pythonpath.dsv\n'}
[1.942128] (qcar2_controller) StdoutLine: {'line': b'-- Up-to-date: /workspaces/isaac_ros-dev/install/qcar2_controller/lib/python3.8/site-packages/qcar2_controller-0.0.0-py3.8.egg-info\n'}
[1.942228] (qcar2_controller) StdoutLine: {'line': b'-- Installing: /workspaces/isaac_ros-dev/install/qcar2_controller/lib/python3.8/site-packages/qcar2_controller-0.0.0-py3.8.egg-info/PKG-INFO\n'}
[1.942772] (qcar2_controller) StdoutLine: {'line': b'-- Installing: /workspaces/isaac_ros-dev/install/qcar2_controller/lib/python3.8/site-packages/qcar2_controller-0.0.0-py3.8.egg-info/SOURCES.txt\n'}
[1.942854] (qcar2_controller) StdoutLine: {'line': b'-- Installing: /workspaces/isaac_ros-dev/install/qcar2_controller/lib/python3.8/site-packages/qcar2_controller-0.0.0-py3.8.egg-info/dependency_links.txt\n'}
[1.942928] (qcar2_controller) StdoutLine: {'line': b'-- Installing: /workspaces/isaac_ros-dev/install/qcar2_controller/lib/python3.8/site-packages/qcar2_controller-0.0.0-py3.8.egg-info/top_level.txt\n'}
[1.942995] (qcar2_controller) StdoutLine: {'line': b'-- Up-to-date: /workspaces/isaac_ros-dev/install/qcar2_controller/lib/python3.8/site-packages/qcar2_controller\n'}
[1.943061] (qcar2_controller) StdoutLine: {'line': b'-- Up-to-date: /workspaces/isaac_ros-dev/install/qcar2_controller/lib/python3.8/site-packages/qcar2_controller/xbox_command.py\n'}
[1.943125] (qcar2_controller) StdoutLine: {'line': b'-- Up-to-date: /workspaces/isaac_ros-dev/install/qcar2_controller/lib/python3.8/site-packages/qcar2_controller/redlight_detection.py\n'}
[1.943201] (qcar2_controller) StdoutLine: {'line': b'-- Up-to-date: /workspaces/isaac_ros-dev/install/qcar2_controller/lib/python3.8/site-packages/qcar2_controller/__init__.py\n'}
[1.943265] (qcar2_controller) StdoutLine: {'line': b'-- Installing: /workspaces/isaac_ros-dev/install/qcar2_controller/lib/python3.8/site-packages/qcar2_controller/stop_sign_handler.py\n'}
[1.943328] (qcar2_controller) StdoutLine: {'line': b'-- Up-to-date: /workspaces/isaac_ros-dev/install/qcar2_controller/lib/python3.8/site-packages/qcar2_controller/motor_mux.py\n'}
[1.971146] (qcar2_navigation) JobProgress: {'identifier': 'qcar2_navigation', 'progress': 'install'}
[1.971615] (qcar2_navigation) Command: {'cmd': ['/usr/bin/cmake', '--install', '/workspaces/isaac_ros-dev/build/qcar2_navigation'], 'cwd': '/workspaces/isaac_ros-dev/build/qcar2_navigation', 'env': OrderedDict([('DALI_BUILD', '5838886'), ('LIBRARY_PATH', '/usr/local/cuda/lib64/stubs:'), ('PYTHONWARNINGS', 'ignore:::setuptools.command.install,ignore:::setuptools.command.easy_install,ignore:::pkg_resources'), ('USER', 'cilrtx'), ('TF_ADJUST_SATURATION_FUSED', '1'), ('CUSOLVER_VERSION', '11.4.1.48'), ('HOSTNAME', 'cil-rtx2070'), ('CUTENSOR_VERSION', '1.6.1.5'), ('SHLVL', '2'), ('LD_LIBRARY_PATH', '/workspaces/isaac_ros-dev/install/qcar2_interfaces/lib:/opt/ros/humble/opt/rviz_ogre_vendor/lib:/opt/ros/humble/lib/x86_64-linux-gnu:/opt/ros/humble/lib:/opt/tritonserver/backends/onnxruntime:/usr/local/cuda/compat/lib:/usr/local/nvidia/lib:/usr/local/nvidia/lib64:/opt/tritonserver/lib'), ('HOME', '/home/admin'), ('NVIDIA_TRITON_SERVER_VERSION', '22.09'), ('CUDA_CACHE_DISABLE', '1'), ('ROS_PYTHON_VERSION', '3'), ('USER_UID', '1000'), ('ENV', '/etc/shinit_v2'), ('RDMACORE_VERSION', '36.0'), ('NVJPEG_VERSION', '11.9.0.86'), ('NVIDIA_BUILD_ID', '44909143'), ('CUDA_VERSION', '11.8.0.062'), ('CUBLAS_VERSION', '11.11.3.6'), ('NSIGHT_SYSTEMS_VERSION', '2022.3.1.43'), ('ROS_DISTRO', 'humble'), ('OPAL_PREFIX', '/opt/hpcx/ompi'), ('NVIDIA_REQUIRE_CUDA', 'cuda>=9.0'), ('TRT_VERSION', '8.5.0.12'), ('GDRCOPY_VERSION', '2.3'), ('_', '/usr/bin/colcon'), ('ROS_VERSION', '2'), ('NVIDIA_DRIVER_CAPABILITIES', 'all'), ('POLYGRAPHY_VERSION', '0.38.0'), ('CURAND_VERSION', '10.3.0.86'), ('MOFED_VERSION', '5.4-rdmacore36.0'), ('USERNAME', 'admin'), ('TERM', 'xterm'), ('ROS_LOCALHOST_ONLY', '0'), ('PATH', '/opt/ros/humble/bin:/opt/tritonserver/bin:/usr/local/mpi/bin:/usr/local/nvidia/bin:/usr/local/cuda/bin:/usr/local/sbin:/usr/local/bin:/usr/sbin:/usr/bin:/sbin:/bin:/usr/local/ucx/bin:/opt/nvidia/tao'), ('FASTRTPS_DEFAULT_PROFILES_FILE', '/usr/local/share/middleware_profiles/rtps_udp_profile.xml'), ('CUDA_DRIVER_VERSION', '520.61.03'), ('_CUDA_COMPAT_STATUS', 'System has unsupported display driver / cuda driver combination (CUDA_ERROR_SYSTEM_DRIVER_MISMATCH) cuInit()=803'), ('DISPLAY', ':0'), ('NVIDIA_PRODUCT_NAME', 'Triton Server'), ('LANG', 'en_US.UTF-8'), ('RMW_IMPLEMENTATION', 'rmw_fastrtps_cpp'), ('NPP_VERSION', '11.8.0.86'), ('ROS_ROOT', '/opt/ros/humble'), ('CUFFT_VERSION', '10.9.0.58'), ('TF_ENABLE_WINOGRAD_NONFUSED', '1'), ('AMENT_PREFIX_PATH', '/workspaces/isaac_ros-dev/install/qcar2_interfaces:/opt/ros/humble'), ('CUDNN_VERSION', '8.6.0.163'), ('NSIGHT_COMPUTE_VERSION', '2022.3.0.22'), ('DALI_VERSION', '1.17.0'), ('DEBIAN_FRONTEND', 'noninteractive'), ('SHELL', '/bin/bash'), ('DCGM_VERSION', '2.2.9'), ('OPENMPI_VERSION', '4.1.4'), ('TRTOSS_VERSION', ''), ('OMPI_MCA_coll_hcoll_enable', '0'), ('CUSPARSE_VERSION', '11.7.5.86'), ('TRITON_SERVER_GPU_ENABLED', '1'), ('TRITON_SERVER_VERSION', '2.26.0'), ('BASH_ENV', '/etc/bash.bashrc'), ('PWD', '/workspaces/isaac_ros-dev/build/qcar2_navigation'), ('PYTHONPATH', '/workspaces/isaac_ros-dev/install/qcar2_interfaces/lib/python3.8/site-packages:/opt/ros/humble/lib/python3.8/site-packages:/home/Quanser/libraries/python'), ('_CUDA_COMPAT_PATH', '/usr/local/cuda/compat'), ('TRITON_SERVER_USER', 'triton-server'), ('TF_ADJUST_HUE_FUSED', '1'), ('NVIDIA_VISIBLE_DEVICES', 'all'), ('NCCL_VERSION', '2.15.1'), ('USER_GID', '1000'), ('COLCON', '1'), ('OPENUCX_VERSION', '1.14.0'), ('HPCX_VERSION', '2.12.1a0'), ('SHARP_COLL_ENABLE_CUDA', '0'), ('TF_AUTOTUNE_THRESHOLD', '2'), ('CMAKE_PREFIX_PATH', '/workspaces/isaac_ros-dev/install/qcar2_interfaces:/opt/ros/humble')]), 'shell': False}
[1.975551] (qcar2_controller) StdoutLine: {'line': b"Listing '/workspaces/isaac_ros-dev/install/qcar2_controller/lib/python3.8/site-packages/qcar2_controller'...\n"}
[1.975901] (qcar2_controller) StdoutLine: {'line': b"Compiling '/workspaces/isaac_ros-dev/install/qcar2_controller/lib/python3.8/site-packages/qcar2_controller/stop_sign_handler.py'...\n"}
[1.978024] (qcar2_navigation) StdoutLine: {'line': b'-- Install configuration: ""\n'}
[1.978173] (qcar2_navigation) StdoutLine: {'line': b'-- Up-to-date: /workspaces/isaac_ros-dev/install/qcar2_navigation/share/qcar2_navigation/environment/pythonpath.sh\n'}
[1.978290] (qcar2_navigation) StdoutLine: {'line': b'-- Up-to-date: /workspaces/isaac_ros-dev/install/qcar2_navigation/share/qcar2_navigation/environment/pythonpath.dsv\n'}
[1.978377] (qcar2_navigation) StdoutLine: {'line': b'-- Up-to-date: /workspaces/isaac_ros-dev/install/qcar2_navigation/lib/python3.8/site-packages/qcar2_navigation-0.0.0-py3.8.egg-info\n'}
[1.978444] (qcar2_navigation) StdoutLine: {'line': b'-- Installing: /workspaces/isaac_ros-dev/install/qcar2_navigation/lib/python3.8/site-packages/qcar2_navigation-0.0.0-py3.8.egg-info/PKG-INFO\n'}
[1.978539] (qcar2_navigation) StdoutLine: {'line': b'-- Installing: /workspaces/isaac_ros-dev/install/qcar2_navigation/lib/python3.8/site-packages/qcar2_navigation-0.0.0-py3.8.egg-info/SOURCES.txt\n'}
[1.978767] (qcar2_navigation) StdoutLine: {'line': b'-- Installing: /workspaces/isaac_ros-dev/install/qcar2_navigation/lib/python3.8/site-packages/qcar2_navigation-0.0.0-py3.8.egg-info/dependency_links.txt\n'}
[1.978995] (qcar2_navigation) StdoutLine: {'line': b'-- Installing: /workspaces/isaac_ros-dev/install/qcar2_navigation/lib/python3.8/site-packages/qcar2_navigation-0.0.0-py3.8.egg-info/top_level.txt\n'}
[1.979261] (qcar2_navigation) StdoutLine: {'line': b'-- Up-to-date: /workspaces/isaac_ros-dev/install/qcar2_navigation/lib/python3.8/site-packages/qcar2_navigation\n'}
[1.979359] (qcar2_navigation) StdoutLine: {'line': b'-- Up-to-date: /workspaces/isaac_ros-dev/install/qcar2_navigation/lib/python3.8/site-packages/qcar2_navigation/waypoint_follower.py\n'}
[1.979452] (qcar2_navigation) StdoutLine: {'line': b'-- Up-to-date: /workspaces/isaac_ros-dev/install/qcar2_navigation/lib/python3.8/site-packages/qcar2_navigation/qlabs_world_nav.py\n'}
[1.979518] (qcar2_navigation) StdoutLine: {'line': b'-- Installing: /workspaces/isaac_ros-dev/install/qcar2_navigation/lib/python3.8/site-packages/qcar2_navigation/lane_follower_pid.py\n'}
[1.979639] (qcar2_navigation) StdoutLine: {'line': b'-- Up-to-date: /workspaces/isaac_ros-dev/install/qcar2_navigation/lib/python3.8/site-packages/qcar2_navigation/lane_follower_filter.py\n'}
[1.979875] (qcar2_navigation) StdoutLine: {'line': b'-- Up-to-date: /workspaces/isaac_ros-dev/install/qcar2_navigation/lib/python3.8/site-packages/qcar2_navigation/__init__.py\n'}
[1.979986] (qcar2_navigation) StdoutLine: {'line': b'-- Installing: /workspaces/isaac_ros-dev/install/qcar2_navigation/lib/python3.8/site-packages/qcar2_navigation/pick_drop_reset.py\n'}
[1.980095] (qcar2_controller) StdoutLine: {'line': b'-- Up-to-date: /workspaces/isaac_ros-dev/install/qcar2_controller/include/include\n'}
[1.980269] (qcar2_controller) StdoutLine: {'line': b'-- Up-to-date: /workspaces/isaac_ros-dev/install/qcar2_controller/include/include/qcar2_controller\n'}
[1.980413] (qcar2_navigation) StdoutLine: {'line': b'-- Up-to-date: /workspaces/isaac_ros-dev/install/qcar2_navigation/lib/python3.8/site-packages/qcar2_navigation/spline_path.py\n'}
[1.980534] (qcar2_navigation) StdoutLine: {'line': b'-- Up-to-date: /workspaces/isaac_ros-dev/install/qcar2_navigation/lib/python3.8/site-packages/qcar2_navigation/simple_goal_sender_node.py\n'}
[1.980625] (qcar2_navigation) StdoutLine: {'line': b'-- Up-to-date: /workspaces/isaac_ros-dev/install/qcar2_navigation/lib/python3.8/site-packages/qcar2_navigation/line_detection.py\n'}
[1.980751] (qcar2_controller) StdoutLine: {'line': b'-- Up-to-date: /workspaces/isaac_ros-dev/install/qcar2_controller/share/qcar2_controller/launch\n'}
[1.980843] (qcar2_controller) StdoutLine: {'line': b'-- Up-to-date: /workspaces/isaac_ros-dev/install/qcar2_controller/share/qcar2_controller/config\n'}
[1.980909] (qcar2_controller) StdoutLine: {'line': b'-- Up-to-date: /workspaces/isaac_ros-dev/install/qcar2_controller/lib/qcar2_controller/xbox_command.py\n'}
[1.980974] (qcar2_controller) StdoutLine: {'line': b'-- Up-to-date: /workspaces/isaac_ros-dev/install/qcar2_controller/lib/qcar2_controller/motor_mux.py\n'}
[1.981037] (qcar2_controller) StdoutLine: {'line': b'-- Installing: /workspaces/isaac_ros-dev/install/qcar2_controller/lib/qcar2_controller/stop_sign_handler.py\n'}
[1.981100] (qcar2_controller) StdoutLine: {'line': b'-- Up-to-date: /workspaces/isaac_ros-dev/install/qcar2_controller/lib/qcar2_controller/redlight_detection.py\n'}
[1.981164] (qcar2_controller) StdoutLine: {'line': b'-- Up-to-date: /workspaces/isaac_ros-dev/install/qcar2_controller/share/ament_index/resource_index/package_run_dependencies/qcar2_controller\n'}
[1.981229] (qcar2_controller) StdoutLine: {'line': b'-- Up-to-date: /workspaces/isaac_ros-dev/install/qcar2_controller/share/ament_index/resource_index/parent_prefix_path/qcar2_controller\n'}
[1.981293] (qcar2_controller) StdoutLine: {'line': b'-- Up-to-date: /workspaces/isaac_ros-dev/install/qcar2_controller/share/qcar2_controller/environment/ament_prefix_path.sh\n'}
[1.981358] (qcar2_controller) StdoutLine: {'line': b'-- Up-to-date: /workspaces/isaac_ros-dev/install/qcar2_controller/share/qcar2_controller/environment/ament_prefix_path.dsv\n'}
[1.981425] (qcar2_controller) StdoutLine: {'line': b'-- Up-to-date: /workspaces/isaac_ros-dev/install/qcar2_controller/share/qcar2_controller/environment/path.sh\n'}
[1.981754] (qcar2_controller) StdoutLine: {'line': b'-- Up-to-date: /workspaces/isaac_ros-dev/install/qcar2_controller/share/qcar2_controller/environment/path.dsv\n'}
[1.982017] (qcar2_controller) StdoutLine: {'line': b'-- Up-to-date: /workspaces/isaac_ros-dev/install/qcar2_controller/share/qcar2_controller/local_setup.bash\n'}
[1.982516] (qcar2_controller) StdoutLine: {'line': b'-- Up-to-date: /workspaces/isaac_ros-dev/install/qcar2_controller/share/qcar2_controller/local_setup.sh\n'}
[1.982970] (qcar2_controller) StdoutLine: {'line': b'-- Up-to-date: /workspaces/isaac_ros-dev/install/qcar2_controller/share/qcar2_controller/local_setup.zsh\n'}
[1.983228] (qcar2_controller) StdoutLine: {'line': b'-- Up-to-date: /workspaces/isaac_ros-dev/install/qcar2_controller/share/qcar2_controller/local_setup.dsv\n'}
[1.983432] (qcar2_controller) StdoutLine: {'line': b'-- Installing: /workspaces/isaac_ros-dev/install/qcar2_controller/share/qcar2_controller/package.dsv\n'}
[1.983609] (qcar2_controller) StdoutLine: {'line': b'-- Up-to-date: /workspaces/isaac_ros-dev/install/qcar2_controller/share/ament_index/resource_index/packages/qcar2_controller\n'}
[1.983849] (qcar2_controller) StdoutLine: {'line': b'-- Up-to-date: /workspaces/isaac_ros-dev/install/qcar2_controller/share/qcar2_controller/cmake/qcar2_controllerConfig.cmake\n'}
[1.983992] (qcar2_controller) StdoutLine: {'line': b'-- Up-to-date: /workspaces/isaac_ros-dev/install/qcar2_controller/share/qcar2_controller/cmake/qcar2_controllerConfig-version.cmake\n'}
[1.984155] (qcar2_controller) StdoutLine: {'line': b'-- Up-to-date: /workspaces/isaac_ros-dev/install/qcar2_controller/share/qcar2_controller/package.xml\n'}
[1.984263] (qcar2_controller) CommandEnded: {'returncode': 0}
[2.004168] (-) TimerEvent: {}
[2.019493] (qcar2_navigation) StdoutLine: {'line': b"Listing '/workspaces/isaac_ros-dev/install/qcar2_navigation/lib/python3.8/site-packages/qcar2_navigation'...\n"}
[2.019907] (qcar2_navigation) StdoutLine: {'line': b"Compiling '/workspaces/isaac_ros-dev/install/qcar2_navigation/lib/python3.8/site-packages/qcar2_navigation/lane_follower_pid.py'...\n"}
[2.020078] (qcar2_navigation) StdoutLine: {'line': b"Compiling '/workspaces/isaac_ros-dev/install/qcar2_navigation/lib/python3.8/site-packages/qcar2_navigation/pick_drop_reset.py'...\n"}
[2.023796] (qcar2_navigation) StdoutLine: {'line': b'-- Up-to-date: /workspaces/isaac_ros-dev/install/qcar2_navigation/include/include\n'}
[2.024177] (qcar2_navigation) StdoutLine: {'line': b'-- Up-to-date: /workspaces/isaac_ros-dev/install/qcar2_navigation/include/include/qcar2_navigation\n'}
[2.024460] (qcar2_navigation) StdoutLine: {'line': b'-- Up-to-date: /workspaces/isaac_ros-dev/install/qcar2_navigation/share/qcar2_navigation/launch\n'}
[2.024678] (qcar2_navigation) StdoutLine: {'line': b'-- Up-to-date: /workspaces/isaac_ros-dev/install/qcar2_navigation/share/qcar2_navigation/launch/qcar2_carto_nav_setup.launch.py\n'}
[2.024881] (qcar2_navigation) StdoutLine: {'line': b'-- Up-to-date: /workspaces/isaac_ros-dev/install/qcar2_navigation/share/qcar2_navigation/launch/qcar2_navigation_virtual.launch.py\n'}
[2.025083] (qcar2_navigation) StdoutLine: {'line': b'-- Up-to-date: /workspaces/isaac_ros-dev/install/qcar2_navigation/share/qcar2_navigation/config\n'}
[2.025255] (qcar2_navigation) StdoutLine: {'line': b'-- Up-to-date: /workspaces/isaac_ros-dev/install/qcar2_navigation/share/qcar2_navigation/config/qcar2_navigation_virtual.yaml\n'}
[2.025554] (qcar2_navigation) StdoutLine: {'line': b'-- Up-to-date: /workspaces/isaac_ros-dev/install/qcar2_navigation/lib/qcar2_navigation/line_detection.py\n'}
[2.025783] (qcar2_navigation) StdoutLine: {'line': b'-- Up-to-date: /workspaces/isaac_ros-dev/install/qcar2_navigation/lib/qcar2_navigation/waypoint_follower.py\n'}
[2.025961] (qcar2_navigation) StdoutLine: {'line': b'-- Up-to-date: /workspaces/isaac_ros-dev/install/qcar2_navigation/lib/qcar2_navigation/simple_goal_sender_node.py\n'}
[2.026162] (qcar2_navigation) StdoutLine: {'line': b'-- Installing: /workspaces/isaac_ros-dev/install/qcar2_navigation/lib/qcar2_navigation/pick_drop_reset.py\n'}
[2.026309] (qcar2_navigation) StdoutLine: {'line': b'-- Up-to-date: /workspaces/isaac_ros-dev/install/qcar2_navigation/lib/qcar2_navigation/qlabs_world_nav.py\n'}
[2.026500] (qcar2_navigation) StdoutLine: {'line': b'-- Up-to-date: /workspaces/isaac_ros-dev/install/qcar2_navigation/lib/qcar2_navigation/spline_path.py\n'}
[2.026666] (qcar2_navigation) StdoutLine: {'line': b'-- Installing: /workspaces/isaac_ros-dev/install/qcar2_navigation/lib/qcar2_navigation/lane_follower_pid.py\n'}
[2.026779] (qcar2_navigation) StdoutLine: {'line': b'-- Up-to-date: /workspaces/isaac_ros-dev/install/qcar2_navigation/lib/qcar2_navigation/lane_follower_filter.py\n'}
[2.026962] (qcar2_navigation) StdoutLine: {'line': b'-- Up-to-date: /workspaces/isaac_ros-dev/install/qcar2_navigation/share/ament_index/resource_index/package_run_dependencies/qcar2_navigation\n'}
[2.027252] (qcar2_navigation) StdoutLine: {'line': b'-- Up-to-date: /workspaces/isaac_ros-dev/install/qcar2_navigation/share/ament_index/resource_index/parent_prefix_path/qcar2_navigation\n'}
[2.027439] (qcar2_navigation) StdoutLine: {'line': b'-- Up-to-date: /workspaces/isaac_ros-dev/install/qcar2_navigation/share/qcar2_navigation/environment/ament_prefix_path.sh\n'}
[2.027612] (qcar2_navigation) StdoutLine: {'line': b'-- Up-to-date: /workspaces/isaac_ros-dev/install/qcar2_navigation/share/qcar2_navigation/environment/ament_prefix_path.dsv\n'}
[2.027821] (qcar2_navigation) StdoutLine: {'line': b'-- Up-to-date: /workspaces/isaac_ros-dev/install/qcar2_navigation/share/qcar2_navigation/environment/path.sh\n'}
[2.027930] (qcar2_navigation) StdoutLine: {'line': b'-- Up-to-date: /workspaces/isaac_ros-dev/install/qcar2_navigation/share/qcar2_navigation/environment/path.dsv\n'}
[2.028039] (qcar2_navigation) StdoutLine: {'line': b'-- Up-to-date: /workspaces/isaac_ros-dev/install/qcar2_navigation/share/qcar2_navigation/local_setup.bash\n'}
[2.028176] (qcar2_navigation) StdoutLine: {'line': b'-- Up-to-date: /workspaces/isaac_ros-dev/install/qcar2_navigation/share/qcar2_navigation/local_setup.sh\n'}
[2.028309] (qcar2_navigation) StdoutLine: {'line': b'-- Up-to-date: /workspaces/isaac_ros-dev/install/qcar2_navigation/share/qcar2_navigation/local_setup.zsh\n'}
[2.028420] (qcar2_navigation) StdoutLine: {'line': b'-- Up-to-date: /workspaces/isaac_ros-dev/install/qcar2_navigation/share/qcar2_navigation/local_setup.dsv\n'}
[2.028528] (qcar2_navigation) StdoutLine: {'line': b'-- Installing: /workspaces/isaac_ros-dev/install/qcar2_navigation/share/qcar2_navigation/package.dsv\n'}
[2.028684] (qcar2_navigation) StdoutLine: {'line': b'-- Up-to-date: /workspaces/isaac_ros-dev/install/qcar2_navigation/share/ament_index/resource_index/packages/qcar2_navigation\n'}
[2.028835] (qcar2_navigation) StdoutLine: {'line': b'-- Up-to-date: /workspaces/isaac_ros-dev/install/qcar2_navigation/share/qcar2_navigation/cmake/qcar2_navigationConfig.cmake\n'}
[2.029040] (qcar2_navigation) StdoutLine: {'line': b'-- Up-to-date: /workspaces/isaac_ros-dev/install/qcar2_navigation/share/qcar2_navigation/cmake/qcar2_navigationConfig-version.cmake\n'}
[2.029275] (qcar2_navigation) StdoutLine: {'line': b'-- Up-to-date: /workspaces/isaac_ros-dev/install/qcar2_navigation/share/qcar2_navigation/package.xml\n'}
[2.063468] (qcar2_navigation) CommandEnded: {'returncode': 0}
[2.104267] (-) TimerEvent: {}
[2.204698] (-) TimerEvent: {}
[2.212218] (qcar2_controller) JobEnded: {'identifier': 'qcar2_controller', 'rc': 0}
[2.290097] (qcar2_navigation) JobEnded: {'identifier': 'qcar2_navigation', 'rc': 0}
[2.291645] (-) EventReactorShutdown: {}
