[0.110s] Invoking command in '/workspaces/isaac_ros-dev/build/qcar2_navigation': AMENT_PREFIX_PATH=/workspaces/isaac_ros-dev/install/qcar2_interfaces:${AMENT_PREFIX_PATH} CMAKE_PREFIX_PATH=/workspaces/isaac_ros-dev/install/qcar2_interfaces:/opt/ros/humble LD_LIBRARY_PATH=/workspaces/isaac_ros-dev/install/qcar2_interfaces/lib:${LD_LIBRARY_PATH} PYTHONPATH=/workspaces/isaac_ros-dev/install/qcar2_interfaces/lib/python3.8/site-packages:${PYTHONPATH} /usr/bin/cmake --build /workspaces/isaac_ros-dev/build/qcar2_navigation -- -j16 -l16
[0.127s] -- Found ament_cmake: 1.3.5 (/opt/ros/humble/share/ament_cmake/cmake)
[0.266s] -- Found rclcpp: 16.0.6 (/opt/ros/humble/share/rclcpp/cmake)
[0.307s] -- Found rosidl_generator_c: 3.1.5 (/opt/ros/humble/share/rosidl_generator_c/cmake)
[0.310s] -- Found rosidl_adapter: 3.1.5 (/opt/ros/humble/share/rosidl_adapter/cmake)
[0.318s] -- Found rosidl_generator_cpp: 3.1.5 (/opt/ros/humble/share/rosidl_generator_cpp/cmake)
[0.332s] -- Using all available rosidl_typesupport_c: rosidl_typesupport_fastrtps_c;rosidl_typesupport_introspection_c
[0.353s] -- Using all available rosidl_typesupport_cpp: rosidl_typesupport_fastrtps_cpp;rosidl_typesupport_introspection_cpp
[0.426s] -- Found rmw_implementation_cmake: 6.1.1 (/opt/ros/humble/share/rmw_implementation_cmake/cmake)
[0.427s] -- Found rmw_fastrtps_cpp: 6.2.4 (/opt/ros/humble/share/rmw_fastrtps_cpp/cmake)
[0.629s] -- Using RMW implementation 'rmw_fastrtps_cpp' as default
[0.796s] -- Found rclpy: 3.3.10 (/opt/ros/humble/share/rclpy/cmake)
[0.796s] -- Found cv_bridge: 3.2.1 (/opt/ros/humble/share/cv_bridge/cmake)
[0.933s] -- Found qcar2_interfaces: 0.0.0 (/workspaces/isaac_ros-dev/install/qcar2_interfaces/share/qcar2_interfaces/cmake)
[1.078s] -- Configuring done
[1.086s] -- Generating done
[1.088s] -- Build files have been written to: /workspaces/isaac_ros-dev/build/qcar2_navigation
[1.120s] Built target ament_cmake_python_copy_qcar2_navigation
[1.511s] running egg_info
[1.526s] writing qcar2_navigation.egg-info/PKG-INFO
[1.526s] writing dependency_links to qcar2_navigation.egg-info/dependency_links.txt
[1.527s] writing top-level names to qcar2_navigation.egg-info/top_level.txt
[1.574s] reading manifest file 'qcar2_navigation.egg-info/SOURCES.txt'
[1.575s] writing manifest file 'qcar2_navigation.egg-info/SOURCES.txt'
[1.618s] Built target ament_cmake_python_build_qcar2_navigation_egg
[1.623s] Invoked command in '/workspaces/isaac_ros-dev/build/qcar2_navigation' returned '0': AMENT_PREFIX_PATH=/workspaces/isaac_ros-dev/install/qcar2_interfaces:${AMENT_PREFIX_PATH} CMAKE_PREFIX_PATH=/workspaces/isaac_ros-dev/install/qcar2_interfaces:/opt/ros/humble LD_LIBRARY_PATH=/workspaces/isaac_ros-dev/install/qcar2_interfaces/lib:${LD_LIBRARY_PATH} PYTHONPATH=/workspaces/isaac_ros-dev/install/qcar2_interfaces/lib/python3.8/site-packages:${PYTHONPATH} /usr/bin/cmake --build /workspaces/isaac_ros-dev/build/qcar2_navigation -- -j16 -l16
[1.659s] Invoking command in '/workspaces/isaac_ros-dev/build/qcar2_navigation': AMENT_PREFIX_PATH=/workspaces/isaac_ros-dev/install/qcar2_interfaces:${AMENT_PREFIX_PATH} CMAKE_PREFIX_PATH=/workspaces/isaac_ros-dev/install/qcar2_interfaces:/opt/ros/humble LD_LIBRARY_PATH=/workspaces/isaac_ros-dev/install/qcar2_interfaces/lib:${LD_LIBRARY_PATH} PYTHONPATH=/workspaces/isaac_ros-dev/install/qcar2_interfaces/lib/python3.8/site-packages:${PYTHONPATH} /usr/bin/cmake --install /workspaces/isaac_ros-dev/build/qcar2_navigation
[1.663s] -- Install configuration: ""
[1.663s] -- Up-to-date: /workspaces/isaac_ros-dev/install/qcar2_navigation/share/qcar2_navigation/environment/pythonpath.sh
[1.663s] -- Installing: /workspaces/isaac_ros-dev/install/qcar2_navigation/share/qcar2_navigation/environment/pythonpath.dsv
[1.663s] -- Up-to-date: /workspaces/isaac_ros-dev/install/qcar2_navigation/lib/python3.8/site-packages/qcar2_navigation-0.0.0-py3.8.egg-info
[1.663s] -- Installing: /workspaces/isaac_ros-dev/install/qcar2_navigation/lib/python3.8/site-packages/qcar2_navigation-0.0.0-py3.8.egg-info/PKG-INFO
[1.663s] -- Installing: /workspaces/isaac_ros-dev/install/qcar2_navigation/lib/python3.8/site-packages/qcar2_navigation-0.0.0-py3.8.egg-info/SOURCES.txt
[1.664s] -- Installing: /workspaces/isaac_ros-dev/install/qcar2_navigation/lib/python3.8/site-packages/qcar2_navigation-0.0.0-py3.8.egg-info/dependency_links.txt
[1.664s] -- Installing: /workspaces/isaac_ros-dev/install/qcar2_navigation/lib/python3.8/site-packages/qcar2_navigation-0.0.0-py3.8.egg-info/top_level.txt
[1.664s] -- Up-to-date: /workspaces/isaac_ros-dev/install/qcar2_navigation/lib/python3.8/site-packages/qcar2_navigation
[1.664s] -- Up-to-date: /workspaces/isaac_ros-dev/install/qcar2_navigation/lib/python3.8/site-packages/qcar2_navigation/waypoint_follower.py
[1.664s] -- Up-to-date: /workspaces/isaac_ros-dev/install/qcar2_navigation/lib/python3.8/site-packages/qcar2_navigation/__init__.py
[1.664s] -- Up-to-date: /workspaces/isaac_ros-dev/install/qcar2_navigation/lib/python3.8/site-packages/qcar2_navigation/line_detection.py
[1.696s] Listing '/workspaces/isaac_ros-dev/install/qcar2_navigation/lib/python3.8/site-packages/qcar2_navigation'...
[1.700s] -- Up-to-date: /workspaces/isaac_ros-dev/install/qcar2_navigation/include/include
[1.701s] -- Up-to-date: /workspaces/isaac_ros-dev/install/qcar2_navigation/include/include/qcar2_navigation
[1.701s] -- Up-to-date: /workspaces/isaac_ros-dev/install/qcar2_navigation/share/qcar2_navigation/launch
[1.701s] -- Up-to-date: /workspaces/isaac_ros-dev/install/qcar2_navigation/share/qcar2_navigation/launch/qcar2_carto_nav_setup.launch.py
[1.701s] -- Up-to-date: /workspaces/isaac_ros-dev/install/qcar2_navigation/share/qcar2_navigation/launch/qcar2_navigation_virtual.launch.py
[1.701s] -- Up-to-date: /workspaces/isaac_ros-dev/install/qcar2_navigation/share/qcar2_navigation/config
[1.701s] -- Up-to-date: /workspaces/isaac_ros-dev/install/qcar2_navigation/share/qcar2_navigation/config/qcar2_navigation_virtual.yaml
[1.701s] -- Up-to-date: /workspaces/isaac_ros-dev/install/qcar2_navigation/lib/qcar2_navigation/line_detection.py
[1.701s] -- Installing: /workspaces/isaac_ros-dev/install/qcar2_navigation/lib/qcar2_navigation/waypoint_follower.py
[1.701s] -- Up-to-date: /workspaces/isaac_ros-dev/install/qcar2_navigation/share/ament_index/resource_index/package_run_dependencies/qcar2_navigation
[1.701s] -- Up-to-date: /workspaces/isaac_ros-dev/install/qcar2_navigation/share/ament_index/resource_index/parent_prefix_path/qcar2_navigation
[1.702s] -- Up-to-date: /workspaces/isaac_ros-dev/install/qcar2_navigation/share/qcar2_navigation/environment/ament_prefix_path.sh
[1.702s] -- Installing: /workspaces/isaac_ros-dev/install/qcar2_navigation/share/qcar2_navigation/environment/ament_prefix_path.dsv
[1.702s] -- Up-to-date: /workspaces/isaac_ros-dev/install/qcar2_navigation/share/qcar2_navigation/environment/path.sh
[1.702s] -- Installing: /workspaces/isaac_ros-dev/install/qcar2_navigation/share/qcar2_navigation/environment/path.dsv
[1.702s] -- Up-to-date: /workspaces/isaac_ros-dev/install/qcar2_navigation/share/qcar2_navigation/local_setup.bash
[1.702s] -- Up-to-date: /workspaces/isaac_ros-dev/install/qcar2_navigation/share/qcar2_navigation/local_setup.sh
[1.702s] -- Up-to-date: /workspaces/isaac_ros-dev/install/qcar2_navigation/share/qcar2_navigation/local_setup.zsh
[1.702s] -- Installing: /workspaces/isaac_ros-dev/install/qcar2_navigation/share/qcar2_navigation/local_setup.dsv
[1.702s] -- Installing: /workspaces/isaac_ros-dev/install/qcar2_navigation/share/qcar2_navigation/package.dsv
[1.703s] -- Up-to-date: /workspaces/isaac_ros-dev/install/qcar2_navigation/share/ament_index/resource_index/packages/qcar2_navigation
[1.703s] -- Up-to-date: /workspaces/isaac_ros-dev/install/qcar2_navigation/share/qcar2_navigation/cmake/qcar2_navigationConfig.cmake
[1.703s] -- Up-to-date: /workspaces/isaac_ros-dev/install/qcar2_navigation/share/qcar2_navigation/cmake/qcar2_navigationConfig-version.cmake
[1.703s] -- Up-to-date: /workspaces/isaac_ros-dev/install/qcar2_navigation/share/qcar2_navigation/package.xml
[1.705s] Invoked command in '/workspaces/isaac_ros-dev/build/qcar2_navigation' returned '0': AMENT_PREFIX_PATH=/workspaces/isaac_ros-dev/install/qcar2_interfaces:${AMENT_PREFIX_PATH} CMAKE_PREFIX_PATH=/workspaces/isaac_ros-dev/install/qcar2_interfaces:/opt/ros/humble LD_LIBRARY_PATH=/workspaces/isaac_ros-dev/install/qcar2_interfaces/lib:${LD_LIBRARY_PATH} PYTHONPATH=/workspaces/isaac_ros-dev/install/qcar2_interfaces/lib/python3.8/site-packages:${PYTHONPATH} /usr/bin/cmake --install /workspaces/isaac_ros-dev/build/qcar2_navigation
