[3.582s] DEBUG:colcon:Command line arguments: ['/usr/bin/colcon', 'build']
[3.583s] DEBUG:colcon:Parsed command line arguments: Namespace(allow_overriding=[], ament_cmake_args=None, base_paths=['.'], build_base='build', catkin_cmake_args=None, catkin_skip_building_tests=False, cmake_args=None, cmake_clean_cache=False, cmake_clean_first=False, cmake_force_configure=False, cmake_target=None, cmake_target_skip_unavailable=False, continue_on_error=False, event_handlers=None, executor='parallel', ignore_user_meta=False, install_base='install', log_base=None, log_level=None, main=<bound method BuildVerb.main of <colcon_core.verb.build.BuildVerb object at 0x7195140b39a0>>, merge_install=False, metas=['./colcon.meta'], packages_above=None, packages_above_and_dependencies=None, packages_above_depth=None, packages_end=None, packages_ignore=None, packages_ignore_regex=None, packages_select=None, packages_select_build_failed=False, packages_select_by_dep=None, packages_select_regex=None, packages_select_test_failures=False, packages_skip=None, packages_skip_build_finished=False, packages_skip_by_dep=None, packages_skip_regex=None, packages_skip_test_passed=False, packages_skip_up_to=None, packages_start=None, packages_up_to=None, packages_up_to_regex=None, parallel_workers=16, paths=None, symlink_install=False, test_result_base=None, verb_extension=<colcon_core.verb.build.BuildVerb object at 0x7195140b39a0>, verb_name='build', verb_parser=<colcon_defaults.argument_parser.defaults.DefaultArgumentsDecorator object at 0x719513b09f40>)
[3.742s] Level 1:colcon.colcon_core.package_discovery:discover_packages(colcon_meta) check parameters
[3.742s] Level 1:colcon.colcon_core.package_discovery:discover_packages(recursive) check parameters
[3.742s] Level 1:colcon.colcon_core.package_discovery:discover_packages(ignore) check parameters
[3.742s] Level 1:colcon.colcon_core.package_discovery:discover_packages(path) check parameters
[3.742s] Level 1:colcon.colcon_core.package_discovery:discover_packages(colcon_meta) discover
[3.742s] Level 1:colcon.colcon_core.package_discovery:discover_packages(recursive) discover
[3.742s] INFO:colcon.colcon_core.package_discovery:Crawling recursively for packages in '/workspaces/isaac_ros-dev'
[3.742s] Level 1:colcon.colcon_core.package_identification:_identify(.) by extensions ['ignore', 'ignore_ament_install']
[3.742s] Level 1:colcon.colcon_core.package_identification:_identify(.) by extension 'ignore'
[3.742s] Level 1:colcon.colcon_core.package_identification:_identify(.) by extension 'ignore_ament_install'
[3.742s] Level 1:colcon.colcon_core.package_identification:_identify(.) by extensions ['colcon_pkg']
[3.742s] Level 1:colcon.colcon_core.package_identification:_identify(.) by extension 'colcon_pkg'
[3.743s] Level 1:colcon.colcon_core.package_identification:_identify(.) by extensions ['colcon_meta']
[3.743s] Level 1:colcon.colcon_core.package_identification:_identify(.) by extension 'colcon_meta'
[3.743s] Level 1:colcon.colcon_core.package_identification:_identify(.) by extensions ['ros']
[3.743s] Level 1:colcon.colcon_core.package_identification:_identify(.) by extension 'ros'
[3.759s] Level 1:colcon.colcon_core.package_identification:_identify(.) by extensions ['cmake', 'python']
[3.759s] Level 1:colcon.colcon_core.package_identification:_identify(.) by extension 'cmake'
[3.759s] Level 1:colcon.colcon_core.package_identification:_identify(.) by extension 'python'
[3.759s] Level 1:colcon.colcon_core.package_identification:_identify(.) by extensions ['python_setup_py']
[3.759s] Level 1:colcon.colcon_core.package_identification:_identify(.) by extension 'python_setup_py'
[3.759s] Level 1:colcon.colcon_core.package_identification:_identify(build) by extensions ['ignore', 'ignore_ament_install']
[3.759s] Level 1:colcon.colcon_core.package_identification:_identify(build) by extension 'ignore'
[3.759s] Level 1:colcon.colcon_core.package_identification:_identify(build) ignored
[3.759s] Level 1:colcon.colcon_core.package_identification:_identify(install) by extensions ['ignore', 'ignore_ament_install']
[3.760s] Level 1:colcon.colcon_core.package_identification:_identify(install) by extension 'ignore'
[3.760s] Level 1:colcon.colcon_core.package_identification:_identify(install) ignored
[3.760s] Level 1:colcon.colcon_core.package_identification:_identify(log) by extensions ['ignore', 'ignore_ament_install']
[3.760s] Level 1:colcon.colcon_core.package_identification:_identify(log) by extension 'ignore'
[3.760s] Level 1:colcon.colcon_core.package_identification:_identify(log) ignored
[3.760s] Level 1:colcon.colcon_core.package_identification:_identify(ros2) by extensions ['ignore', 'ignore_ament_install']
[3.760s] Level 1:colcon.colcon_core.package_identification:_identify(ros2) by extension 'ignore'
[3.760s] Level 1:colcon.colcon_core.package_identification:_identify(ros2) by extension 'ignore_ament_install'
[3.760s] Level 1:colcon.colcon_core.package_identification:_identify(ros2) by extensions ['colcon_pkg']
[3.760s] Level 1:colcon.colcon_core.package_identification:_identify(ros2) by extension 'colcon_pkg'
[3.761s] Level 1:colcon.colcon_core.package_identification:_identify(ros2) by extensions ['colcon_meta']
[3.761s] Level 1:colcon.colcon_core.package_identification:_identify(ros2) by extension 'colcon_meta'
[3.761s] Level 1:colcon.colcon_core.package_identification:_identify(ros2) by extensions ['ros']
[3.761s] Level 1:colcon.colcon_core.package_identification:_identify(ros2) by extension 'ros'
[3.761s] Level 1:colcon.colcon_core.package_identification:_identify(ros2) by extensions ['cmake', 'python']
[3.761s] Level 1:colcon.colcon_core.package_identification:_identify(ros2) by extension 'cmake'
[3.761s] Level 1:colcon.colcon_core.package_identification:_identify(ros2) by extension 'python'
[3.761s] Level 1:colcon.colcon_core.package_identification:_identify(ros2) by extensions ['python_setup_py']
[3.761s] Level 1:colcon.colcon_core.package_identification:_identify(ros2) by extension 'python_setup_py'
[3.761s] Level 1:colcon.colcon_core.package_identification:_identify(ros2/log) by extensions ['ignore', 'ignore_ament_install']
[3.761s] Level 1:colcon.colcon_core.package_identification:_identify(ros2/log) by extension 'ignore'
[3.761s] Level 1:colcon.colcon_core.package_identification:_identify(ros2/log) ignored
[3.761s] Level 1:colcon.colcon_core.package_identification:_identify(ros2/src) by extensions ['ignore', 'ignore_ament_install']
[3.761s] Level 1:colcon.colcon_core.package_identification:_identify(ros2/src) by extension 'ignore'
[3.761s] Level 1:colcon.colcon_core.package_identification:_identify(ros2/src) by extension 'ignore_ament_install'
[3.761s] Level 1:colcon.colcon_core.package_identification:_identify(ros2/src) by extensions ['colcon_pkg']
[3.761s] Level 1:colcon.colcon_core.package_identification:_identify(ros2/src) by extension 'colcon_pkg'
[3.761s] Level 1:colcon.colcon_core.package_identification:_identify(ros2/src) by extensions ['colcon_meta']
[3.762s] Level 1:colcon.colcon_core.package_identification:_identify(ros2/src) by extension 'colcon_meta'
[3.762s] Level 1:colcon.colcon_core.package_identification:_identify(ros2/src) by extensions ['ros']
[3.762s] Level 1:colcon.colcon_core.package_identification:_identify(ros2/src) by extension 'ros'
[3.762s] Level 1:colcon.colcon_core.package_identification:_identify(ros2/src) by extensions ['cmake', 'python']
[3.762s] Level 1:colcon.colcon_core.package_identification:_identify(ros2/src) by extension 'cmake'
[3.762s] Level 1:colcon.colcon_core.package_identification:_identify(ros2/src) by extension 'python'
[3.762s] Level 1:colcon.colcon_core.package_identification:_identify(ros2/src) by extensions ['python_setup_py']
[3.762s] Level 1:colcon.colcon_core.package_identification:_identify(ros2/src) by extension 'python_setup_py'
[3.762s] Level 1:colcon.colcon_core.package_identification:_identify(ros2/src/qcar2_controller) by extensions ['ignore', 'ignore_ament_install']
[3.762s] Level 1:colcon.colcon_core.package_identification:_identify(ros2/src/qcar2_controller) by extension 'ignore'
[3.762s] Level 1:colcon.colcon_core.package_identification:_identify(ros2/src/qcar2_controller) by extension 'ignore_ament_install'
[3.762s] Level 1:colcon.colcon_core.package_identification:_identify(ros2/src/qcar2_controller) by extensions ['colcon_pkg']
[3.762s] Level 1:colcon.colcon_core.package_identification:_identify(ros2/src/qcar2_controller) by extension 'colcon_pkg'
[3.762s] Level 1:colcon.colcon_core.package_identification:_identify(ros2/src/qcar2_controller) by extensions ['colcon_meta']
[3.762s] Level 1:colcon.colcon_core.package_identification:_identify(ros2/src/qcar2_controller) by extension 'colcon_meta'
[3.763s] Level 1:colcon.colcon_core.package_identification:_identify(ros2/src/qcar2_controller) by extensions ['ros']
[3.763s] Level 1:colcon.colcon_core.package_identification:_identify(ros2/src/qcar2_controller) by extension 'ros'
[3.766s] DEBUG:colcon.colcon_core.package_identification:Package 'ros2/src/qcar2_controller' with type 'ros.ament_cmake' and name 'qcar2_controller'
[3.766s] Level 1:colcon.colcon_core.package_identification:_identify(ros2/src/qcar2_interfaces) by extensions ['ignore', 'ignore_ament_install']
[3.766s] Level 1:colcon.colcon_core.package_identification:_identify(ros2/src/qcar2_interfaces) by extension 'ignore'
[3.766s] Level 1:colcon.colcon_core.package_identification:_identify(ros2/src/qcar2_interfaces) by extension 'ignore_ament_install'
[3.766s] Level 1:colcon.colcon_core.package_identification:_identify(ros2/src/qcar2_interfaces) by extensions ['colcon_pkg']
[3.766s] Level 1:colcon.colcon_core.package_identification:_identify(ros2/src/qcar2_interfaces) by extension 'colcon_pkg'
[3.766s] Level 1:colcon.colcon_core.package_identification:_identify(ros2/src/qcar2_interfaces) by extensions ['colcon_meta']
[3.766s] Level 1:colcon.colcon_core.package_identification:_identify(ros2/src/qcar2_interfaces) by extension 'colcon_meta'
[3.767s] Level 1:colcon.colcon_core.package_identification:_identify(ros2/src/qcar2_interfaces) by extensions ['ros']
[3.767s] Level 1:colcon.colcon_core.package_identification:_identify(ros2/src/qcar2_interfaces) by extension 'ros'
[3.767s] DEBUG:colcon.colcon_core.package_identification:Package 'ros2/src/qcar2_interfaces' with type 'ros.ament_cmake' and name 'qcar2_interfaces'
[3.767s] Level 1:colcon.colcon_core.package_identification:_identify(ros2/src/qcar2_navigation) by extensions ['ignore', 'ignore_ament_install']
[3.767s] Level 1:colcon.colcon_core.package_identification:_identify(ros2/src/qcar2_navigation) by extension 'ignore'
[3.768s] Level 1:colcon.colcon_core.package_identification:_identify(ros2/src/qcar2_navigation) by extension 'ignore_ament_install'
[3.768s] Level 1:colcon.colcon_core.package_identification:_identify(ros2/src/qcar2_navigation) by extensions ['colcon_pkg']
[3.768s] Level 1:colcon.colcon_core.package_identification:_identify(ros2/src/qcar2_navigation) by extension 'colcon_pkg'
[3.768s] Level 1:colcon.colcon_core.package_identification:_identify(ros2/src/qcar2_navigation) by extensions ['colcon_meta']
[3.768s] Level 1:colcon.colcon_core.package_identification:_identify(ros2/src/qcar2_navigation) by extension 'colcon_meta'
[3.768s] Level 1:colcon.colcon_core.package_identification:_identify(ros2/src/qcar2_navigation) by extensions ['ros']
[3.768s] Level 1:colcon.colcon_core.package_identification:_identify(ros2/src/qcar2_navigation) by extension 'ros'
[3.769s] DEBUG:colcon.colcon_core.package_identification:Package 'ros2/src/qcar2_navigation' with type 'ros.ament_cmake' and name 'qcar2_navigation'
[3.769s] Level 1:colcon.colcon_core.package_identification:_identify(ros2/src/qcar2_nodes) by extensions ['ignore', 'ignore_ament_install']
[3.769s] Level 1:colcon.colcon_core.package_identification:_identify(ros2/src/qcar2_nodes) by extension 'ignore'
[3.769s] Level 1:colcon.colcon_core.package_identification:_identify(ros2/src/qcar2_nodes) by extension 'ignore_ament_install'
[3.769s] Level 1:colcon.colcon_core.package_identification:_identify(ros2/src/qcar2_nodes) by extensions ['colcon_pkg']
[3.769s] Level 1:colcon.colcon_core.package_identification:_identify(ros2/src/qcar2_nodes) by extension 'colcon_pkg'
[3.769s] Level 1:colcon.colcon_core.package_identification:_identify(ros2/src/qcar2_nodes) by extensions ['colcon_meta']
[3.769s] Level 1:colcon.colcon_core.package_identification:_identify(ros2/src/qcar2_nodes) by extension 'colcon_meta'
[3.769s] Level 1:colcon.colcon_core.package_identification:_identify(ros2/src/qcar2_nodes) by extensions ['ros']
[3.769s] Level 1:colcon.colcon_core.package_identification:_identify(ros2/src/qcar2_nodes) by extension 'ros'
[3.771s] DEBUG:colcon.colcon_core.package_identification:Package 'ros2/src/qcar2_nodes' with type 'ros.ament_cmake' and name 'qcar2_nodes'
[3.771s] Level 1:colcon.colcon_core.package_discovery:discover_packages(recursive) using defaults
[3.771s] Level 1:colcon.colcon_core.package_discovery:discover_packages(ignore) discover
[3.771s] Level 1:colcon.colcon_core.package_discovery:discover_packages(ignore) using defaults
[3.771s] Level 1:colcon.colcon_core.package_discovery:discover_packages(path) discover
[3.771s] Level 1:colcon.colcon_core.package_discovery:discover_packages(path) using defaults
[3.871s] Level 1:colcon.colcon_core.package_discovery:discover_packages(prefix_path) check parameters
[3.871s] Level 1:colcon.colcon_core.package_discovery:discover_packages(prefix_path) discover
[3.904s] DEBUG:colcon.colcon_installed_package_information.package_discovery:Found 294 installed packages in /opt/ros/humble
[3.905s] Level 1:colcon.colcon_core.package_discovery:discover_packages(prefix_path) using defaults
[4.033s] Level 5:colcon.colcon_core.verb:set package 'qcar2_interfaces' build argument 'cmake_args' from command line to 'None'
[4.033s] Level 5:colcon.colcon_core.verb:set package 'qcar2_interfaces' build argument 'cmake_target' from command line to 'None'
[4.033s] Level 5:colcon.colcon_core.verb:set package 'qcar2_interfaces' build argument 'cmake_target_skip_unavailable' from command line to 'False'
[4.033s] Level 5:colcon.colcon_core.verb:set package 'qcar2_interfaces' build argument 'cmake_clean_cache' from command line to 'False'
[4.033s] Level 5:colcon.colcon_core.verb:set package 'qcar2_interfaces' build argument 'cmake_clean_first' from command line to 'False'
[4.033s] Level 5:colcon.colcon_core.verb:set package 'qcar2_interfaces' build argument 'cmake_force_configure' from command line to 'False'
[4.033s] Level 5:colcon.colcon_core.verb:set package 'qcar2_interfaces' build argument 'ament_cmake_args' from command line to 'None'
[4.033s] Level 5:colcon.colcon_core.verb:set package 'qcar2_interfaces' build argument 'catkin_cmake_args' from command line to 'None'
[4.033s] Level 5:colcon.colcon_core.verb:set package 'qcar2_interfaces' build argument 'catkin_skip_building_tests' from command line to 'False'
[4.033s] DEBUG:colcon.colcon_core.verb:Building package 'qcar2_interfaces' with the following arguments: {'ament_cmake_args': None, 'build_base': '/workspaces/isaac_ros-dev/build/qcar2_interfaces', 'catkin_cmake_args': None, 'catkin_skip_building_tests': False, 'cmake_args': None, 'cmake_clean_cache': False, 'cmake_clean_first': False, 'cmake_force_configure': False, 'cmake_target': None, 'cmake_target_skip_unavailable': False, 'install_base': '/workspaces/isaac_ros-dev/install/qcar2_interfaces', 'merge_install': False, 'path': '/workspaces/isaac_ros-dev/ros2/src/qcar2_interfaces', 'symlink_install': False, 'test_result_base': None}
[4.050s] Level 5:colcon.colcon_core.verb:set package 'qcar2_controller' build argument 'cmake_args' from command line to 'None'
[4.050s] Level 5:colcon.colcon_core.verb:set package 'qcar2_controller' build argument 'cmake_target' from command line to 'None'
[4.050s] Level 5:colcon.colcon_core.verb:set package 'qcar2_controller' build argument 'cmake_target_skip_unavailable' from command line to 'False'
[4.050s] Level 5:colcon.colcon_core.verb:set package 'qcar2_controller' build argument 'cmake_clean_cache' from command line to 'False'
[4.050s] Level 5:colcon.colcon_core.verb:set package 'qcar2_controller' build argument 'cmake_clean_first' from command line to 'False'
[4.050s] Level 5:colcon.colcon_core.verb:set package 'qcar2_controller' build argument 'cmake_force_configure' from command line to 'False'
[4.050s] Level 5:colcon.colcon_core.verb:set package 'qcar2_controller' build argument 'ament_cmake_args' from command line to 'None'
[4.050s] Level 5:colcon.colcon_core.verb:set package 'qcar2_controller' build argument 'catkin_cmake_args' from command line to 'None'
[4.050s] Level 5:colcon.colcon_core.verb:set package 'qcar2_controller' build argument 'catkin_skip_building_tests' from command line to 'False'
[4.050s] DEBUG:colcon.colcon_core.verb:Building package 'qcar2_controller' with the following arguments: {'ament_cmake_args': None, 'build_base': '/workspaces/isaac_ros-dev/build/qcar2_controller', 'catkin_cmake_args': None, 'catkin_skip_building_tests': False, 'cmake_args': None, 'cmake_clean_cache': False, 'cmake_clean_first': False, 'cmake_force_configure': False, 'cmake_target': None, 'cmake_target_skip_unavailable': False, 'install_base': '/workspaces/isaac_ros-dev/install/qcar2_controller', 'merge_install': False, 'path': '/workspaces/isaac_ros-dev/ros2/src/qcar2_controller', 'symlink_install': False, 'test_result_base': None}
[4.065s] Level 5:colcon.colcon_core.verb:set package 'qcar2_navigation' build argument 'cmake_args' from command line to 'None'
[4.065s] Level 5:colcon.colcon_core.verb:set package 'qcar2_navigation' build argument 'cmake_target' from command line to 'None'
[4.065s] Level 5:colcon.colcon_core.verb:set package 'qcar2_navigation' build argument 'cmake_target_skip_unavailable' from command line to 'False'
[4.065s] Level 5:colcon.colcon_core.verb:set package 'qcar2_navigation' build argument 'cmake_clean_cache' from command line to 'False'
[4.066s] Level 5:colcon.colcon_core.verb:set package 'qcar2_navigation' build argument 'cmake_clean_first' from command line to 'False'
[4.066s] Level 5:colcon.colcon_core.verb:set package 'qcar2_navigation' build argument 'cmake_force_configure' from command line to 'False'
[4.066s] Level 5:colcon.colcon_core.verb:set package 'qcar2_navigation' build argument 'ament_cmake_args' from command line to 'None'
[4.066s] Level 5:colcon.colcon_core.verb:set package 'qcar2_navigation' build argument 'catkin_cmake_args' from command line to 'None'
[4.066s] Level 5:colcon.colcon_core.verb:set package 'qcar2_navigation' build argument 'catkin_skip_building_tests' from command line to 'False'
[4.066s] DEBUG:colcon.colcon_core.verb:Building package 'qcar2_navigation' with the following arguments: {'ament_cmake_args': None, 'build_base': '/workspaces/isaac_ros-dev/build/qcar2_navigation', 'catkin_cmake_args': None, 'catkin_skip_building_tests': False, 'cmake_args': None, 'cmake_clean_cache': False, 'cmake_clean_first': False, 'cmake_force_configure': False, 'cmake_target': None, 'cmake_target_skip_unavailable': False, 'install_base': '/workspaces/isaac_ros-dev/install/qcar2_navigation', 'merge_install': False, 'path': '/workspaces/isaac_ros-dev/ros2/src/qcar2_navigation', 'symlink_install': False, 'test_result_base': None}
[4.082s] Level 5:colcon.colcon_core.verb:set package 'qcar2_nodes' build argument 'cmake_args' from command line to 'None'
[4.082s] Level 5:colcon.colcon_core.verb:set package 'qcar2_nodes' build argument 'cmake_target' from command line to 'None'
[4.082s] Level 5:colcon.colcon_core.verb:set package 'qcar2_nodes' build argument 'cmake_target_skip_unavailable' from command line to 'False'
[4.082s] Level 5:colcon.colcon_core.verb:set package 'qcar2_nodes' build argument 'cmake_clean_cache' from command line to 'False'
[4.082s] Level 5:colcon.colcon_core.verb:set package 'qcar2_nodes' build argument 'cmake_clean_first' from command line to 'False'
[4.082s] Level 5:colcon.colcon_core.verb:set package 'qcar2_nodes' build argument 'cmake_force_configure' from command line to 'False'
[4.082s] Level 5:colcon.colcon_core.verb:set package 'qcar2_nodes' build argument 'ament_cmake_args' from command line to 'None'
[4.082s] Level 5:colcon.colcon_core.verb:set package 'qcar2_nodes' build argument 'catkin_cmake_args' from command line to 'None'
[4.082s] Level 5:colcon.colcon_core.verb:set package 'qcar2_nodes' build argument 'catkin_skip_building_tests' from command line to 'False'
[4.082s] DEBUG:colcon.colcon_core.verb:Building package 'qcar2_nodes' with the following arguments: {'ament_cmake_args': None, 'build_base': '/workspaces/isaac_ros-dev/build/qcar2_nodes', 'catkin_cmake_args': None, 'catkin_skip_building_tests': False, 'cmake_args': None, 'cmake_clean_cache': False, 'cmake_clean_first': False, 'cmake_force_configure': False, 'cmake_target': None, 'cmake_target_skip_unavailable': False, 'install_base': '/workspaces/isaac_ros-dev/install/qcar2_nodes', 'merge_install': False, 'path': '/workspaces/isaac_ros-dev/ros2/src/qcar2_nodes', 'symlink_install': False, 'test_result_base': None}
[4.098s] INFO:colcon.colcon_core.executor:Executing jobs using 'parallel' executor
[4.115s] DEBUG:colcon.colcon_parallel_executor.executor.parallel:run_until_complete
[4.115s] INFO:colcon.colcon_ros.task.ament_cmake.build:Building ROS package in '/workspaces/isaac_ros-dev/ros2/src/qcar2_interfaces' with build type 'ament_cmake'
[4.115s] INFO:colcon.colcon_cmake.task.cmake.build:Building CMake package in '/workspaces/isaac_ros-dev/ros2/src/qcar2_interfaces'
[4.133s] INFO:colcon.colcon_core.plugin_system:Skipping extension 'colcon_core.shell.bat': Not used on non-Windows systems
[4.133s] INFO:colcon.colcon_core.shell:Skip shell extension 'powershell' for command environment: Not usable outside of PowerShell
[4.133s] DEBUG:colcon.colcon_core.shell:Skip shell extension 'dsv' for command environment
[4.178s] DEBUG:colcon.colcon_core.event_handler.log_command:Invoking command in '/workspaces/isaac_ros-dev/build/qcar2_interfaces': CMAKE_PREFIX_PATH=/opt/ros/humble /usr/bin/cmake --build /workspaces/isaac_ros-dev/build/qcar2_interfaces -- -j16 -l16
[4.805s] DEBUG:colcon.colcon_core.event_handler.log_command:Invoked command in '/workspaces/isaac_ros-dev/build/qcar2_interfaces' returned '0': CMAKE_PREFIX_PATH=/opt/ros/humble /usr/bin/cmake --build /workspaces/isaac_ros-dev/build/qcar2_interfaces -- -j16 -l16
[4.949s] DEBUG:colcon.colcon_core.event_handler.log_command:Invoking command in '/workspaces/isaac_ros-dev/build/qcar2_interfaces': CMAKE_PREFIX_PATH=/opt/ros/humble /usr/bin/cmake --install /workspaces/isaac_ros-dev/build/qcar2_interfaces
[5.008s] Level 1:colcon.colcon_core.environment:create_environment_scripts_only(qcar2_interfaces)
[5.019s] DEBUG:colcon.colcon_core.event_handler.log_command:Invoked command in '/workspaces/isaac_ros-dev/build/qcar2_interfaces' returned '0': CMAKE_PREFIX_PATH=/opt/ros/humble /usr/bin/cmake --install /workspaces/isaac_ros-dev/build/qcar2_interfaces
[5.043s] Level 1:colcon.colcon_core.environment:checking '/workspaces/isaac_ros-dev/install/qcar2_interfaces' for CMake module files
[5.045s] Level 1:colcon.colcon_core.environment:checking '/workspaces/isaac_ros-dev/install/qcar2_interfaces' for CMake config files
[5.046s] Level 1:colcon.colcon_core.shell:create_environment_hook('qcar2_interfaces', 'cmake_prefix_path')
[5.064s] INFO:colcon.colcon_core.shell:Creating environment hook '/workspaces/isaac_ros-dev/install/qcar2_interfaces/share/qcar2_interfaces/hook/cmake_prefix_path.ps1'
[5.064s] INFO:colcon.colcon_core.shell:Creating environment descriptor '/workspaces/isaac_ros-dev/install/qcar2_interfaces/share/qcar2_interfaces/hook/cmake_prefix_path.dsv'
[5.065s] INFO:colcon.colcon_core.shell:Creating environment hook '/workspaces/isaac_ros-dev/install/qcar2_interfaces/share/qcar2_interfaces/hook/cmake_prefix_path.sh'
[5.066s] Level 1:colcon.colcon_core.environment:checking '/workspaces/isaac_ros-dev/install/qcar2_interfaces/lib'
[5.066s] Level 1:colcon.colcon_core.shell:create_environment_hook('qcar2_interfaces', 'ld_library_path_lib')
[5.084s] INFO:colcon.colcon_core.shell:Creating environment hook '/workspaces/isaac_ros-dev/install/qcar2_interfaces/share/qcar2_interfaces/hook/ld_library_path_lib.ps1'
[5.084s] INFO:colcon.colcon_core.shell:Creating environment descriptor '/workspaces/isaac_ros-dev/install/qcar2_interfaces/share/qcar2_interfaces/hook/ld_library_path_lib.dsv'
[5.085s] INFO:colcon.colcon_core.shell:Creating environment hook '/workspaces/isaac_ros-dev/install/qcar2_interfaces/share/qcar2_interfaces/hook/ld_library_path_lib.sh'
[5.085s] Level 1:colcon.colcon_core.environment:checking '/workspaces/isaac_ros-dev/install/qcar2_interfaces/bin'
[5.085s] Level 1:colcon.colcon_core.environment:checking '/workspaces/isaac_ros-dev/install/qcar2_interfaces/lib/pkgconfig/qcar2_interfaces.pc'
[5.085s] Level 1:colcon.colcon_core.environment:checking '/workspaces/isaac_ros-dev/install/qcar2_interfaces/lib/python3.8/site-packages'
[5.085s] Level 1:colcon.colcon_core.shell:create_environment_hook('qcar2_interfaces', 'pythonpath')
[5.101s] INFO:colcon.colcon_core.shell:Creating environment hook '/workspaces/isaac_ros-dev/install/qcar2_interfaces/share/qcar2_interfaces/hook/pythonpath.ps1'
[5.102s] INFO:colcon.colcon_core.shell:Creating environment descriptor '/workspaces/isaac_ros-dev/install/qcar2_interfaces/share/qcar2_interfaces/hook/pythonpath.dsv'
[5.102s] INFO:colcon.colcon_core.shell:Creating environment hook '/workspaces/isaac_ros-dev/install/qcar2_interfaces/share/qcar2_interfaces/hook/pythonpath.sh'
[5.103s] Level 1:colcon.colcon_core.environment:checking '/workspaces/isaac_ros-dev/install/qcar2_interfaces/bin'
[5.119s] INFO:colcon.colcon_core.shell:Creating package script '/workspaces/isaac_ros-dev/install/qcar2_interfaces/share/qcar2_interfaces/package.ps1'
[5.120s] INFO:colcon.colcon_core.shell:Creating package descriptor '/workspaces/isaac_ros-dev/install/qcar2_interfaces/share/qcar2_interfaces/package.dsv'
[5.121s] INFO:colcon.colcon_core.shell:Creating package script '/workspaces/isaac_ros-dev/install/qcar2_interfaces/share/qcar2_interfaces/package.sh'
[5.122s] INFO:colcon.colcon_core.shell:Creating package script '/workspaces/isaac_ros-dev/install/qcar2_interfaces/share/qcar2_interfaces/package.bash'
[5.122s] INFO:colcon.colcon_core.shell:Creating package script '/workspaces/isaac_ros-dev/install/qcar2_interfaces/share/qcar2_interfaces/package.zsh'
[5.123s] Level 1:colcon.colcon_core.environment:create_file_with_runtime_dependencies(/workspaces/isaac_ros-dev/install/qcar2_interfaces/share/colcon-core/packages/qcar2_interfaces)
[5.271s] Level 1:colcon.colcon_core.environment:create_environment_scripts_only(qcar2_interfaces)
[5.290s] Level 1:colcon.colcon_core.environment:checking '/workspaces/isaac_ros-dev/install/qcar2_interfaces' for CMake module files
[5.291s] Level 1:colcon.colcon_core.environment:checking '/workspaces/isaac_ros-dev/install/qcar2_interfaces' for CMake config files
[5.292s] Level 1:colcon.colcon_core.shell:create_environment_hook('qcar2_interfaces', 'cmake_prefix_path')
[5.308s] INFO:colcon.colcon_core.shell:Creating environment hook '/workspaces/isaac_ros-dev/install/qcar2_interfaces/share/qcar2_interfaces/hook/cmake_prefix_path.ps1'
[5.308s] INFO:colcon.colcon_core.shell:Creating environment descriptor '/workspaces/isaac_ros-dev/install/qcar2_interfaces/share/qcar2_interfaces/hook/cmake_prefix_path.dsv'
[5.309s] INFO:colcon.colcon_core.shell:Creating environment hook '/workspaces/isaac_ros-dev/install/qcar2_interfaces/share/qcar2_interfaces/hook/cmake_prefix_path.sh'
[5.309s] Level 1:colcon.colcon_core.environment:checking '/workspaces/isaac_ros-dev/install/qcar2_interfaces/lib'
[5.309s] Level 1:colcon.colcon_core.shell:create_environment_hook('qcar2_interfaces', 'ld_library_path_lib')
[5.327s] INFO:colcon.colcon_core.shell:Creating environment hook '/workspaces/isaac_ros-dev/install/qcar2_interfaces/share/qcar2_interfaces/hook/ld_library_path_lib.ps1'
[5.328s] INFO:colcon.colcon_core.shell:Creating environment descriptor '/workspaces/isaac_ros-dev/install/qcar2_interfaces/share/qcar2_interfaces/hook/ld_library_path_lib.dsv'
[5.328s] INFO:colcon.colcon_core.shell:Creating environment hook '/workspaces/isaac_ros-dev/install/qcar2_interfaces/share/qcar2_interfaces/hook/ld_library_path_lib.sh'
[5.329s] Level 1:colcon.colcon_core.environment:checking '/workspaces/isaac_ros-dev/install/qcar2_interfaces/bin'
[5.329s] Level 1:colcon.colcon_core.environment:checking '/workspaces/isaac_ros-dev/install/qcar2_interfaces/lib/pkgconfig/qcar2_interfaces.pc'
[5.329s] Level 1:colcon.colcon_core.environment:checking '/workspaces/isaac_ros-dev/install/qcar2_interfaces/lib/python3.8/site-packages'
[5.329s] Level 1:colcon.colcon_core.shell:create_environment_hook('qcar2_interfaces', 'pythonpath')
[5.345s] INFO:colcon.colcon_core.shell:Creating environment hook '/workspaces/isaac_ros-dev/install/qcar2_interfaces/share/qcar2_interfaces/hook/pythonpath.ps1'
[5.346s] INFO:colcon.colcon_core.shell:Creating environment descriptor '/workspaces/isaac_ros-dev/install/qcar2_interfaces/share/qcar2_interfaces/hook/pythonpath.dsv'
[5.346s] INFO:colcon.colcon_core.shell:Creating environment hook '/workspaces/isaac_ros-dev/install/qcar2_interfaces/share/qcar2_interfaces/hook/pythonpath.sh'
[5.346s] Level 1:colcon.colcon_core.environment:checking '/workspaces/isaac_ros-dev/install/qcar2_interfaces/bin'
[5.362s] INFO:colcon.colcon_core.shell:Creating package script '/workspaces/isaac_ros-dev/install/qcar2_interfaces/share/qcar2_interfaces/package.ps1'
[5.363s] INFO:colcon.colcon_core.shell:Creating package descriptor '/workspaces/isaac_ros-dev/install/qcar2_interfaces/share/qcar2_interfaces/package.dsv'
[5.364s] INFO:colcon.colcon_core.shell:Creating package script '/workspaces/isaac_ros-dev/install/qcar2_interfaces/share/qcar2_interfaces/package.sh'
[5.364s] INFO:colcon.colcon_core.shell:Creating package script '/workspaces/isaac_ros-dev/install/qcar2_interfaces/share/qcar2_interfaces/package.bash'
[5.365s] INFO:colcon.colcon_core.shell:Creating package script '/workspaces/isaac_ros-dev/install/qcar2_interfaces/share/qcar2_interfaces/package.zsh'
[5.365s] Level 1:colcon.colcon_core.environment:create_file_with_runtime_dependencies(/workspaces/isaac_ros-dev/install/qcar2_interfaces/share/colcon-core/packages/qcar2_interfaces)
[5.366s] INFO:colcon.colcon_ros.task.ament_cmake.build:Building ROS package in '/workspaces/isaac_ros-dev/ros2/src/qcar2_controller' with build type 'ament_cmake'
[5.366s] INFO:colcon.colcon_cmake.task.cmake.build:Building CMake package in '/workspaces/isaac_ros-dev/ros2/src/qcar2_controller'
[5.382s] INFO:colcon.colcon_core.shell:Skip shell extension 'powershell' for command environment: Not usable outside of PowerShell
[5.382s] DEBUG:colcon.colcon_core.shell:Skip shell extension 'dsv' for command environment
[5.421s] INFO:colcon.colcon_ros.task.ament_cmake.build:Building ROS package in '/workspaces/isaac_ros-dev/ros2/src/qcar2_navigation' with build type 'ament_cmake'
[5.422s] INFO:colcon.colcon_cmake.task.cmake.build:Building CMake package in '/workspaces/isaac_ros-dev/ros2/src/qcar2_navigation'
[5.440s] INFO:colcon.colcon_core.shell:Skip shell extension 'powershell' for command environment: Not usable outside of PowerShell
[5.440s] DEBUG:colcon.colcon_core.shell:Skip shell extension 'dsv' for command environment
[5.478s] INFO:colcon.colcon_ros.task.ament_cmake.build:Building ROS package in '/workspaces/isaac_ros-dev/ros2/src/qcar2_nodes' with build type 'ament_cmake'
[5.478s] INFO:colcon.colcon_cmake.task.cmake.build:Building CMake package in '/workspaces/isaac_ros-dev/ros2/src/qcar2_nodes'
[5.496s] INFO:colcon.colcon_core.shell:Skip shell extension 'powershell' for command environment: Not usable outside of PowerShell
[5.497s] DEBUG:colcon.colcon_core.shell:Skip shell extension 'dsv' for command environment
[5.565s] DEBUG:colcon.colcon_core.event_handler.log_command:Invoking command in '/workspaces/isaac_ros-dev/build/qcar2_controller': AMENT_PREFIX_PATH=/workspaces/isaac_ros-dev/install/qcar2_interfaces:${AMENT_PREFIX_PATH} CMAKE_PREFIX_PATH=/workspaces/isaac_ros-dev/install/qcar2_interfaces:/opt/ros/humble LD_LIBRARY_PATH=/workspaces/isaac_ros-dev/install/qcar2_interfaces/lib:${LD_LIBRARY_PATH} PYTHONPATH=/workspaces/isaac_ros-dev/install/qcar2_interfaces/lib/python3.8/site-packages:${PYTHONPATH} /usr/bin/cmake --build /workspaces/isaac_ros-dev/build/qcar2_controller -- -j16 -l16
[5.571s] DEBUG:colcon.colcon_core.event_handler.log_command:Invoking command in '/workspaces/isaac_ros-dev/build/qcar2_navigation': AMENT_PREFIX_PATH=/workspaces/isaac_ros-dev/install/qcar2_interfaces:${AMENT_PREFIX_PATH} CMAKE_PREFIX_PATH=/workspaces/isaac_ros-dev/install/qcar2_interfaces:/opt/ros/humble LD_LIBRARY_PATH=/workspaces/isaac_ros-dev/install/qcar2_interfaces/lib:${LD_LIBRARY_PATH} PYTHONPATH=/workspaces/isaac_ros-dev/install/qcar2_interfaces/lib/python3.8/site-packages:${PYTHONPATH} /usr/bin/cmake --build /workspaces/isaac_ros-dev/build/qcar2_navigation -- -j16 -l16
[5.579s] DEBUG:colcon.colcon_core.event_handler.log_command:Invoking command in '/workspaces/isaac_ros-dev/build/qcar2_nodes': AMENT_PREFIX_PATH=/workspaces/isaac_ros-dev/install/qcar2_interfaces:${AMENT_PREFIX_PATH} CMAKE_PREFIX_PATH=/workspaces/isaac_ros-dev/install/qcar2_interfaces:/opt/ros/humble LD_LIBRARY_PATH=/workspaces/isaac_ros-dev/install/qcar2_interfaces/lib:${LD_LIBRARY_PATH} PYTHONPATH=/workspaces/isaac_ros-dev/install/qcar2_interfaces/lib/python3.8/site-packages:${PYTHONPATH} /usr/bin/cmake --build /workspaces/isaac_ros-dev/build/qcar2_nodes -- -j16 -l16
[5.638s] DEBUG:colcon.colcon_core.event_handler.log_command:Invoked command in '/workspaces/isaac_ros-dev/build/qcar2_nodes' returned '0': AMENT_PREFIX_PATH=/workspaces/isaac_ros-dev/install/qcar2_interfaces:${AMENT_PREFIX_PATH} CMAKE_PREFIX_PATH=/workspaces/isaac_ros-dev/install/qcar2_interfaces:/opt/ros/humble LD_LIBRARY_PATH=/workspaces/isaac_ros-dev/install/qcar2_interfaces/lib:${LD_LIBRARY_PATH} PYTHONPATH=/workspaces/isaac_ros-dev/install/qcar2_interfaces/lib/python3.8/site-packages:${PYTHONPATH} /usr/bin/cmake --build /workspaces/isaac_ros-dev/build/qcar2_nodes -- -j16 -l16
[5.731s] DEBUG:colcon.colcon_core.event_handler.log_command:Invoking command in '/workspaces/isaac_ros-dev/build/qcar2_nodes': AMENT_PREFIX_PATH=/workspaces/isaac_ros-dev/install/qcar2_interfaces:${AMENT_PREFIX_PATH} CMAKE_PREFIX_PATH=/workspaces/isaac_ros-dev/install/qcar2_interfaces:/opt/ros/humble LD_LIBRARY_PATH=/workspaces/isaac_ros-dev/install/qcar2_interfaces/lib:${LD_LIBRARY_PATH} PYTHONPATH=/workspaces/isaac_ros-dev/install/qcar2_interfaces/lib/python3.8/site-packages:${PYTHONPATH} /usr/bin/cmake --install /workspaces/isaac_ros-dev/build/qcar2_nodes
[5.741s] Level 1:colcon.colcon_core.environment:create_environment_scripts_only(qcar2_nodes)
[5.747s] DEBUG:colcon.colcon_core.event_handler.log_command:Invoked command in '/workspaces/isaac_ros-dev/build/qcar2_nodes' returned '0': AMENT_PREFIX_PATH=/workspaces/isaac_ros-dev/install/qcar2_interfaces:${AMENT_PREFIX_PATH} CMAKE_PREFIX_PATH=/workspaces/isaac_ros-dev/install/qcar2_interfaces:/opt/ros/humble LD_LIBRARY_PATH=/workspaces/isaac_ros-dev/install/qcar2_interfaces/lib:${LD_LIBRARY_PATH} PYTHONPATH=/workspaces/isaac_ros-dev/install/qcar2_interfaces/lib/python3.8/site-packages:${PYTHONPATH} /usr/bin/cmake --install /workspaces/isaac_ros-dev/build/qcar2_nodes
[5.760s] Level 1:colcon.colcon_core.environment:checking '/workspaces/isaac_ros-dev/install/qcar2_nodes' for CMake module files
[5.761s] Level 1:colcon.colcon_core.environment:checking '/workspaces/isaac_ros-dev/install/qcar2_nodes' for CMake config files
[5.761s] Level 1:colcon.colcon_core.shell:create_environment_hook('qcar2_nodes', 'cmake_prefix_path')
[5.777s] INFO:colcon.colcon_core.shell:Creating environment hook '/workspaces/isaac_ros-dev/install/qcar2_nodes/share/qcar2_nodes/hook/cmake_prefix_path.ps1'
[5.778s] INFO:colcon.colcon_core.shell:Creating environment descriptor '/workspaces/isaac_ros-dev/install/qcar2_nodes/share/qcar2_nodes/hook/cmake_prefix_path.dsv'
[5.778s] INFO:colcon.colcon_core.shell:Creating environment hook '/workspaces/isaac_ros-dev/install/qcar2_nodes/share/qcar2_nodes/hook/cmake_prefix_path.sh'
[5.779s] Level 1:colcon.colcon_core.environment:checking '/workspaces/isaac_ros-dev/install/qcar2_nodes/lib'
[5.779s] Level 1:colcon.colcon_core.environment:checking '/workspaces/isaac_ros-dev/install/qcar2_nodes/bin'
[5.779s] Level 1:colcon.colcon_core.environment:checking '/workspaces/isaac_ros-dev/install/qcar2_nodes/lib/pkgconfig/qcar2_nodes.pc'
[5.780s] Level 1:colcon.colcon_core.environment:checking '/workspaces/isaac_ros-dev/install/qcar2_nodes/lib/python3.8/site-packages'
[5.780s] Level 1:colcon.colcon_core.environment:checking '/workspaces/isaac_ros-dev/install/qcar2_nodes/bin'
[5.796s] INFO:colcon.colcon_core.shell:Creating package script '/workspaces/isaac_ros-dev/install/qcar2_nodes/share/qcar2_nodes/package.ps1'
[5.797s] INFO:colcon.colcon_core.shell:Creating package descriptor '/workspaces/isaac_ros-dev/install/qcar2_nodes/share/qcar2_nodes/package.dsv'
[5.797s] INFO:colcon.colcon_core.shell:Creating package script '/workspaces/isaac_ros-dev/install/qcar2_nodes/share/qcar2_nodes/package.sh'
[5.797s] INFO:colcon.colcon_core.shell:Creating package script '/workspaces/isaac_ros-dev/install/qcar2_nodes/share/qcar2_nodes/package.bash'
[5.798s] INFO:colcon.colcon_core.shell:Creating package script '/workspaces/isaac_ros-dev/install/qcar2_nodes/share/qcar2_nodes/package.zsh'
[5.798s] Level 1:colcon.colcon_core.environment:create_file_with_runtime_dependencies(/workspaces/isaac_ros-dev/install/qcar2_nodes/share/colcon-core/packages/qcar2_nodes)
[5.908s] Level 1:colcon.colcon_core.environment:create_environment_scripts_only(qcar2_nodes)
[5.926s] Level 1:colcon.colcon_core.environment:checking '/workspaces/isaac_ros-dev/install/qcar2_nodes' for CMake module files
[5.926s] Level 1:colcon.colcon_core.environment:checking '/workspaces/isaac_ros-dev/install/qcar2_nodes' for CMake config files
[5.927s] Level 1:colcon.colcon_core.shell:create_environment_hook('qcar2_nodes', 'cmake_prefix_path')
[5.943s] INFO:colcon.colcon_core.shell:Creating environment hook '/workspaces/isaac_ros-dev/install/qcar2_nodes/share/qcar2_nodes/hook/cmake_prefix_path.ps1'
[5.944s] INFO:colcon.colcon_core.shell:Creating environment descriptor '/workspaces/isaac_ros-dev/install/qcar2_nodes/share/qcar2_nodes/hook/cmake_prefix_path.dsv'
[5.944s] INFO:colcon.colcon_core.shell:Creating environment hook '/workspaces/isaac_ros-dev/install/qcar2_nodes/share/qcar2_nodes/hook/cmake_prefix_path.sh'
[5.945s] Level 1:colcon.colcon_core.environment:checking '/workspaces/isaac_ros-dev/install/qcar2_nodes/lib'
[5.945s] Level 1:colcon.colcon_core.environment:checking '/workspaces/isaac_ros-dev/install/qcar2_nodes/bin'
[5.945s] Level 1:colcon.colcon_core.environment:checking '/workspaces/isaac_ros-dev/install/qcar2_nodes/lib/pkgconfig/qcar2_nodes.pc'
[5.945s] Level 1:colcon.colcon_core.environment:checking '/workspaces/isaac_ros-dev/install/qcar2_nodes/lib/python3.8/site-packages'
[5.945s] Level 1:colcon.colcon_core.environment:checking '/workspaces/isaac_ros-dev/install/qcar2_nodes/bin'
[5.961s] INFO:colcon.colcon_core.shell:Creating package script '/workspaces/isaac_ros-dev/install/qcar2_nodes/share/qcar2_nodes/package.ps1'
[5.962s] INFO:colcon.colcon_core.shell:Creating package descriptor '/workspaces/isaac_ros-dev/install/qcar2_nodes/share/qcar2_nodes/package.dsv'
[5.962s] INFO:colcon.colcon_core.shell:Creating package script '/workspaces/isaac_ros-dev/install/qcar2_nodes/share/qcar2_nodes/package.sh'
[5.963s] INFO:colcon.colcon_core.shell:Creating package script '/workspaces/isaac_ros-dev/install/qcar2_nodes/share/qcar2_nodes/package.bash'
[5.963s] INFO:colcon.colcon_core.shell:Creating package script '/workspaces/isaac_ros-dev/install/qcar2_nodes/share/qcar2_nodes/package.zsh'
[5.963s] Level 1:colcon.colcon_core.environment:create_file_with_runtime_dependencies(/workspaces/isaac_ros-dev/install/qcar2_nodes/share/colcon-core/packages/qcar2_nodes)
[6.188s] DEBUG:colcon.colcon_core.event_handler.log_command:Invoked command in '/workspaces/isaac_ros-dev/build/qcar2_navigation' returned '0': AMENT_PREFIX_PATH=/workspaces/isaac_ros-dev/install/qcar2_interfaces:${AMENT_PREFIX_PATH} CMAKE_PREFIX_PATH=/workspaces/isaac_ros-dev/install/qcar2_interfaces:/opt/ros/humble LD_LIBRARY_PATH=/workspaces/isaac_ros-dev/install/qcar2_interfaces/lib:${LD_LIBRARY_PATH} PYTHONPATH=/workspaces/isaac_ros-dev/install/qcar2_interfaces/lib/python3.8/site-packages:${PYTHONPATH} /usr/bin/cmake --build /workspaces/isaac_ros-dev/build/qcar2_navigation -- -j16 -l16
[6.192s] DEBUG:colcon.colcon_core.event_handler.log_command:Invoked command in '/workspaces/isaac_ros-dev/build/qcar2_controller' returned '0': AMENT_PREFIX_PATH=/workspaces/isaac_ros-dev/install/qcar2_interfaces:${AMENT_PREFIX_PATH} CMAKE_PREFIX_PATH=/workspaces/isaac_ros-dev/install/qcar2_interfaces:/opt/ros/humble LD_LIBRARY_PATH=/workspaces/isaac_ros-dev/install/qcar2_interfaces/lib:${LD_LIBRARY_PATH} PYTHONPATH=/workspaces/isaac_ros-dev/install/qcar2_interfaces/lib/python3.8/site-packages:${PYTHONPATH} /usr/bin/cmake --build /workspaces/isaac_ros-dev/build/qcar2_controller -- -j16 -l16
[6.222s] DEBUG:colcon.colcon_core.event_handler.log_command:Invoking command in '/workspaces/isaac_ros-dev/build/qcar2_navigation': AMENT_PREFIX_PATH=/workspaces/isaac_ros-dev/install/qcar2_interfaces:${AMENT_PREFIX_PATH} CMAKE_PREFIX_PATH=/workspaces/isaac_ros-dev/install/qcar2_interfaces:/opt/ros/humble LD_LIBRARY_PATH=/workspaces/isaac_ros-dev/install/qcar2_interfaces/lib:${LD_LIBRARY_PATH} PYTHONPATH=/workspaces/isaac_ros-dev/install/qcar2_interfaces/lib/python3.8/site-packages:${PYTHONPATH} /usr/bin/cmake --install /workspaces/isaac_ros-dev/build/qcar2_navigation
[6.226s] DEBUG:colcon.colcon_core.event_handler.log_command:Invoking command in '/workspaces/isaac_ros-dev/build/qcar2_controller': AMENT_PREFIX_PATH=/workspaces/isaac_ros-dev/install/qcar2_interfaces:${AMENT_PREFIX_PATH} CMAKE_PREFIX_PATH=/workspaces/isaac_ros-dev/install/qcar2_interfaces:/opt/ros/humble LD_LIBRARY_PATH=/workspaces/isaac_ros-dev/install/qcar2_interfaces/lib:${LD_LIBRARY_PATH} PYTHONPATH=/workspaces/isaac_ros-dev/install/qcar2_interfaces/lib/python3.8/site-packages:${PYTHONPATH} /usr/bin/cmake --install /workspaces/isaac_ros-dev/build/qcar2_controller
[6.271s] Level 1:colcon.colcon_core.environment:create_environment_scripts_only(qcar2_navigation)
[6.272s] DEBUG:colcon.colcon_core.event_handler.log_command:Invoked command in '/workspaces/isaac_ros-dev/build/qcar2_navigation' returned '0': AMENT_PREFIX_PATH=/workspaces/isaac_ros-dev/install/qcar2_interfaces:${AMENT_PREFIX_PATH} CMAKE_PREFIX_PATH=/workspaces/isaac_ros-dev/install/qcar2_interfaces:/opt/ros/humble LD_LIBRARY_PATH=/workspaces/isaac_ros-dev/install/qcar2_interfaces/lib:${LD_LIBRARY_PATH} PYTHONPATH=/workspaces/isaac_ros-dev/install/qcar2_interfaces/lib/python3.8/site-packages:${PYTHONPATH} /usr/bin/cmake --install /workspaces/isaac_ros-dev/build/qcar2_navigation
[6.300s] Level 1:colcon.colcon_core.environment:checking '/workspaces/isaac_ros-dev/install/qcar2_navigation' for CMake module files
[6.300s] Level 1:colcon.colcon_core.environment:checking '/workspaces/isaac_ros-dev/install/qcar2_navigation' for CMake config files
[6.301s] Level 1:colcon.colcon_core.shell:create_environment_hook('qcar2_navigation', 'cmake_prefix_path')
[6.315s] INFO:colcon.colcon_core.shell:Creating environment hook '/workspaces/isaac_ros-dev/install/qcar2_navigation/share/qcar2_navigation/hook/cmake_prefix_path.ps1'
[6.316s] INFO:colcon.colcon_core.shell:Creating environment descriptor '/workspaces/isaac_ros-dev/install/qcar2_navigation/share/qcar2_navigation/hook/cmake_prefix_path.dsv'
[6.316s] INFO:colcon.colcon_core.shell:Creating environment hook '/workspaces/isaac_ros-dev/install/qcar2_navigation/share/qcar2_navigation/hook/cmake_prefix_path.sh'
[6.317s] Level 1:colcon.colcon_core.environment:checking '/workspaces/isaac_ros-dev/install/qcar2_navigation/lib'
[6.317s] Level 1:colcon.colcon_core.environment:checking '/workspaces/isaac_ros-dev/install/qcar2_navigation/bin'
[6.317s] Level 1:colcon.colcon_core.environment:checking '/workspaces/isaac_ros-dev/install/qcar2_navigation/lib/pkgconfig/qcar2_navigation.pc'
[6.317s] Level 1:colcon.colcon_core.environment:checking '/workspaces/isaac_ros-dev/install/qcar2_navigation/lib/python3.8/site-packages'
[6.318s] Level 1:colcon.colcon_core.shell:create_environment_hook('qcar2_navigation', 'pythonpath')
[6.332s] INFO:colcon.colcon_core.shell:Creating environment hook '/workspaces/isaac_ros-dev/install/qcar2_navigation/share/qcar2_navigation/hook/pythonpath.ps1'
[6.333s] INFO:colcon.colcon_core.shell:Creating environment descriptor '/workspaces/isaac_ros-dev/install/qcar2_navigation/share/qcar2_navigation/hook/pythonpath.dsv'
[6.334s] INFO:colcon.colcon_core.shell:Creating environment hook '/workspaces/isaac_ros-dev/install/qcar2_navigation/share/qcar2_navigation/hook/pythonpath.sh'
[6.334s] Level 1:colcon.colcon_core.environment:checking '/workspaces/isaac_ros-dev/install/qcar2_navigation/bin'
[6.350s] INFO:colcon.colcon_core.shell:Creating package script '/workspaces/isaac_ros-dev/install/qcar2_navigation/share/qcar2_navigation/package.ps1'
[6.350s] INFO:colcon.colcon_core.shell:Creating package descriptor '/workspaces/isaac_ros-dev/install/qcar2_navigation/share/qcar2_navigation/package.dsv'
[6.351s] INFO:colcon.colcon_core.shell:Creating package script '/workspaces/isaac_ros-dev/install/qcar2_navigation/share/qcar2_navigation/package.sh'
[6.351s] INFO:colcon.colcon_core.shell:Creating package script '/workspaces/isaac_ros-dev/install/qcar2_navigation/share/qcar2_navigation/package.bash'
[6.352s] INFO:colcon.colcon_core.shell:Creating package script '/workspaces/isaac_ros-dev/install/qcar2_navigation/share/qcar2_navigation/package.zsh'
[6.352s] Level 1:colcon.colcon_core.environment:create_file_with_runtime_dependencies(/workspaces/isaac_ros-dev/install/qcar2_navigation/share/colcon-core/packages/qcar2_navigation)
[6.357s] Level 1:colcon.colcon_core.environment:create_environment_scripts_only(qcar2_controller)
[6.357s] DEBUG:colcon.colcon_core.event_handler.log_command:Invoked command in '/workspaces/isaac_ros-dev/build/qcar2_controller' returned '0': AMENT_PREFIX_PATH=/workspaces/isaac_ros-dev/install/qcar2_interfaces:${AMENT_PREFIX_PATH} CMAKE_PREFIX_PATH=/workspaces/isaac_ros-dev/install/qcar2_interfaces:/opt/ros/humble LD_LIBRARY_PATH=/workspaces/isaac_ros-dev/install/qcar2_interfaces/lib:${LD_LIBRARY_PATH} PYTHONPATH=/workspaces/isaac_ros-dev/install/qcar2_interfaces/lib/python3.8/site-packages:${PYTHONPATH} /usr/bin/cmake --install /workspaces/isaac_ros-dev/build/qcar2_controller
[6.373s] Level 1:colcon.colcon_core.environment:checking '/workspaces/isaac_ros-dev/install/qcar2_controller' for CMake module files
[6.373s] Level 1:colcon.colcon_core.environment:checking '/workspaces/isaac_ros-dev/install/qcar2_controller' for CMake config files
[6.374s] Level 1:colcon.colcon_core.shell:create_environment_hook('qcar2_controller', 'cmake_prefix_path')
[6.389s] INFO:colcon.colcon_core.shell:Creating environment hook '/workspaces/isaac_ros-dev/install/qcar2_controller/share/qcar2_controller/hook/cmake_prefix_path.ps1'
[6.389s] INFO:colcon.colcon_core.shell:Creating environment descriptor '/workspaces/isaac_ros-dev/install/qcar2_controller/share/qcar2_controller/hook/cmake_prefix_path.dsv'
[6.390s] INFO:colcon.colcon_core.shell:Creating environment hook '/workspaces/isaac_ros-dev/install/qcar2_controller/share/qcar2_controller/hook/cmake_prefix_path.sh'
[6.390s] Level 1:colcon.colcon_core.environment:checking '/workspaces/isaac_ros-dev/install/qcar2_controller/lib'
[6.390s] Level 1:colcon.colcon_core.environment:checking '/workspaces/isaac_ros-dev/install/qcar2_controller/bin'
[6.390s] Level 1:colcon.colcon_core.environment:checking '/workspaces/isaac_ros-dev/install/qcar2_controller/lib/pkgconfig/qcar2_controller.pc'
[6.391s] Level 1:colcon.colcon_core.environment:checking '/workspaces/isaac_ros-dev/install/qcar2_controller/lib/python3.8/site-packages'
[6.391s] Level 1:colcon.colcon_core.shell:create_environment_hook('qcar2_controller', 'pythonpath')
[6.406s] INFO:colcon.colcon_core.shell:Creating environment hook '/workspaces/isaac_ros-dev/install/qcar2_controller/share/qcar2_controller/hook/pythonpath.ps1'
[6.406s] INFO:colcon.colcon_core.shell:Creating environment descriptor '/workspaces/isaac_ros-dev/install/qcar2_controller/share/qcar2_controller/hook/pythonpath.dsv'
[6.406s] INFO:colcon.colcon_core.shell:Creating environment hook '/workspaces/isaac_ros-dev/install/qcar2_controller/share/qcar2_controller/hook/pythonpath.sh'
[6.407s] Level 1:colcon.colcon_core.environment:checking '/workspaces/isaac_ros-dev/install/qcar2_controller/bin'
[6.422s] INFO:colcon.colcon_core.shell:Creating package script '/workspaces/isaac_ros-dev/install/qcar2_controller/share/qcar2_controller/package.ps1'
[6.423s] INFO:colcon.colcon_core.shell:Creating package descriptor '/workspaces/isaac_ros-dev/install/qcar2_controller/share/qcar2_controller/package.dsv'
[6.424s] INFO:colcon.colcon_core.shell:Creating package script '/workspaces/isaac_ros-dev/install/qcar2_controller/share/qcar2_controller/package.sh'
[6.424s] INFO:colcon.colcon_core.shell:Creating package script '/workspaces/isaac_ros-dev/install/qcar2_controller/share/qcar2_controller/package.bash'
[6.424s] INFO:colcon.colcon_core.shell:Creating package script '/workspaces/isaac_ros-dev/install/qcar2_controller/share/qcar2_controller/package.zsh'
[6.425s] Level 1:colcon.colcon_core.environment:create_file_with_runtime_dependencies(/workspaces/isaac_ros-dev/install/qcar2_controller/share/colcon-core/packages/qcar2_controller)
[6.446s] Level 1:colcon.colcon_core.environment:create_environment_scripts_only(qcar2_navigation)
[6.462s] Level 1:colcon.colcon_core.environment:checking '/workspaces/isaac_ros-dev/install/qcar2_navigation' for CMake module files
[6.463s] Level 1:colcon.colcon_core.environment:checking '/workspaces/isaac_ros-dev/install/qcar2_navigation' for CMake config files
[6.463s] Level 1:colcon.colcon_core.shell:create_environment_hook('qcar2_navigation', 'cmake_prefix_path')
[6.480s] INFO:colcon.colcon_core.shell:Creating environment hook '/workspaces/isaac_ros-dev/install/qcar2_navigation/share/qcar2_navigation/hook/cmake_prefix_path.ps1'
[6.481s] INFO:colcon.colcon_core.shell:Creating environment descriptor '/workspaces/isaac_ros-dev/install/qcar2_navigation/share/qcar2_navigation/hook/cmake_prefix_path.dsv'
[6.481s] INFO:colcon.colcon_core.shell:Creating environment hook '/workspaces/isaac_ros-dev/install/qcar2_navigation/share/qcar2_navigation/hook/cmake_prefix_path.sh'
[6.482s] Level 1:colcon.colcon_core.environment:checking '/workspaces/isaac_ros-dev/install/qcar2_navigation/lib'
[6.482s] Level 1:colcon.colcon_core.environment:checking '/workspaces/isaac_ros-dev/install/qcar2_navigation/bin'
[6.482s] Level 1:colcon.colcon_core.environment:checking '/workspaces/isaac_ros-dev/install/qcar2_navigation/lib/pkgconfig/qcar2_navigation.pc'
[6.483s] Level 1:colcon.colcon_core.environment:checking '/workspaces/isaac_ros-dev/install/qcar2_navigation/lib/python3.8/site-packages'
[6.483s] Level 1:colcon.colcon_core.shell:create_environment_hook('qcar2_navigation', 'pythonpath')
[6.499s] INFO:colcon.colcon_core.shell:Creating environment hook '/workspaces/isaac_ros-dev/install/qcar2_navigation/share/qcar2_navigation/hook/pythonpath.ps1'
[6.500s] INFO:colcon.colcon_core.shell:Creating environment descriptor '/workspaces/isaac_ros-dev/install/qcar2_navigation/share/qcar2_navigation/hook/pythonpath.dsv'
[6.500s] INFO:colcon.colcon_core.shell:Creating environment hook '/workspaces/isaac_ros-dev/install/qcar2_navigation/share/qcar2_navigation/hook/pythonpath.sh'
[6.501s] Level 1:colcon.colcon_core.environment:checking '/workspaces/isaac_ros-dev/install/qcar2_navigation/bin'
[6.517s] INFO:colcon.colcon_core.shell:Creating package script '/workspaces/isaac_ros-dev/install/qcar2_navigation/share/qcar2_navigation/package.ps1'
[6.518s] INFO:colcon.colcon_core.shell:Creating package descriptor '/workspaces/isaac_ros-dev/install/qcar2_navigation/share/qcar2_navigation/package.dsv'
[6.518s] INFO:colcon.colcon_core.shell:Creating package script '/workspaces/isaac_ros-dev/install/qcar2_navigation/share/qcar2_navigation/package.sh'
[6.519s] INFO:colcon.colcon_core.shell:Creating package script '/workspaces/isaac_ros-dev/install/qcar2_navigation/share/qcar2_navigation/package.bash'
[6.520s] INFO:colcon.colcon_core.shell:Creating package script '/workspaces/isaac_ros-dev/install/qcar2_navigation/share/qcar2_navigation/package.zsh'
[6.520s] Level 1:colcon.colcon_core.environment:create_file_with_runtime_dependencies(/workspaces/isaac_ros-dev/install/qcar2_navigation/share/colcon-core/packages/qcar2_navigation)
[6.538s] Level 1:colcon.colcon_core.environment:create_environment_scripts_only(qcar2_controller)
[6.556s] Level 1:colcon.colcon_core.environment:checking '/workspaces/isaac_ros-dev/install/qcar2_controller' for CMake module files
[6.557s] Level 1:colcon.colcon_core.environment:checking '/workspaces/isaac_ros-dev/install/qcar2_controller' for CMake config files
[6.557s] Level 1:colcon.colcon_core.shell:create_environment_hook('qcar2_controller', 'cmake_prefix_path')
[6.572s] INFO:colcon.colcon_core.shell:Creating environment hook '/workspaces/isaac_ros-dev/install/qcar2_controller/share/qcar2_controller/hook/cmake_prefix_path.ps1'
[6.572s] INFO:colcon.colcon_core.shell:Creating environment descriptor '/workspaces/isaac_ros-dev/install/qcar2_controller/share/qcar2_controller/hook/cmake_prefix_path.dsv'
[6.573s] INFO:colcon.colcon_core.shell:Creating environment hook '/workspaces/isaac_ros-dev/install/qcar2_controller/share/qcar2_controller/hook/cmake_prefix_path.sh'
[6.573s] Level 1:colcon.colcon_core.environment:checking '/workspaces/isaac_ros-dev/install/qcar2_controller/lib'
[6.573s] Level 1:colcon.colcon_core.environment:checking '/workspaces/isaac_ros-dev/install/qcar2_controller/bin'
[6.573s] Level 1:colcon.colcon_core.environment:checking '/workspaces/isaac_ros-dev/install/qcar2_controller/lib/pkgconfig/qcar2_controller.pc'
[6.574s] Level 1:colcon.colcon_core.environment:checking '/workspaces/isaac_ros-dev/install/qcar2_controller/lib/python3.8/site-packages'
[6.574s] Level 1:colcon.colcon_core.shell:create_environment_hook('qcar2_controller', 'pythonpath')
[6.588s] INFO:colcon.colcon_core.shell:Creating environment hook '/workspaces/isaac_ros-dev/install/qcar2_controller/share/qcar2_controller/hook/pythonpath.ps1'
[6.589s] INFO:colcon.colcon_core.shell:Creating environment descriptor '/workspaces/isaac_ros-dev/install/qcar2_controller/share/qcar2_controller/hook/pythonpath.dsv'
[6.589s] INFO:colcon.colcon_core.shell:Creating environment hook '/workspaces/isaac_ros-dev/install/qcar2_controller/share/qcar2_controller/hook/pythonpath.sh'
[6.590s] Level 1:colcon.colcon_core.environment:checking '/workspaces/isaac_ros-dev/install/qcar2_controller/bin'
[6.605s] INFO:colcon.colcon_core.shell:Creating package script '/workspaces/isaac_ros-dev/install/qcar2_controller/share/qcar2_controller/package.ps1'
[6.606s] INFO:colcon.colcon_core.shell:Creating package descriptor '/workspaces/isaac_ros-dev/install/qcar2_controller/share/qcar2_controller/package.dsv'
[6.606s] INFO:colcon.colcon_core.shell:Creating package script '/workspaces/isaac_ros-dev/install/qcar2_controller/share/qcar2_controller/package.sh'
[6.607s] INFO:colcon.colcon_core.shell:Creating package script '/workspaces/isaac_ros-dev/install/qcar2_controller/share/qcar2_controller/package.bash'
[6.607s] INFO:colcon.colcon_core.shell:Creating package script '/workspaces/isaac_ros-dev/install/qcar2_controller/share/qcar2_controller/package.zsh'
[6.608s] Level 1:colcon.colcon_core.environment:create_file_with_runtime_dependencies(/workspaces/isaac_ros-dev/install/qcar2_controller/share/colcon-core/packages/qcar2_controller)
[6.608s] DEBUG:colcon.colcon_parallel_executor.executor.parallel:closing loop
[6.608s] DEBUG:colcon.colcon_parallel_executor.executor.parallel:loop closed
[6.609s] DEBUG:colcon.colcon_parallel_executor.executor.parallel:run_until_complete finished with '0'
[6.609s] DEBUG:colcon.colcon_core.event_reactor:joining thread
[6.635s] INFO:colcon.colcon_core.plugin_system:Skipping extension 'colcon_notification.desktop_notification.notify_send': Could not find 'notify-send'
[6.635s] INFO:colcon.colcon_core.plugin_system:Skipping extension 'colcon_notification.desktop_notification.terminal_notifier': Not used on non-Darwin systems
[6.635s] INFO:colcon.colcon_core.plugin_system:Skipping extension 'colcon_notification.desktop_notification.win32': Not used on non-Windows systems
[6.636s] INFO:colcon.colcon_notification.desktop_notification:Sending desktop notification using 'notify2'
[6.638s] DEBUG:colcon.colcon_notification.desktop_notification.notify2:Failed to initialize notify2: org.freedesktop.DBus.Error.Spawn.ExecFailed: /usr/bin/dbus-launch terminated abnormally without any error message
[6.638s] DEBUG:colcon.colcon_core.event_reactor:joined thread
[6.656s] INFO:colcon.colcon_core.shell:Creating prefix script '/workspaces/isaac_ros-dev/install/local_setup.ps1'
[6.657s] INFO:colcon.colcon_core.shell:Creating prefix util module '/workspaces/isaac_ros-dev/install/_local_setup_util_ps1.py'
[6.658s] INFO:colcon.colcon_core.shell:Creating prefix chain script '/workspaces/isaac_ros-dev/install/setup.ps1'
[6.675s] INFO:colcon.colcon_core.shell:Creating prefix script '/workspaces/isaac_ros-dev/install/local_setup.sh'
[6.676s] INFO:colcon.colcon_core.shell:Creating prefix util module '/workspaces/isaac_ros-dev/install/_local_setup_util_sh.py'
[6.677s] INFO:colcon.colcon_core.shell:Creating prefix chain script '/workspaces/isaac_ros-dev/install/setup.sh'
[6.694s] INFO:colcon.colcon_core.shell:Creating prefix script '/workspaces/isaac_ros-dev/install/local_setup.bash'
[6.695s] INFO:colcon.colcon_core.shell:Creating prefix chain script '/workspaces/isaac_ros-dev/install/setup.bash'
[6.711s] INFO:colcon.colcon_core.shell:Creating prefix script '/workspaces/isaac_ros-dev/install/local_setup.zsh'
[6.712s] INFO:colcon.colcon_core.shell:Creating prefix chain script '/workspaces/isaac_ros-dev/install/setup.zsh'
